00:12:06.510 [INFO] [org.gradle.launcher.daemon.server.health.gc.GarbageCollectionMonitor] Unable to determine a garbage collection monitoring strategy for JVMStrategy{JetBrains s.r.o version 1.8.0_112-release}
00:12:06.519 [INFO] [org.gradle.launcher.daemon.server.Daemon] start() called on daemon - DefaultDaemonContext[uid=2a889c5b-5458-4b5f-a963-ff278ad1974e,javaHome=/Applications/Android Studio.app/Contents/jre/jdk/Contents/Home,daemonRegistryDir=/Users/apple/Desktop/AwesomeProject/android/gradle/wrapper/daemon,pid=6493,idleTimeout=10800000,daemonOpts=-XX:MaxPermSize=256m,-XX:+HeapDumpOnOutOfMemoryError,-Xmx1024m,-Dfile.encoding=UTF-8,-Duser.country=US,-Duser.language=en,-Duser.variant]
00:12:06.526 [DEBUG] [org.gradle.launcher.daemon.server.DaemonStateCoordinator] updating lastActivityAt to 1492985526526
00:12:06.548 [DEBUG] [org.gradle.internal.remote.internal.inet.InetAddressFactory] Adding IP addresses for network interface lo0
00:12:06.549 [DEBUG] [org.gradle.internal.remote.internal.inet.InetAddressFactory] Is this a loopback interface? true
00:12:06.549 [DEBUG] [org.gradle.internal.remote.internal.inet.InetAddressFactory] Is this a multicast interface? true
00:12:06.550 [DEBUG] [org.gradle.internal.remote.internal.inet.InetAddressFactory] Ignoring remote address on loopback interface /fe80:0:0:0:0:0:0:1%lo0
00:12:06.555 [DEBUG] [org.gradle.internal.remote.internal.inet.InetAddressFactory] Adding loopback address /0:0:0:0:0:0:0:1
00:12:06.555 [DEBUG] [org.gradle.internal.remote.internal.inet.InetAddressFactory] Adding loopback address /127.0.0.1
00:12:06.556 [DEBUG] [org.gradle.internal.remote.internal.inet.InetAddressFactory] Adding loopback multicast interface lo0
00:12:06.560 [DEBUG] [org.gradle.internal.remote.internal.inet.InetAddressFactory] No remote addresses, using fallback apples-MacBook-Pro-2.local/127.0.0.1
00:12:06.565 [DEBUG] [org.gradle.internal.remote.internal.inet.TcpIncomingConnector] Listening on [3d9960c0-5cdf-4561-8d77-de59fe4d837f port:63143, addresses:[/0:0:0:0:0:0:0:1, /127.0.0.1]].
00:12:06.568 [DEBUG] [org.gradle.launcher.daemon.server.Daemon] Daemon starting at: Mon Apr 24 00:12:06 EET 2017, with address: [3d9960c0-5cdf-4561-8d77-de59fe4d837f port:63143, addresses:[/0:0:0:0:0:0:0:1, /127.0.0.1]]
00:12:06.569 [INFO] [org.gradle.launcher.daemon.server.DomainRegistryUpdater] Advertising the daemon address to the clients: [3d9960c0-5cdf-4561-8d77-de59fe4d837f port:63143, addresses:[/0:0:0:0:0:0:0:1, /127.0.0.1]]
00:12:06.569 [DEBUG] [org.gradle.launcher.daemon.server.DomainRegistryUpdater] Advertised daemon context: DefaultDaemonContext[uid=2a889c5b-5458-4b5f-a963-ff278ad1974e,javaHome=/Applications/Android Studio.app/Contents/jre/jdk/Contents/Home,daemonRegistryDir=/Users/apple/Desktop/AwesomeProject/android/gradle/wrapper/daemon,pid=6493,idleTimeout=10800000,daemonOpts=-XX:MaxPermSize=256m,-XX:+HeapDumpOnOutOfMemoryError,-Xmx1024m,-Dfile.encoding=UTF-8,-Duser.country=US,-Duser.language=en,-Duser.variant]
00:12:06.571 [DEBUG] [org.gradle.launcher.daemon.registry.PersistentDaemonRegistry] Storing daemon address: [3d9960c0-5cdf-4561-8d77-de59fe4d837f port:63143, addresses:[/0:0:0:0:0:0:0:1, /127.0.0.1]], context: DefaultDaemonContext[uid=2a889c5b-5458-4b5f-a963-ff278ad1974e,javaHome=/Applications/Android Studio.app/Contents/jre/jdk/Contents/Home,daemonRegistryDir=/Users/apple/Desktop/AwesomeProject/android/gradle/wrapper/daemon,pid=6493,idleTimeout=10800000,daemonOpts=-XX:MaxPermSize=256m,-XX:+HeapDumpOnOutOfMemoryError,-Xmx1024m,-Dfile.encoding=UTF-8,-Duser.country=US,-Duser.language=en,-Duser.variant]
00:12:06.582 [DEBUG] [org.gradle.cache.internal.DefaultFileLockManager] Waiting to acquire exclusive lock on daemon addresses registry.
00:12:06.585 [DEBUG] [org.gradle.cache.internal.DefaultFileLockManager] Lock acquired.
00:12:06.680 [DEBUG] [org.gradle.cache.internal.DefaultFileLockManager] Releasing lock on daemon addresses registry.
00:12:06.681 [LIFECYCLE] [org.gradle.launcher.daemon.server.Daemon] Daemon server started.
00:12:06.684 [DEBUG] [org.gradle.launcher.daemon.bootstrap.DaemonStartupCommunication] Completed writing the daemon greeting. Closing streams...
00:12:06.711 [DEBUG] [org.gradle.internal.remote.internal.inet.TcpIncomingConnector] Accepted connection from /127.0.0.1:63144 to /127.0.0.1:63143.
00:12:06.800 [DEBUG] [org.gradle.launcher.daemon.server.SynchronizedDispatchConnection] thread 14: received class org.gradle.launcher.daemon.protocol.Build
00:12:06.801 [DEBUG] [org.gradle.launcher.daemon.server.DefaultDaemonConnection] thread 14: Received non-IO message from client: Build{id=bcf2189e-3c74-4650-bda9-1fb8dde48f02.1, currentDir=/Users/apple/Desktop/AwesomeProject/android}
00:12:06.802 [INFO] [org.gradle.launcher.daemon.server.DefaultIncomingConnectionHandler] Received command: Build{id=bcf2189e-3c74-4650-bda9-1fb8dde48f02.1, currentDir=/Users/apple/Desktop/AwesomeProject/android}.
00:12:06.802 [DEBUG] [org.gradle.launcher.daemon.server.DefaultIncomingConnectionHandler] Starting executing command: Build{id=bcf2189e-3c74-4650-bda9-1fb8dde48f02.1, currentDir=/Users/apple/Desktop/AwesomeProject/android} with connection: socket connection from /127.0.0.1:63143 to /127.0.0.1:63144.
00:12:06.809 [DEBUG] [org.gradle.launcher.daemon.server.Daemon] stopOnExpiration() called on daemon
00:12:06.812 [DEBUG] [org.gradle.launcher.daemon.server.Daemon] awaitExpiration() called on daemon
00:12:06.813 [DEBUG] [org.gradle.launcher.daemon.server.DaemonStateCoordinator] daemon is running. Sleeping until state changes.
00:12:06.817 [DEBUG] [org.gradle.launcher.daemon.server.DaemonStateCoordinator] Command execution: started DaemonCommandExecution[command = Build{id=bcf2189e-3c74-4650-bda9-1fb8dde48f02.1, currentDir=/Users/apple/Desktop/AwesomeProject/android}, connection = org.gradle.launcher.daemon.server.DefaultDaemonConnection@df1b0ce] after 0.0 minutes of idle
00:12:06.818 [INFO] [org.gradle.launcher.daemon.server.DomainRegistryUpdater] Marking the daemon as busy, address: [3d9960c0-5cdf-4561-8d77-de59fe4d837f port:63143, addresses:[/0:0:0:0:0:0:0:1, /127.0.0.1]]
00:12:06.818 [DEBUG] [org.gradle.launcher.daemon.registry.PersistentDaemonRegistry] Marking busy by address: [3d9960c0-5cdf-4561-8d77-de59fe4d837f port:63143, addresses:[/0:0:0:0:0:0:0:1, /127.0.0.1]]
00:12:06.819 [DEBUG] [org.gradle.cache.internal.DefaultFileLockManager] Waiting to acquire exclusive lock on daemon addresses registry.
00:12:06.820 [DEBUG] [org.gradle.cache.internal.DefaultFileLockManager] Lock acquired.
00:12:06.824 [DEBUG] [org.gradle.cache.internal.DefaultFileLockManager] Releasing lock on daemon addresses registry.
00:12:06.825 [DEBUG] [org.gradle.launcher.daemon.server.DaemonStateCoordinator] updating lastActivityAt to 1492985526825
00:12:06.825 [DEBUG] [org.gradle.launcher.daemon.server.DaemonStateCoordinator] daemon is running. Sleeping until state changes.
00:12:06.826 [INFO] [org.gradle.launcher.daemon.server.exec.StartBuildOrRespondWithBusy] Daemon is about to start building Build{id=bcf2189e-3c74-4650-bda9-1fb8dde48f02.1, currentDir=/Users/apple/Desktop/AwesomeProject/android}. Dispatching build started information...
00:12:06.828 [DEBUG] [org.gradle.launcher.daemon.server.SynchronizedDispatchConnection] thread 17: dispatching class org.gradle.launcher.daemon.protocol.BuildStarted
00:12:06.833 [DEBUG] [org.gradle.launcher.daemon.server.exec.EstablishBuildEnvironment] Configuring env variables: {PATH=/usr/bin:/bin:/usr/sbin:/sbin, SSH_AUTH_SOCK=/private/tmp/com.apple.launchd.qaqQxRYiG2/Listeners, XPC_FLAGS=0x0, SHELL=/bin/bash, __CF_USER_TEXT_ENCODING=0x1F5:0x0:0x0, Apple_PubSub_Socket_Render=/private/tmp/com.apple.launchd.M7ivl4A0Mq/Render, LOGNAME=apple, USER=apple, XPC_SERVICE_NAME=com.google.android.studio.157152, HOME=/Users/apple, TMPDIR=/var/folders/6b/fbn5s3lx1t39zzl364qb01lr0000gn/T/}
00:12:06.845 [DEBUG] [org.gradle.launcher.daemon.server.SynchronizedDispatchConnection] thread 14: received class org.gradle.launcher.daemon.protocol.CloseInput
00:12:06.846 [DEBUG] [org.gradle.launcher.daemon.server.DefaultDaemonConnection] thread 14: Received IO message from client: org.gradle.launcher.daemon.protocol.CloseInput@7b8a4431
00:12:06.846 [DEBUG] [org.gradle.launcher.daemon.server.exec.LogToClient] About to start relaying all logs to the client via the connection.
00:12:06.847 [INFO] [org.gradle.launcher.daemon.server.exec.LogToClient] The client will now receive all logging from the daemon (pid: 6493). The daemon log file: /Users/apple/Desktop/AwesomeProject/android/gradle/wrapper/daemon/2.14.1/daemon-6493.out.log
00:12:06.861 [INFO] [org.gradle.launcher.daemon.server.health.DaemonHealthTracker] Starting build in new daemon [memory: 954.7 MB]
00:12:06.863 [INFO] [org.gradle.launcher.daemon.server.exec.ForwardClientInput] Closing daemon's stdin at end of input.
00:12:06.864 [INFO] [org.gradle.launcher.daemon.server.exec.ForwardClientInput] The daemon will no longer process any standard input.
00:12:06.868 [DEBUG] [org.gradle.launcher.daemon.server.exec.ExecuteBuild] The daemon has started executing the build.
00:12:06.869 [INFO] [org.gradle.launcher.daemon.server.exec.ExecuteBuild] Executing build with daemon context: DefaultDaemonContext[uid=2a889c5b-5458-4b5f-a963-ff278ad1974e,javaHome=/Applications/Android Studio.app/Contents/jre/jdk/Contents/Home,daemonRegistryDir=/Users/apple/Desktop/AwesomeProject/android/gradle/wrapper/daemon,pid=6493,idleTimeout=10800000,daemonOpts=-XX:MaxPermSize=256m,-XX:+HeapDumpOnOutOfMemoryError,-Xmx1024m,-Dfile.encoding=UTF-8,-Duser.country=US,-Duser.language=en,-Duser.variant]
Configuration on demand is an incubating feature.
Incremental java compilation is an incubating feature.
:app:preBuild UP-TO-DATE
:app:preDebugBuild UP-TO-DATE
:app:checkDebugManifest
:app:preReleaseBuild UP-TO-DATE
:app:prepareComAndroidSupportAppcompatV72301Library UP-TO-DATE
:app:prepareComAndroidSupportRecyclerviewV72340Library UP-TO-DATE
:app:prepareComAndroidSupportSupportV42340Library UP-TO-DATE
:app:prepareComFacebookFbuiTextlayoutbuilderTextlayoutbuilder100Library
:app:prepareComFacebookFrescoDrawee101Library
:app:prepareComFacebookFrescoFbcore101Library
:app:prepareComFacebookFrescoFresco101Library
:app:prepareComFacebookFrescoImagepipeline101Library
:app:prepareComFacebookFrescoImagepipelineBase101Library
:app:prepareComFacebookFrescoImagepipelineOkhttp3101Library
:app:prepareComFacebookReactReactNative0433Library UP-TO-DATE
:app:prepareComFacebookSoloaderSoloader010Library
:app:prepareOrgWebkitAndroidJscR174650Library
:app:prepareDebugDependencies
:app:compileDebugAidl UP-TO-DATE
:app:compileDebugRenderscript UP-TO-DATE
:app:generateDebugBuildConfig UP-TO-DATE
:app:generateDebugResValues UP-TO-DATE
:app:generateDebugResources UP-TO-DATE
:app:mergeDebugResources UP-TO-DATE
:app:processDebugManifest UP-TO-DATE
:app:processDebugResources
:app:generateDebugSources
:app:incrementalDebugJavaCompilationSafeguard UP-TO-DATE
:app:compileDebugJavaWithJavac
Full recompilation is required because at least one of the classes of removed jar 'okhttp-3.4.1.jar' requires it. Analysis took 0.127 secs.
:app:compileDebugNdk UP-TO-DATE
:app:compileDebugSources
:app:mergeDebugShaders UP-TO-DATE
:app:compileDebugShaders UP-TO-DATE
:app:generateDebugAssets UP-TO-DATE
:app:mergeDebugAssets UP-TO-DATE
:app:transformClassesWithDexForDebug
Running dex in-process requires build tools 23.0.2.
For faster builds update this project to use the latest build tools.
:app:mergeDebugJniLibFolders UP-TO-DATE
:app:transformNative_libsWithMergeJniLibsForDebug
:app:processDebugJavaRes UP-TO-DATE
:app:transformResourcesWithMergeJavaResForDebug
:app:validateSigningDebug
:app:packageDebug
:app:assembleDebug

BUILD SUCCESSFUL

Total time: 58.847 secs
00:13:03.443 [DEBUG] [org.gradle.cache.internal.btree.BTreePersistentIndexedCache] Closing cache fileSnapshots.bin (/Users/apple/Desktop/AwesomeProject/android/.gradle/2.14.1/taskArtifacts/fileSnapshots.bin)
00:13:03.444 [DEBUG] [org.gradle.cache.internal.btree.BTreePersistentIndexedCache] Closing cache taskArtifacts.bin (/Users/apple/Desktop/AwesomeProject/android/.gradle/2.14.1/taskArtifacts/taskArtifacts.bin)
00:13:03.444 [DEBUG] [org.gradle.cache.internal.btree.BTreePersistentIndexedCache] Closing cache fileSnapshotsToTreeSnapshotsIndex.bin (/Users/apple/Desktop/AwesomeProject/android/.gradle/2.14.1/taskArtifacts/fileSnapshotsToTreeSnapshotsIndex.bin)
00:13:03.444 [DEBUG] [org.gradle.cache.internal.btree.BTreePersistentIndexedCache] Closing cache fileHashes.bin (/Users/apple/Desktop/AwesomeProject/android/.gradle/2.14.1/taskArtifacts/fileHashes.bin)
00:13:03.445 [DEBUG] [org.gradle.cache.internal.DefaultFileLockManager] Releasing lock on task history cache (/Users/apple/Desktop/AwesomeProject/android/.gradle/2.14.1/taskArtifacts).
00:13:03.453 [DEBUG] [org.gradle.cache.internal.btree.BTreePersistentIndexedCache] Closing cache classAnalysis.bin (/Users/apple/Desktop/AwesomeProject/android/gradle/wrapper/caches/2.14.1/classAnalysis/classAnalysis.bin)
00:13:03.461 [DEBUG] [org.gradle.cache.internal.DefaultFileLockManager] Releasing lock on class analysis cache (/Users/apple/Desktop/AwesomeProject/android/gradle/wrapper/caches/2.14.1/classAnalysis).
00:13:03.463 [DEBUG] [org.gradle.cache.internal.btree.BTreePersistentIndexedCache] Closing cache jarSnapshots.bin (/Users/apple/Desktop/AwesomeProject/android/gradle/wrapper/caches/2.14.1/jarSnapshots/jarSnapshots.bin)
00:13:03.468 [DEBUG] [org.gradle.cache.internal.DefaultFileLockManager] Releasing lock on jar snapshots cache (/Users/apple/Desktop/AwesomeProject/android/gradle/wrapper/caches/2.14.1/jarSnapshots).
00:13:03.469 [DEBUG] [org.gradle.api.internal.artifacts.ivyservice.ivyresolve.memcache.InMemoryCachedRepositoryFactory] In-memory dependency metadata cache closed. Repos cached: 30, cache instances: 7, modules served from cache: 401, artifacts: 101
00:13:03.470 [DEBUG] [org.gradle.cache.internal.DefaultCacheAccess] Cache Generated Gradle JARs cache (/Users/apple/Desktop/AwesomeProject/android/gradle/wrapper/caches/2.14.1/generated-gradle-jars) was closed 0 times.
00:13:03.470 [DEBUG] [org.gradle.cache.internal.btree.BTreePersistentIndexedCache] Closing cache module-metadata.bin (/Users/apple/Desktop/AwesomeProject/android/gradle/wrapper/caches/modules-2/metadata-2.16/module-metadata.bin)
00:13:03.470 [DEBUG] [org.gradle.cache.internal.btree.BTreePersistentIndexedCache] Closing cache artifact-at-repository.bin (/Users/apple/Desktop/AwesomeProject/android/gradle/wrapper/caches/modules-2/metadata-2.16/artifact-at-repository.bin)
00:13:03.471 [DEBUG] [org.gradle.cache.internal.btree.BTreePersistentIndexedCache] Closing cache module-artifacts.bin (/Users/apple/Desktop/AwesomeProject/android/gradle/wrapper/caches/modules-2/metadata-2.16/module-artifacts.bin)
00:13:03.471 [DEBUG] [org.gradle.cache.internal.btree.BTreePersistentIndexedCache] Closing cache module-versions.bin (/Users/apple/Desktop/AwesomeProject/android/gradle/wrapper/caches/modules-2/metadata-2.16/module-versions.bin)
00:13:03.471 [DEBUG] [org.gradle.cache.internal.DefaultFileLockManager] Releasing lock on artifact cache (/Users/apple/Desktop/AwesomeProject/android/gradle/wrapper/caches/modules-2).
00:13:03.472 [DEBUG] [org.gradle.api.internal.artifacts.ivyservice.resolveengine.store.CachedStoreFactory] Resolution result cache closed. Cache reads: 0, disk reads: 0 (avg: 0.0 secs, total: 0.0 secs)
00:13:03.473 [DEBUG] [org.gradle.api.internal.artifacts.ivyservice.resolveengine.store.CachedStoreFactory] Resolution result cache closed. Cache reads: 0, disk reads: 4 (avg: 0.002 secs, total: 0.008 secs)
00:13:03.473 [DEBUG] [org.gradle.api.internal.artifacts.ivyservice.resolveengine.store.ResolutionResultsStoreFactory] Deleted 2 resolution results binary files in 0.001 secs
00:13:03.476 [DEBUG] [org.gradle.cache.internal.DefaultCacheAccess] Cache Plugin Resolution Cache (/Users/apple/Desktop/AwesomeProject/android/gradle/wrapper/caches/2.14.1/plugin-resolution) was closed 0 times.
00:13:03.477 [DEBUG] [org.gradle.api.internal.tasks.compile.daemon.CompilerDaemonManager] Stopping 0 compiler daemon(s).
00:13:03.478 [INFO] [org.gradle.api.internal.tasks.compile.daemon.CompilerDaemonManager] Stopped 0 compiler daemon(s).
00:13:03.478 [DEBUG] [org.gradle.cache.internal.DefaultCacheAccess] Cache jars (/Users/apple/Desktop/AwesomeProject/android/gradle/wrapper/caches/jars-1) was closed 0 times.
00:13:03.478 [DEBUG] [org.gradle.launcher.daemon.server.exec.ExecuteBuild] The daemon has finished executing the build.
00:13:03.910 [DEBUG] [org.gradle.launcher.daemon.server.DaemonStateCoordinator] daemon is running. Sleeping until state changes.
00:13:03.911 [DEBUG] [org.gradle.launcher.daemon.server.DaemonStateCoordinator] Command execution: finished waiting for DaemonCommandExecution[command = Build{id=bcf2189e-3c74-4650-bda9-1fb8dde48f02.1, currentDir=/Users/apple/Desktop/AwesomeProject/android}, connection = org.gradle.launcher.daemon.server.DefaultDaemonConnection@df1b0ce]. Result org.gradle.launcher.daemon.server.DaemonStateCoordinator@18976426 with state Running
00:13:03.911 [DEBUG] [org.gradle.launcher.daemon.server.DaemonStateCoordinator] Command execution: completed DaemonCommandExecution[command = Build{id=bcf2189e-3c74-4650-bda9-1fb8dde48f02.1, currentDir=/Users/apple/Desktop/AwesomeProject/android}, connection = org.gradle.launcher.daemon.server.DefaultDaemonConnection@df1b0ce]
00:13:03.912 [DEBUG] [org.gradle.launcher.daemon.server.DaemonStateCoordinator] updating lastActivityAt to 1492985583912
00:13:03.912 [INFO] [org.gradle.launcher.daemon.server.DomainRegistryUpdater] Marking the daemon as idle, address: [3d9960c0-5cdf-4561-8d77-de59fe4d837f port:63143, addresses:[/0:0:0:0:0:0:0:1, /127.0.0.1]]
00:13:03.912 [DEBUG] [org.gradle.launcher.daemon.registry.PersistentDaemonRegistry] Marking idle by address: [3d9960c0-5cdf-4561-8d77-de59fe4d837f port:63143, addresses:[/0:0:0:0:0:0:0:1, /127.0.0.1]]
00:13:03.913 [DEBUG] [org.gradle.cache.internal.DefaultFileLockManager] Waiting to acquire exclusive lock on daemon addresses registry.
00:13:03.914 [DEBUG] [org.gradle.cache.internal.DefaultFileLockManager] Lock acquired.
00:13:03.917 [DEBUG] [org.gradle.cache.internal.DefaultFileLockManager] Releasing lock on daemon addresses registry.
00:13:03.917 [DEBUG] [org.gradle.launcher.daemon.server.DaemonStateCoordinator] daemon is running. Sleeping until state changes.
00:13:03.917 [DEBUG] [org.gradle.launcher.daemon.server.exec.ReturnResult] Daemon is dispatching the build result: Success[value=org.gradle.tooling.internal.provider.BuildActionResult@310ec0e6]
00:13:03.918 [DEBUG] [org.gradle.launcher.daemon.server.SynchronizedDispatchConnection] thread 13: dispatching class org.gradle.launcher.daemon.protocol.Success
00:13:03.921 [DEBUG] [org.gradle.launcher.daemon.server.DefaultIncomingConnectionHandler] Finishing executing command: Build{id=bcf2189e-3c74-4650-bda9-1fb8dde48f02.1, currentDir=/Users/apple/Desktop/AwesomeProject/android}
00:13:03.931 [DEBUG] [org.gradle.launcher.daemon.server.SynchronizedDispatchConnection] thread 14: received class org.gradle.launcher.daemon.protocol.Finished
00:13:03.931 [DEBUG] [org.gradle.launcher.daemon.server.DefaultDaemonConnection] thread 14: Received non-IO message from client: org.gradle.launcher.daemon.protocol.Finished@2e2dac1f
00:13:03.932 [DEBUG] [org.gradle.internal.remote.internal.inet.SocketConnection] Discarding EOFException: java.io.EOFException
00:13:03.932 [DEBUG] [org.gradle.launcher.daemon.server.SynchronizedDispatchConnection] thread 14: received null
00:13:03.932 [DEBUG] [org.gradle.launcher.daemon.server.DefaultDaemonConnection] thread 14: Received end-of-input from client.
00:13:03.932 [DEBUG] [org.gradle.launcher.daemon.server.DefaultIncomingConnectionHandler] Received finished message: null
00:13:03.933 [DEBUG] [org.gradle.launcher.daemon.server.SynchronizedDispatchConnection] thread 13: stopping connection
00:13:03.936 [DEBUG] [org.gradle.launcher.daemon.server.SynchronizedDispatchConnection] thread 13: stopping connection
00:13:06.815 [DEBUG] [org.gradle.launcher.daemon.server.Daemon] DaemonExpirationPeriodicCheck running
00:13:06.816 [DEBUG] [org.gradle.cache.internal.DefaultFileLockManager] Waiting to acquire shared lock on daemon addresses registry.
00:13:06.817 [DEBUG] [org.gradle.cache.internal.DefaultFileLockManager] Lock acquired.
00:13:06.818 [DEBUG] [org.gradle.cache.internal.DefaultFileLockManager] Releasing lock on daemon addresses registry.
00:14:06.818 [DEBUG] [org.gradle.launcher.daemon.server.Daemon] DaemonExpirationPeriodicCheck running
00:14:06.819 [DEBUG] [org.gradle.cache.internal.DefaultFileLockManager] Waiting to acquire shared lock on daemon addresses registry.
00:14:06.819 [DEBUG] [org.gradle.cache.internal.DefaultFileLockManager] Lock acquired.
00:14:06.821 [DEBUG] [org.gradle.cache.internal.DefaultFileLockManager] Releasing lock on daemon addresses registry.
00:15:06.817 [DEBUG] [org.gradle.launcher.daemon.server.Daemon] DaemonExpirationPeriodicCheck running
00:15:06.818 [DEBUG] [org.gradle.cache.internal.DefaultFileLockManager] Waiting to acquire shared lock on daemon addresses registry.
00:15:06.818 [DEBUG] [org.gradle.cache.internal.DefaultFileLockManager] Lock acquired.
00:15:06.819 [DEBUG] [org.gradle.cache.internal.DefaultFileLockManager] Releasing lock on daemon addresses registry.
00:16:06.822 [DEBUG] [org.gradle.launcher.daemon.server.Daemon] DaemonExpirationPeriodicCheck running
00:16:06.823 [DEBUG] [org.gradle.cache.internal.DefaultFileLockManager] Waiting to acquire shared lock on daemon addresses registry.
00:16:06.823 [DEBUG] [org.gradle.cache.internal.DefaultFileLockManager] Lock acquired.
00:16:06.824 [DEBUG] [org.gradle.cache.internal.DefaultFileLockManager] Releasing lock on daemon addresses registry.
00:17:06.825 [DEBUG] [org.gradle.launcher.daemon.server.Daemon] DaemonExpirationPeriodicCheck running
00:17:06.826 [DEBUG] [org.gradle.cache.internal.DefaultFileLockManager] Waiting to acquire shared lock on daemon addresses registry.
00:17:06.826 [DEBUG] [org.gradle.cache.internal.DefaultFileLockManager] Lock acquired.
00:17:06.827 [DEBUG] [org.gradle.cache.internal.DefaultFileLockManager] Releasing lock on daemon addresses registry.
00:18:06.825 [DEBUG] [org.gradle.launcher.daemon.server.Daemon] DaemonExpirationPeriodicCheck running
00:18:06.826 [DEBUG] [org.gradle.cache.internal.DefaultFileLockManager] Waiting to acquire shared lock on daemon addresses registry.
00:18:06.826 [DEBUG] [org.gradle.cache.internal.DefaultFileLockManager] Lock acquired.
00:18:06.829 [DEBUG] [org.gradle.cache.internal.DefaultFileLockManager] Releasing lock on daemon addresses registry.
00:19:06.825 [DEBUG] [org.gradle.launcher.daemon.server.Daemon] DaemonExpirationPeriodicCheck running
00:19:06.826 [DEBUG] [org.gradle.cache.internal.DefaultFileLockManager] Waiting to acquire shared lock on daemon addresses registry.
00:19:06.826 [DEBUG] [org.gradle.cache.internal.DefaultFileLockManager] Lock acquired.
00:19:06.828 [DEBUG] [org.gradle.cache.internal.DefaultFileLockManager] Releasing lock on daemon addresses registry.
00:20:06.829 [DEBUG] [org.gradle.launcher.daemon.server.Daemon] DaemonExpirationPeriodicCheck running
00:20:06.830 [DEBUG] [org.gradle.cache.internal.DefaultFileLockManager] Waiting to acquire shared lock on daemon addresses registry.
00:20:06.830 [DEBUG] [org.gradle.cache.internal.DefaultFileLockManager] Lock acquired.
00:20:06.831 [DEBUG] [org.gradle.cache.internal.DefaultFileLockManager] Releasing lock on daemon addresses registry.
00:21:06.831 [DEBUG] [org.gradle.launcher.daemon.server.Daemon] DaemonExpirationPeriodicCheck running
00:21:06.833 [DEBUG] [org.gradle.cache.internal.DefaultFileLockManager] Waiting to acquire shared lock on daemon addresses registry.
00:21:06.833 [DEBUG] [org.gradle.cache.internal.DefaultFileLockManager] Lock acquired.
00:21:06.835 [DEBUG] [org.gradle.cache.internal.DefaultFileLockManager] Releasing lock on daemon addresses registry.
00:22:06.833 [DEBUG] [org.gradle.launcher.daemon.server.Daemon] DaemonExpirationPeriodicCheck running
00:22:06.834 [DEBUG] [org.gradle.cache.internal.DefaultFileLockManager] Waiting to acquire shared lock on daemon addresses registry.
00:22:06.834 [DEBUG] [org.gradle.cache.internal.DefaultFileLockManager] Lock acquired.
00:22:06.835 [DEBUG] [org.gradle.cache.internal.DefaultFileLockManager] Releasing lock on daemon addresses registry.
00:23:06.830 [DEBUG] [org.gradle.launcher.daemon.server.Daemon] DaemonExpirationPeriodicCheck running
00:23:06.831 [DEBUG] [org.gradle.cache.internal.DefaultFileLockManager] Waiting to acquire shared lock on daemon addresses registry.
00:23:06.831 [DEBUG] [org.gradle.cache.internal.DefaultFileLockManager] Lock acquired.
00:23:06.833 [DEBUG] [org.gradle.cache.internal.DefaultFileLockManager] Releasing lock on daemon addresses registry.
00:24:06.836 [DEBUG] [org.gradle.launcher.daemon.server.Daemon] DaemonExpirationPeriodicCheck running
00:24:06.837 [DEBUG] [org.gradle.cache.internal.DefaultFileLockManager] Waiting to acquire shared lock on daemon addresses registry.
00:24:06.837 [DEBUG] [org.gradle.cache.internal.DefaultFileLockManager] Lock acquired.
00:24:06.838 [DEBUG] [org.gradle.cache.internal.DefaultFileLockManager] Releasing lock on daemon addresses registry.
00:25:06.836 [DEBUG] [org.gradle.launcher.daemon.server.Daemon] DaemonExpirationPeriodicCheck running
00:25:06.837 [DEBUG] [org.gradle.cache.internal.DefaultFileLockManager] Waiting to acquire shared lock on daemon addresses registry.
00:25:06.837 [DEBUG] [org.gradle.cache.internal.DefaultFileLockManager] Lock acquired.
00:25:06.838 [DEBUG] [org.gradle.cache.internal.DefaultFileLockManager] Releasing lock on daemon addresses registry.
00:26:06.838 [DEBUG] [org.gradle.launcher.daemon.server.Daemon] DaemonExpirationPeriodicCheck running
00:26:06.839 [DEBUG] [org.gradle.cache.internal.DefaultFileLockManager] Waiting to acquire shared lock on daemon addresses registry.
00:26:06.839 [DEBUG] [org.gradle.cache.internal.DefaultFileLockManager] Lock acquired.
00:26:06.840 [DEBUG] [org.gradle.cache.internal.DefaultFileLockManager] Releasing lock on daemon addresses registry.
00:27:06.839 [DEBUG] [org.gradle.launcher.daemon.server.Daemon] DaemonExpirationPeriodicCheck running
00:27:06.840 [DEBUG] [org.gradle.cache.internal.DefaultFileLockManager] Waiting to acquire shared lock on daemon addresses registry.
00:27:06.840 [DEBUG] [org.gradle.cache.internal.DefaultFileLockManager] Lock acquired.
00:27:06.842 [DEBUG] [org.gradle.cache.internal.DefaultFileLockManager] Releasing lock on daemon addresses registry.
00:28:07.889 [DEBUG] [org.gradle.launcher.daemon.server.Daemon] DaemonExpirationPeriodicCheck running
00:28:07.890 [DEBUG] [org.gradle.cache.internal.DefaultFileLockManager] Waiting to acquire shared lock on daemon addresses registry.
00:28:07.890 [DEBUG] [org.gradle.cache.internal.DefaultFileLockManager] Lock acquired.
00:28:07.891 [DEBUG] [org.gradle.cache.internal.DefaultFileLockManager] Releasing lock on daemon addresses registry.
00:29:07.905 [DEBUG] [org.gradle.launcher.daemon.server.Daemon] DaemonExpirationPeriodicCheck running
00:29:07.906 [DEBUG] [org.gradle.cache.internal.DefaultFileLockManager] Waiting to acquire shared lock on daemon addresses registry.
00:29:07.906 [DEBUG] [org.gradle.cache.internal.DefaultFileLockManager] Lock acquired.
00:29:07.907 [DEBUG] [org.gradle.cache.internal.DefaultFileLockManager] Releasing lock on daemon addresses registry.
00:30:07.917 [DEBUG] [org.gradle.launcher.daemon.server.Daemon] DaemonExpirationPeriodicCheck running
00:30:07.918 [DEBUG] [org.gradle.cache.internal.DefaultFileLockManager] Waiting to acquire shared lock on daemon addresses registry.
00:30:07.918 [DEBUG] [org.gradle.cache.internal.DefaultFileLockManager] Lock acquired.
00:30:07.920 [DEBUG] [org.gradle.cache.internal.DefaultFileLockManager] Releasing lock on daemon addresses registry.
00:31:07.931 [DEBUG] [org.gradle.launcher.daemon.server.Daemon] DaemonExpirationPeriodicCheck running
00:31:07.932 [DEBUG] [org.gradle.cache.internal.DefaultFileLockManager] Waiting to acquire shared lock on daemon addresses registry.
00:31:07.932 [DEBUG] [org.gradle.cache.internal.DefaultFileLockManager] Lock acquired.
00:31:07.933 [DEBUG] [org.gradle.cache.internal.DefaultFileLockManager] Releasing lock on daemon addresses registry.
00:32:07.950 [DEBUG] [org.gradle.launcher.daemon.server.Daemon] DaemonExpirationPeriodicCheck running
00:32:07.951 [DEBUG] [org.gradle.cache.internal.DefaultFileLockManager] Waiting to acquire shared lock on daemon addresses registry.
00:32:07.951 [DEBUG] [org.gradle.cache.internal.DefaultFileLockManager] Lock acquired.
00:32:07.952 [DEBUG] [org.gradle.cache.internal.DefaultFileLockManager] Releasing lock on daemon addresses registry.
00:33:07.966 [DEBUG] [org.gradle.launcher.daemon.server.Daemon] DaemonExpirationPeriodicCheck running
00:33:07.967 [DEBUG] [org.gradle.cache.internal.DefaultFileLockManager] Waiting to acquire shared lock on daemon addresses registry.
00:33:07.968 [DEBUG] [org.gradle.cache.internal.DefaultFileLockManager] Lock acquired.
00:33:07.968 [DEBUG] [org.gradle.cache.internal.DefaultFileLockManager] Releasing lock on daemon addresses registry.
00:34:07.977 [DEBUG] [org.gradle.launcher.daemon.server.Daemon] DaemonExpirationPeriodicCheck running
00:34:07.978 [DEBUG] [org.gradle.cache.internal.DefaultFileLockManager] Waiting to acquire shared lock on daemon addresses registry.
00:34:07.979 [DEBUG] [org.gradle.cache.internal.DefaultFileLockManager] Lock acquired.
00:34:07.980 [DEBUG] [org.gradle.cache.internal.DefaultFileLockManager] Releasing lock on daemon addresses registry.
00:35:07.997 [DEBUG] [org.gradle.launcher.daemon.server.Daemon] DaemonExpirationPeriodicCheck running
00:35:07.998 [DEBUG] [org.gradle.cache.internal.DefaultFileLockManager] Waiting to acquire shared lock on daemon addresses registry.
00:35:07.999 [DEBUG] [org.gradle.cache.internal.DefaultFileLockManager] Lock acquired.
00:35:08.000 [DEBUG] [org.gradle.cache.internal.DefaultFileLockManager] Releasing lock on daemon addresses registry.
00:36:08.013 [DEBUG] [org.gradle.launcher.daemon.server.Daemon] DaemonExpirationPeriodicCheck running
00:36:08.014 [DEBUG] [org.gradle.cache.internal.DefaultFileLockManager] Waiting to acquire shared lock on daemon addresses registry.
00:36:08.014 [DEBUG] [org.gradle.cache.internal.DefaultFileLockManager] Lock acquired.
00:36:08.015 [DEBUG] [org.gradle.cache.internal.DefaultFileLockManager] Releasing lock on daemon addresses registry.
00:37:08.028 [DEBUG] [org.gradle.launcher.daemon.server.Daemon] DaemonExpirationPeriodicCheck running
00:37:08.029 [DEBUG] [org.gradle.cache.internal.DefaultFileLockManager] Waiting to acquire shared lock on daemon addresses registry.
00:37:08.030 [DEBUG] [org.gradle.cache.internal.DefaultFileLockManager] Lock acquired.
00:37:08.030 [DEBUG] [org.gradle.cache.internal.DefaultFileLockManager] Releasing lock on daemon addresses registry.
00:38:08.043 [DEBUG] [org.gradle.launcher.daemon.server.Daemon] DaemonExpirationPeriodicCheck running
00:38:08.044 [DEBUG] [org.gradle.cache.internal.DefaultFileLockManager] Waiting to acquire shared lock on daemon addresses registry.
00:38:08.044 [DEBUG] [org.gradle.cache.internal.DefaultFileLockManager] Lock acquired.
00:38:08.045 [DEBUG] [org.gradle.cache.internal.DefaultFileLockManager] Releasing lock on daemon addresses registry.
00:39:08.059 [DEBUG] [org.gradle.launcher.daemon.server.Daemon] DaemonExpirationPeriodicCheck running
00:39:08.060 [DEBUG] [org.gradle.cache.internal.DefaultFileLockManager] Waiting to acquire shared lock on daemon addresses registry.
00:39:08.061 [DEBUG] [org.gradle.cache.internal.DefaultFileLockManager] Lock acquired.
00:39:08.062 [DEBUG] [org.gradle.cache.internal.DefaultFileLockManager] Releasing lock on daemon addresses registry.
00:40:08.074 [DEBUG] [org.gradle.launcher.daemon.server.Daemon] DaemonExpirationPeriodicCheck running
00:40:08.075 [DEBUG] [org.gradle.cache.internal.DefaultFileLockManager] Waiting to acquire shared lock on daemon addresses registry.
00:40:08.076 [DEBUG] [org.gradle.cache.internal.DefaultFileLockManager] Lock acquired.
00:40:08.077 [DEBUG] [org.gradle.cache.internal.DefaultFileLockManager] Releasing lock on daemon addresses registry.
00:41:08.089 [DEBUG] [org.gradle.launcher.daemon.server.Daemon] DaemonExpirationPeriodicCheck running
00:41:08.090 [DEBUG] [org.gradle.cache.internal.DefaultFileLockManager] Waiting to acquire shared lock on daemon addresses registry.
00:41:08.091 [DEBUG] [org.gradle.cache.internal.DefaultFileLockManager] Lock acquired.
00:41:08.091 [DEBUG] [org.gradle.cache.internal.DefaultFileLockManager] Releasing lock on daemon addresses registry.
00:42:08.101 [DEBUG] [org.gradle.launcher.daemon.server.Daemon] DaemonExpirationPeriodicCheck running
00:42:08.101 [DEBUG] [org.gradle.cache.internal.DefaultFileLockManager] Waiting to acquire shared lock on daemon addresses registry.
00:42:08.102 [DEBUG] [org.gradle.cache.internal.DefaultFileLockManager] Lock acquired.
00:42:08.102 [DEBUG] [org.gradle.cache.internal.DefaultFileLockManager] Releasing lock on daemon addresses registry.
00:43:08.120 [DEBUG] [org.gradle.launcher.daemon.server.Daemon] DaemonExpirationPeriodicCheck running
00:43:08.121 [DEBUG] [org.gradle.cache.internal.DefaultFileLockManager] Waiting to acquire shared lock on daemon addresses registry.
00:43:08.121 [DEBUG] [org.gradle.cache.internal.DefaultFileLockManager] Lock acquired.
00:43:08.122 [DEBUG] [org.gradle.cache.internal.DefaultFileLockManager] Releasing lock on daemon addresses registry.
00:44:08.136 [DEBUG] [org.gradle.launcher.daemon.server.Daemon] DaemonExpirationPeriodicCheck running
00:44:08.137 [DEBUG] [org.gradle.cache.internal.DefaultFileLockManager] Waiting to acquire shared lock on daemon addresses registry.
00:44:08.137 [DEBUG] [org.gradle.cache.internal.DefaultFileLockManager] Lock acquired.
00:44:08.138 [DEBUG] [org.gradle.cache.internal.DefaultFileLockManager] Releasing lock on daemon addresses registry.
00:45:08.151 [DEBUG] [org.gradle.launcher.daemon.server.Daemon] DaemonExpirationPeriodicCheck running
00:45:08.152 [DEBUG] [org.gradle.cache.internal.DefaultFileLockManager] Waiting to acquire shared lock on daemon addresses registry.
00:45:08.153 [DEBUG] [org.gradle.cache.internal.DefaultFileLockManager] Lock acquired.
00:45:08.153 [DEBUG] [org.gradle.cache.internal.DefaultFileLockManager] Releasing lock on daemon addresses registry.
00:46:08.162 [DEBUG] [org.gradle.launcher.daemon.server.Daemon] DaemonExpirationPeriodicCheck running
00:46:08.163 [DEBUG] [org.gradle.cache.internal.DefaultFileLockManager] Waiting to acquire shared lock on daemon addresses registry.
00:46:08.163 [DEBUG] [org.gradle.cache.internal.DefaultFileLockManager] Lock acquired.
00:46:08.164 [DEBUG] [org.gradle.cache.internal.DefaultFileLockManager] Releasing lock on daemon addresses registry.
00:47:08.178 [DEBUG] [org.gradle.launcher.daemon.server.Daemon] DaemonExpirationPeriodicCheck running
00:47:08.179 [DEBUG] [org.gradle.cache.internal.DefaultFileLockManager] Waiting to acquire shared lock on daemon addresses registry.
00:47:08.179 [DEBUG] [org.gradle.cache.internal.DefaultFileLockManager] Lock acquired.
00:47:08.181 [DEBUG] [org.gradle.cache.internal.DefaultFileLockManager] Releasing lock on daemon addresses registry.
00:48:08.197 [DEBUG] [org.gradle.launcher.daemon.server.Daemon] DaemonExpirationPeriodicCheck running
00:48:08.197 [DEBUG] [org.gradle.cache.internal.DefaultFileLockManager] Waiting to acquire shared lock on daemon addresses registry.
00:48:08.198 [DEBUG] [org.gradle.cache.internal.DefaultFileLockManager] Lock acquired.
00:48:08.199 [DEBUG] [org.gradle.cache.internal.DefaultFileLockManager] Releasing lock on daemon addresses registry.
00:49:08.212 [DEBUG] [org.gradle.launcher.daemon.server.Daemon] DaemonExpirationPeriodicCheck running
00:49:08.212 [DEBUG] [org.gradle.cache.internal.DefaultFileLockManager] Waiting to acquire shared lock on daemon addresses registry.
00:49:08.213 [DEBUG] [org.gradle.cache.internal.DefaultFileLockManager] Lock acquired.
00:49:08.213 [DEBUG] [org.gradle.cache.internal.DefaultFileLockManager] Releasing lock on daemon addresses registry.
00:50:08.226 [DEBUG] [org.gradle.launcher.daemon.server.Daemon] DaemonExpirationPeriodicCheck running
00:50:08.227 [DEBUG] [org.gradle.cache.internal.DefaultFileLockManager] Waiting to acquire shared lock on daemon addresses registry.
00:50:08.227 [DEBUG] [org.gradle.cache.internal.DefaultFileLockManager] Lock acquired.
00:50:08.228 [DEBUG] [org.gradle.cache.internal.DefaultFileLockManager] Releasing lock on daemon addresses registry.
00:51:08.239 [DEBUG] [org.gradle.launcher.daemon.server.Daemon] DaemonExpirationPeriodicCheck running
00:51:08.240 [DEBUG] [org.gradle.cache.internal.DefaultFileLockManager] Waiting to acquire shared lock on daemon addresses registry.
00:51:08.240 [DEBUG] [org.gradle.cache.internal.DefaultFileLockManager] Lock acquired.
00:51:08.241 [DEBUG] [org.gradle.cache.internal.DefaultFileLockManager] Releasing lock on daemon addresses registry.
00:52:08.259 [DEBUG] [org.gradle.launcher.daemon.server.Daemon] DaemonExpirationPeriodicCheck running
00:52:08.260 [DEBUG] [org.gradle.cache.internal.DefaultFileLockManager] Waiting to acquire shared lock on daemon addresses registry.
00:52:08.260 [DEBUG] [org.gradle.cache.internal.DefaultFileLockManager] Lock acquired.
00:52:08.261 [DEBUG] [org.gradle.cache.internal.DefaultFileLockManager] Releasing lock on daemon addresses registry.
00:53:08.274 [DEBUG] [org.gradle.launcher.daemon.server.Daemon] DaemonExpirationPeriodicCheck running
00:53:08.275 [DEBUG] [org.gradle.cache.internal.DefaultFileLockManager] Waiting to acquire shared lock on daemon addresses registry.
00:53:08.276 [DEBUG] [org.gradle.cache.internal.DefaultFileLockManager] Lock acquired.
00:53:08.277 [DEBUG] [org.gradle.cache.internal.DefaultFileLockManager] Releasing lock on daemon addresses registry.
00:54:08.286 [DEBUG] [org.gradle.launcher.daemon.server.Daemon] DaemonExpirationPeriodicCheck running
00:54:08.287 [DEBUG] [org.gradle.cache.internal.DefaultFileLockManager] Waiting to acquire shared lock on daemon addresses registry.
00:54:08.287 [DEBUG] [org.gradle.cache.internal.DefaultFileLockManager] Lock acquired.
00:54:08.288 [DEBUG] [org.gradle.cache.internal.DefaultFileLockManager] Releasing lock on daemon addresses registry.
00:55:08.303 [DEBUG] [org.gradle.launcher.daemon.server.Daemon] DaemonExpirationPeriodicCheck running
00:55:08.304 [DEBUG] [org.gradle.cache.internal.DefaultFileLockManager] Waiting to acquire shared lock on daemon addresses registry.
00:55:08.304 [DEBUG] [org.gradle.cache.internal.DefaultFileLockManager] Lock acquired.
00:55:08.305 [DEBUG] [org.gradle.cache.internal.DefaultFileLockManager] Releasing lock on daemon addresses registry.
00:56:08.318 [DEBUG] [org.gradle.launcher.daemon.server.Daemon] DaemonExpirationPeriodicCheck running
00:56:08.319 [DEBUG] [org.gradle.cache.internal.DefaultFileLockManager] Waiting to acquire shared lock on daemon addresses registry.
00:56:08.319 [DEBUG] [org.gradle.cache.internal.DefaultFileLockManager] Lock acquired.
00:56:08.320 [DEBUG] [org.gradle.cache.internal.DefaultFileLockManager] Releasing lock on daemon addresses registry.
00:57:08.336 [DEBUG] [org.gradle.launcher.daemon.server.Daemon] DaemonExpirationPeriodicCheck running
00:57:08.337 [DEBUG] [org.gradle.cache.internal.DefaultFileLockManager] Waiting to acquire shared lock on daemon addresses registry.
00:57:08.338 [DEBUG] [org.gradle.cache.internal.DefaultFileLockManager] Lock acquired.
00:57:08.338 [DEBUG] [org.gradle.cache.internal.DefaultFileLockManager] Releasing lock on daemon addresses registry.
00:58:07.951 [DEBUG] [org.gradle.launcher.daemon.server.Daemon] DaemonExpirationPeriodicCheck running
00:58:07.952 [INFO] [org.gradle.launcher.daemon.server.DaemonIdleTimeoutExpirationStrategy] Idle timeout: daemon has been idle for 2704039 milliseconds. Expiring.
00:58:07.953 [INFO] [org.gradle.launcher.daemon.server.Daemon] Daemon expiration criteria met, requesting stop
00:58:07.953 [LIFECYCLE] [org.gradle.launcher.daemon.server.Daemon] Daemon stopping because daemon has been idle for 2704039 milliseconds and Free system memory (3390271488 bytes) is below threshold of 3435973836 bytes
00:58:07.953 [DEBUG] [org.gradle.launcher.daemon.server.DaemonStateCoordinator] Stop as soon as idle requested. The daemon is busy: false
00:58:07.953 [DEBUG] [org.gradle.launcher.daemon.server.DaemonStateCoordinator] Marking daemon stopped due to stop requested and daemon idle. The daemon is running a build: false
00:58:07.954 [DEBUG] [org.gradle.launcher.daemon.server.DaemonStateCoordinator] daemon has stopped.
00:58:07.954 [DEBUG] [org.gradle.launcher.daemon.server.Daemon] stop() called on daemon
00:58:07.954 [INFO] [org.gradle.launcher.daemon.server.Daemon] Stop requested. Daemon is removing its presence from the registry...
00:58:07.954 [DEBUG] [org.gradle.launcher.daemon.server.DomainRegistryUpdater] Removing our presence to clients, eg. removing this address from the registry: [3d9960c0-5cdf-4561-8d77-de59fe4d837f port:63143, addresses:[/0:0:0:0:0:0:0:1, /127.0.0.1]]
00:58:07.955 [DEBUG] [org.gradle.launcher.daemon.registry.PersistentDaemonRegistry] Removing daemon address: [3d9960c0-5cdf-4561-8d77-de59fe4d837f port:63143, addresses:[/0:0:0:0:0:0:0:1, /127.0.0.1]]
00:58:07.956 [DEBUG] [org.gradle.cache.internal.DefaultFileLockManager] Waiting to acquire exclusive lock on daemon addresses registry.
00:58:07.956 [DEBUG] [org.gradle.cache.internal.DefaultFileLockManager] Lock acquired.
00:58:07.957 [DEBUG] [org.gradle.cache.internal.DefaultFileLockManager] Releasing lock on daemon addresses registry.
00:58:07.957 [DEBUG] [org.gradle.launcher.daemon.server.DomainRegistryUpdater] Address removed from registry.
Daemon vm is shutting down... The daemon has exited normally or was terminated in response to a user interrupt.
00:58:07.974 [DEBUG] [org.gradle.launcher.daemon.registry.PersistentDaemonRegistry] Removing daemon address: [3d9960c0-5cdf-4561-8d77-de59fe4d837f port:63143, addresses:[/0:0:0:0:0:0:0:1, /127.0.0.1]]
00:58:07.974 [DEBUG] [org.gradle.cache.internal.DefaultFileLockManager] Waiting to acquire exclusive lock on daemon addresses registry.
00:58:07.975 [DEBUG] [org.gradle.cache.internal.DefaultFileLockManager] Lock acquired.
00:58:07.976 [DEBUG] [org.gradle.cache.internal.DefaultFileLockManager] Releasing lock on daemon addresses registry.
