01:06:26.364 [INFO] [org.gradle.launcher.daemon.server.health.gc.GarbageCollectionMonitor] Unable to determine a garbage collection monitoring strategy for JVMStrategy{JetBrains s.r.o version 1.8.0_112-release}
01:06:26.376 [INFO] [org.gradle.launcher.daemon.server.Daemon] start() called on daemon - DefaultDaemonContext[uid=ad0a6511-e51d-4033-b6e3-50f174b8068f,javaHome=/Applications/Android Studio.app/Contents/jre/jdk/Contents/Home,daemonRegistryDir=/Users/apple/Desktop/AwesomeProject/android/gradle/wrapper/daemon,pid=8416,idleTimeout=10800000,daemonOpts=-XX:MaxPermSize=256m,-XX:+HeapDumpOnOutOfMemoryError,-Xmx1024m,-Dfile.encoding=UTF-8,-Duser.country=US,-Duser.language=en,-Duser.variant]
01:06:26.387 [DEBUG] [org.gradle.launcher.daemon.server.DaemonStateCoordinator] updating lastActivityAt to 1492643186387
01:06:26.424 [DEBUG] [org.gradle.internal.remote.internal.inet.InetAddressFactory] Adding IP addresses for network interface en0
01:06:26.425 [DEBUG] [org.gradle.internal.remote.internal.inet.InetAddressFactory] Is this a loopback interface? false
01:06:26.425 [DEBUG] [org.gradle.internal.remote.internal.inet.InetAddressFactory] Is this a multicast interface? true
01:06:26.427 [DEBUG] [org.gradle.internal.remote.internal.inet.InetAddressFactory] Adding remote address /fd58:7f66:3d6a:6700:e9be:4d1:9170:98a
01:06:26.429 [DEBUG] [org.gradle.internal.remote.internal.inet.InetAddressFactory] Adding remote address /fd58:7f66:3d6a:6700:223:32ff:fe2e:29b4
01:06:26.430 [DEBUG] [org.gradle.internal.remote.internal.inet.InetAddressFactory] Adding remote address /fe80:0:0:0:223:32ff:fe2e:29b4%en0
01:06:26.431 [DEBUG] [org.gradle.internal.remote.internal.inet.InetAddressFactory] Adding remote address /192.168.1.25
01:06:26.432 [DEBUG] [org.gradle.internal.remote.internal.inet.InetAddressFactory] Adding remote multicast interface en0
01:06:26.432 [DEBUG] [org.gradle.internal.remote.internal.inet.InetAddressFactory] Adding IP addresses for network interface lo0
01:06:26.433 [DEBUG] [org.gradle.internal.remote.internal.inet.InetAddressFactory] Is this a loopback interface? true
01:06:26.434 [DEBUG] [org.gradle.internal.remote.internal.inet.InetAddressFactory] Is this a multicast interface? true
01:06:26.435 [DEBUG] [org.gradle.internal.remote.internal.inet.InetAddressFactory] Ignoring remote address on loopback interface /fe80:0:0:0:0:0:0:1%lo0
01:06:26.436 [DEBUG] [org.gradle.internal.remote.internal.inet.InetAddressFactory] Adding loopback address /0:0:0:0:0:0:0:1
01:06:26.436 [DEBUG] [org.gradle.internal.remote.internal.inet.InetAddressFactory] Adding loopback address /127.0.0.1
01:06:26.437 [DEBUG] [org.gradle.internal.remote.internal.inet.InetAddressFactory] Adding loopback multicast interface lo0
01:06:26.443 [DEBUG] [org.gradle.internal.remote.internal.inet.TcpIncomingConnector] Listening on [21648d8b-6300-4d22-a7e4-6358480fe148 port:58626, addresses:[/0:0:0:0:0:0:0:1, /127.0.0.1]].
01:06:26.446 [DEBUG] [org.gradle.launcher.daemon.server.Daemon] Daemon starting at: Thu Apr 20 01:06:26 EET 2017, with address: [21648d8b-6300-4d22-a7e4-6358480fe148 port:58626, addresses:[/0:0:0:0:0:0:0:1, /127.0.0.1]]
01:06:26.448 [INFO] [org.gradle.launcher.daemon.server.DomainRegistryUpdater] Advertising the daemon address to the clients: [21648d8b-6300-4d22-a7e4-6358480fe148 port:58626, addresses:[/0:0:0:0:0:0:0:1, /127.0.0.1]]
01:06:26.448 [DEBUG] [org.gradle.launcher.daemon.server.DomainRegistryUpdater] Advertised daemon context: DefaultDaemonContext[uid=ad0a6511-e51d-4033-b6e3-50f174b8068f,javaHome=/Applications/Android Studio.app/Contents/jre/jdk/Contents/Home,daemonRegistryDir=/Users/apple/Desktop/AwesomeProject/android/gradle/wrapper/daemon,pid=8416,idleTimeout=10800000,daemonOpts=-XX:MaxPermSize=256m,-XX:+HeapDumpOnOutOfMemoryError,-Xmx1024m,-Dfile.encoding=UTF-8,-Duser.country=US,-Duser.language=en,-Duser.variant]
01:06:26.450 [DEBUG] [org.gradle.launcher.daemon.registry.PersistentDaemonRegistry] Storing daemon address: [21648d8b-6300-4d22-a7e4-6358480fe148 port:58626, addresses:[/0:0:0:0:0:0:0:1, /127.0.0.1]], context: DefaultDaemonContext[uid=ad0a6511-e51d-4033-b6e3-50f174b8068f,javaHome=/Applications/Android Studio.app/Contents/jre/jdk/Contents/Home,daemonRegistryDir=/Users/apple/Desktop/AwesomeProject/android/gradle/wrapper/daemon,pid=8416,idleTimeout=10800000,daemonOpts=-XX:MaxPermSize=256m,-XX:+HeapDumpOnOutOfMemoryError,-Xmx1024m,-Dfile.encoding=UTF-8,-Duser.country=US,-Duser.language=en,-Duser.variant]
01:06:26.461 [DEBUG] [org.gradle.cache.internal.DefaultFileLockManager] Waiting to acquire exclusive lock on daemon addresses registry.
01:06:26.469 [DEBUG] [org.gradle.cache.internal.DefaultFileLockManager] Lock acquired.
01:06:26.592 [DEBUG] [org.gradle.cache.internal.DefaultFileLockManager] Releasing lock on daemon addresses registry.
01:06:26.593 [LIFECYCLE] [org.gradle.launcher.daemon.server.Daemon] Daemon server started.
01:06:26.596 [DEBUG] [org.gradle.launcher.daemon.bootstrap.DaemonStartupCommunication] Completed writing the daemon greeting. Closing streams...
01:06:26.615 [DEBUG] [org.gradle.internal.remote.internal.inet.TcpIncomingConnector] Accepted connection from /127.0.0.1:58627 to /127.0.0.1:58626.
01:06:26.652 [DEBUG] [org.gradle.launcher.daemon.server.Daemon] stopOnExpiration() called on daemon
01:06:26.656 [DEBUG] [org.gradle.launcher.daemon.server.Daemon] awaitExpiration() called on daemon
01:06:26.661 [DEBUG] [org.gradle.launcher.daemon.server.DaemonStateCoordinator] daemon is running. Sleeping until state changes.
01:06:26.715 [DEBUG] [org.gradle.launcher.daemon.server.SynchronizedDispatchConnection] thread 15: received class org.gradle.launcher.daemon.protocol.Build
01:06:26.716 [DEBUG] [org.gradle.launcher.daemon.server.DefaultDaemonConnection] thread 15: Received non-IO message from client: Build{id=6c75be2c-f42c-47c5-b90e-9506b3cd3246.1, currentDir=/Users/apple/Desktop/AwesomeProject/android}
01:06:26.716 [INFO] [org.gradle.launcher.daemon.server.DefaultIncomingConnectionHandler] Received command: Build{id=6c75be2c-f42c-47c5-b90e-9506b3cd3246.1, currentDir=/Users/apple/Desktop/AwesomeProject/android}.
01:06:26.717 [DEBUG] [org.gradle.launcher.daemon.server.DefaultIncomingConnectionHandler] Starting executing command: Build{id=6c75be2c-f42c-47c5-b90e-9506b3cd3246.1, currentDir=/Users/apple/Desktop/AwesomeProject/android} with connection: socket connection from /127.0.0.1:58626 to /127.0.0.1:58627.
01:06:26.726 [DEBUG] [org.gradle.launcher.daemon.server.DaemonStateCoordinator] Command execution: started DaemonCommandExecution[command = Build{id=6c75be2c-f42c-47c5-b90e-9506b3cd3246.1, currentDir=/Users/apple/Desktop/AwesomeProject/android}, connection = org.gradle.launcher.daemon.server.DefaultDaemonConnection@1952e604] after 0.0 minutes of idle
01:06:26.727 [INFO] [org.gradle.launcher.daemon.server.DomainRegistryUpdater] Marking the daemon as busy, address: [21648d8b-6300-4d22-a7e4-6358480fe148 port:58626, addresses:[/0:0:0:0:0:0:0:1, /127.0.0.1]]
01:06:26.727 [DEBUG] [org.gradle.launcher.daemon.registry.PersistentDaemonRegistry] Marking busy by address: [21648d8b-6300-4d22-a7e4-6358480fe148 port:58626, addresses:[/0:0:0:0:0:0:0:1, /127.0.0.1]]
01:06:26.728 [DEBUG] [org.gradle.cache.internal.DefaultFileLockManager] Waiting to acquire exclusive lock on daemon addresses registry.
01:06:26.729 [DEBUG] [org.gradle.cache.internal.DefaultFileLockManager] Lock acquired.
01:06:26.733 [DEBUG] [org.gradle.cache.internal.DefaultFileLockManager] Releasing lock on daemon addresses registry.
01:06:26.734 [DEBUG] [org.gradle.launcher.daemon.server.DaemonStateCoordinator] updating lastActivityAt to 1492643186734
01:06:26.736 [DEBUG] [org.gradle.launcher.daemon.server.DaemonStateCoordinator] daemon is running. Sleeping until state changes.
01:06:26.736 [INFO] [org.gradle.launcher.daemon.server.exec.StartBuildOrRespondWithBusy] Daemon is about to start building Build{id=6c75be2c-f42c-47c5-b90e-9506b3cd3246.1, currentDir=/Users/apple/Desktop/AwesomeProject/android}. Dispatching build started information...
01:06:26.738 [DEBUG] [org.gradle.launcher.daemon.server.SynchronizedDispatchConnection] thread 17: dispatching class org.gradle.launcher.daemon.protocol.BuildStarted
01:06:26.744 [DEBUG] [org.gradle.launcher.daemon.server.exec.EstablishBuildEnvironment] Configuring env variables: {PATH=/usr/bin:/bin:/usr/sbin:/sbin, SSH_AUTH_SOCK=/private/tmp/com.apple.launchd.FigoYAzmf2/Listeners, XPC_FLAGS=0x0, SHELL=/bin/bash, __CF_USER_TEXT_ENCODING=0x1F5:0x0:0x0, Apple_PubSub_Socket_Render=/private/tmp/com.apple.launchd.eSy43AOZNT/Render, LOGNAME=apple, USER=apple, XPC_SERVICE_NAME=com.google.android.studio.157152, HOME=/Users/apple, TMPDIR=/var/folders/6b/fbn5s3lx1t39zzl364qb01lr0000gn/T/}
01:06:26.747 [DEBUG] [org.gradle.launcher.daemon.server.SynchronizedDispatchConnection] thread 15: received class org.gradle.launcher.daemon.protocol.CloseInput
01:06:26.748 [DEBUG] [org.gradle.launcher.daemon.server.DefaultDaemonConnection] thread 15: Received IO message from client: org.gradle.launcher.daemon.protocol.CloseInput@5884e9aa
01:06:26.760 [DEBUG] [org.gradle.launcher.daemon.server.exec.LogToClient] About to start relaying all logs to the client via the connection.
01:06:26.761 [INFO] [org.gradle.launcher.daemon.server.exec.LogToClient] The client will now receive all logging from the daemon (pid: 8416). The daemon log file: /Users/apple/Desktop/AwesomeProject/android/gradle/wrapper/daemon/2.14.1/daemon-8416.out.log
01:06:26.764 [INFO] [org.gradle.launcher.daemon.server.health.DaemonHealthTracker] Starting build in new daemon [memory: 954.7 MB]
01:06:26.766 [INFO] [org.gradle.launcher.daemon.server.exec.ForwardClientInput] Closing daemon's stdin at end of input.
01:06:26.767 [INFO] [org.gradle.launcher.daemon.server.exec.ForwardClientInput] The daemon will no longer process any standard input.
01:06:26.773 [DEBUG] [org.gradle.launcher.daemon.server.exec.ExecuteBuild] The daemon has started executing the build.
01:06:26.774 [INFO] [org.gradle.launcher.daemon.server.exec.ExecuteBuild] Executing build with daemon context: DefaultDaemonContext[uid=ad0a6511-e51d-4033-b6e3-50f174b8068f,javaHome=/Applications/Android Studio.app/Contents/jre/jdk/Contents/Home,daemonRegistryDir=/Users/apple/Desktop/AwesomeProject/android/gradle/wrapper/daemon,pid=8416,idleTimeout=10800000,daemonOpts=-XX:MaxPermSize=256m,-XX:+HeapDumpOnOutOfMemoryError,-Xmx1024m,-Dfile.encoding=UTF-8,-Duser.country=US,-Duser.language=en,-Duser.variant]
Configuration on demand is an incubating feature.
Incremental java compilation is an incubating feature.
:app:clean
:app:preBuild UP-TO-DATE
:app:preDebugBuild UP-TO-DATE
:app:checkDebugManifest
:app:preReleaseBuild UP-TO-DATE
:app:prepareComAndroidSupportAppcompatV72301Library
:app:prepareComAndroidSupportRecyclerviewV72340Library
:app:prepareComAndroidSupportSupportV42340Library
:app:prepareComFacebookFbuiTextlayoutbuilderTextlayoutbuilder100Library
:app:prepareComFacebookFrescoDrawee101Library
:app:prepareComFacebookFrescoFbcore101Library
:app:prepareComFacebookFrescoFresco101Library
:app:prepareComFacebookFrescoImagepipeline101Library
:app:prepareComFacebookFrescoImagepipelineBase101Library
:app:prepareComFacebookFrescoImagepipelineOkhttp3101Library
:app:prepareComFacebookReactReactNative0433Library
:app:prepareComFacebookSoloaderSoloader010Library
:app:prepareOrgWebkitAndroidJscR174650Library
:app:prepareDebugDependencies
:app:compileDebugAidl
:app:compileDebugRenderscript
:app:generateDebugBuildConfig
:app:generateDebugResValues
:app:generateDebugResources
:app:mergeDebugResources
:app:processDebugManifest
:app:processDebugResources
:app:generateDebugSources
:app:preDebugAndroidTestBuild UP-TO-DATE
:app:prepareDebugAndroidTestDependencies
:app:compileDebugAndroidTestAidl
:app:processDebugAndroidTestManifest
:app:compileDebugAndroidTestRenderscript
:app:generateDebugAndroidTestBuildConfig
:app:generateDebugAndroidTestResValues
:app:generateDebugAndroidTestResources
:app:mergeDebugAndroidTestResources
:app:processDebugAndroidTestResources
:app:generateDebugAndroidTestSources
:app:mockableAndroidJar UP-TO-DATE
:app:preDebugUnitTestBuild UP-TO-DATE
:app:prepareDebugUnitTestDependencies

BUILD SUCCESSFUL

Total time: 19.387 secs
01:06:44.744 [DEBUG] [org.gradle.cache.internal.btree.BTreePersistentIndexedCache] Closing cache fileSnapshotsToTreeSnapshotsIndex.bin (/Users/apple/Desktop/AwesomeProject/android/.gradle/2.14.1/taskArtifacts/fileSnapshotsToTreeSnapshotsIndex.bin)
01:06:44.745 [DEBUG] [org.gradle.cache.internal.btree.BTreePersistentIndexedCache] Closing cache fileSnapshots.bin (/Users/apple/Desktop/AwesomeProject/android/.gradle/2.14.1/taskArtifacts/fileSnapshots.bin)
01:06:44.745 [DEBUG] [org.gradle.cache.internal.btree.BTreePersistentIndexedCache] Closing cache taskArtifacts.bin (/Users/apple/Desktop/AwesomeProject/android/.gradle/2.14.1/taskArtifacts/taskArtifacts.bin)
01:06:44.746 [DEBUG] [org.gradle.cache.internal.btree.BTreePersistentIndexedCache] Closing cache fileHashes.bin (/Users/apple/Desktop/AwesomeProject/android/.gradle/2.14.1/taskArtifacts/fileHashes.bin)
01:06:44.746 [DEBUG] [org.gradle.cache.internal.DefaultFileLockManager] Releasing lock on task history cache (/Users/apple/Desktop/AwesomeProject/android/.gradle/2.14.1/taskArtifacts).
01:06:44.747 [DEBUG] [org.gradle.api.internal.artifacts.ivyservice.ivyresolve.memcache.InMemoryCachedRepositoryFactory] In-memory dependency metadata cache closed. Repos cached: 30, cache instances: 7, modules served from cache: 401, artifacts: 101
01:06:44.748 [DEBUG] [org.gradle.cache.internal.DefaultCacheAccess] Cache Generated Gradle JARs cache (/Users/apple/Desktop/AwesomeProject/android/gradle/wrapper/caches/2.14.1/generated-gradle-jars) was closed 0 times.
01:06:44.749 [DEBUG] [org.gradle.cache.internal.btree.BTreePersistentIndexedCache] Closing cache artifact-at-repository.bin (/Users/apple/Desktop/AwesomeProject/android/gradle/wrapper/caches/modules-2/metadata-2.16/artifact-at-repository.bin)
01:06:44.749 [DEBUG] [org.gradle.cache.internal.btree.BTreePersistentIndexedCache] Closing cache module-versions.bin (/Users/apple/Desktop/AwesomeProject/android/gradle/wrapper/caches/modules-2/metadata-2.16/module-versions.bin)
01:06:44.749 [DEBUG] [org.gradle.cache.internal.btree.BTreePersistentIndexedCache] Closing cache module-metadata.bin (/Users/apple/Desktop/AwesomeProject/android/gradle/wrapper/caches/modules-2/metadata-2.16/module-metadata.bin)
01:06:44.749 [DEBUG] [org.gradle.cache.internal.btree.BTreePersistentIndexedCache] Closing cache module-artifacts.bin (/Users/apple/Desktop/AwesomeProject/android/gradle/wrapper/caches/modules-2/metadata-2.16/module-artifacts.bin)
01:06:44.750 [DEBUG] [org.gradle.cache.internal.DefaultFileLockManager] Releasing lock on artifact cache (/Users/apple/Desktop/AwesomeProject/android/gradle/wrapper/caches/modules-2).
01:06:44.750 [DEBUG] [org.gradle.api.internal.artifacts.ivyservice.resolveengine.store.CachedStoreFactory] Resolution result cache closed. Cache reads: 0, disk reads: 0 (avg: 0.0 secs, total: 0.0 secs)
01:06:44.751 [DEBUG] [org.gradle.api.internal.artifacts.ivyservice.resolveengine.store.CachedStoreFactory] Resolution result cache closed. Cache reads: 0, disk reads: 4 (avg: 0.003 secs, total: 0.012 secs)
01:06:44.751 [DEBUG] [org.gradle.api.internal.artifacts.ivyservice.resolveengine.store.ResolutionResultsStoreFactory] Deleted 2 resolution results binary files in 0.001 secs
01:06:44.751 [DEBUG] [org.gradle.cache.internal.DefaultCacheAccess] Cache Plugin Resolution Cache (/Users/apple/Desktop/AwesomeProject/android/gradle/wrapper/caches/2.14.1/plugin-resolution) was closed 0 times.
01:06:44.752 [DEBUG] [org.gradle.api.internal.tasks.compile.daemon.CompilerDaemonManager] Stopping 0 compiler daemon(s).
01:06:44.752 [INFO] [org.gradle.api.internal.tasks.compile.daemon.CompilerDaemonManager] Stopped 0 compiler daemon(s).
01:06:44.753 [DEBUG] [org.gradle.cache.internal.DefaultCacheAccess] Cache jars (/Users/apple/Desktop/AwesomeProject/android/gradle/wrapper/caches/jars-1) was closed 0 times.
01:06:44.753 [DEBUG] [org.gradle.launcher.daemon.server.exec.ExecuteBuild] The daemon has finished executing the build.
01:06:45.084 [DEBUG] [org.gradle.launcher.daemon.server.DaemonStateCoordinator] Command execution: finished waiting for DaemonCommandExecution[command = Build{id=6c75be2c-f42c-47c5-b90e-9506b3cd3246.1, currentDir=/Users/apple/Desktop/AwesomeProject/android}, connection = org.gradle.launcher.daemon.server.DefaultDaemonConnection@1952e604]. Result org.gradle.launcher.daemon.server.DaemonStateCoordinator@12ba6ed6 with state Running
01:06:45.085 [DEBUG] [org.gradle.launcher.daemon.server.DaemonStateCoordinator] Command execution: completed DaemonCommandExecution[command = Build{id=6c75be2c-f42c-47c5-b90e-9506b3cd3246.1, currentDir=/Users/apple/Desktop/AwesomeProject/android}, connection = org.gradle.launcher.daemon.server.DefaultDaemonConnection@1952e604]
01:06:45.085 [DEBUG] [org.gradle.launcher.daemon.server.DaemonStateCoordinator] updating lastActivityAt to 1492643205085
01:06:45.085 [INFO] [org.gradle.launcher.daemon.server.DomainRegistryUpdater] Marking the daemon as idle, address: [21648d8b-6300-4d22-a7e4-6358480fe148 port:58626, addresses:[/0:0:0:0:0:0:0:1, /127.0.0.1]]
01:06:45.086 [DEBUG] [org.gradle.launcher.daemon.registry.PersistentDaemonRegistry] Marking idle by address: [21648d8b-6300-4d22-a7e4-6358480fe148 port:58626, addresses:[/0:0:0:0:0:0:0:1, /127.0.0.1]]
01:06:45.087 [DEBUG] [org.gradle.cache.internal.DefaultFileLockManager] Waiting to acquire exclusive lock on daemon addresses registry.
01:06:45.090 [DEBUG] [org.gradle.cache.internal.DefaultFileLockManager] Lock acquired.
01:06:45.097 [DEBUG] [org.gradle.cache.internal.DefaultFileLockManager] Releasing lock on daemon addresses registry.
01:06:45.098 [DEBUG] [org.gradle.launcher.daemon.server.DaemonStateCoordinator] daemon is running. Sleeping until state changes.
01:06:45.098 [DEBUG] [org.gradle.launcher.daemon.server.exec.ReturnResult] Daemon is dispatching the build result: Success[value=org.gradle.tooling.internal.provider.BuildActionResult@622b7fe4]
01:06:45.099 [DEBUG] [org.gradle.launcher.daemon.server.SynchronizedDispatchConnection] thread 14: dispatching class org.gradle.launcher.daemon.protocol.Success
01:06:45.106 [DEBUG] [org.gradle.launcher.daemon.server.DefaultIncomingConnectionHandler] Finishing executing command: Build{id=6c75be2c-f42c-47c5-b90e-9506b3cd3246.1, currentDir=/Users/apple/Desktop/AwesomeProject/android}
01:06:45.114 [DEBUG] [org.gradle.launcher.daemon.server.SynchronizedDispatchConnection] thread 15: received class org.gradle.launcher.daemon.protocol.Finished
01:06:45.115 [DEBUG] [org.gradle.launcher.daemon.server.DefaultDaemonConnection] thread 15: Received non-IO message from client: org.gradle.launcher.daemon.protocol.Finished@2329f81b
01:06:45.117 [DEBUG] [org.gradle.internal.remote.internal.inet.SocketConnection] Discarding EOFException: java.io.EOFException
01:06:45.117 [DEBUG] [org.gradle.launcher.daemon.server.SynchronizedDispatchConnection] thread 15: received null
01:06:45.117 [DEBUG] [org.gradle.launcher.daemon.server.DefaultDaemonConnection] thread 15: Received end-of-input from client.
01:06:45.117 [DEBUG] [org.gradle.launcher.daemon.server.DefaultIncomingConnectionHandler] Received finished message: org.gradle.launcher.daemon.protocol.Finished@2329f81b
01:06:45.119 [DEBUG] [org.gradle.launcher.daemon.server.SynchronizedDispatchConnection] thread 14: stopping connection
01:06:45.123 [DEBUG] [org.gradle.launcher.daemon.server.SynchronizedDispatchConnection] thread 14: stopping connection
01:07:01.941 [DEBUG] [org.gradle.internal.remote.internal.inet.TcpIncomingConnector] Accepted connection from /127.0.0.1:58664 to /127.0.0.1:58626.
01:07:01.948 [DEBUG] [org.gradle.launcher.daemon.server.SynchronizedDispatchConnection] thread 100: received class org.gradle.launcher.daemon.protocol.Build
01:07:01.948 [DEBUG] [org.gradle.launcher.daemon.server.DefaultDaemonConnection] thread 100: Received non-IO message from client: Build{id=312d1349-23fe-46f6-819b-c9be5c0efe34.1, currentDir=/Users/apple/Desktop/AwesomeProject/android}
01:07:01.949 [INFO] [org.gradle.launcher.daemon.server.DefaultIncomingConnectionHandler] Received command: Build{id=312d1349-23fe-46f6-819b-c9be5c0efe34.1, currentDir=/Users/apple/Desktop/AwesomeProject/android}.
01:07:01.949 [DEBUG] [org.gradle.launcher.daemon.server.DefaultIncomingConnectionHandler] Starting executing command: Build{id=312d1349-23fe-46f6-819b-c9be5c0efe34.1, currentDir=/Users/apple/Desktop/AwesomeProject/android} with connection: socket connection from /127.0.0.1:58626 to /127.0.0.1:58664.
01:07:01.950 [DEBUG] [org.gradle.launcher.daemon.server.DaemonStateCoordinator] Command execution: started DaemonCommandExecution[command = Build{id=312d1349-23fe-46f6-819b-c9be5c0efe34.1, currentDir=/Users/apple/Desktop/AwesomeProject/android}, connection = org.gradle.launcher.daemon.server.DefaultDaemonConnection@2ce33521] after 0.0 minutes of idle
01:07:01.950 [INFO] [org.gradle.launcher.daemon.server.DomainRegistryUpdater] Marking the daemon as busy, address: [21648d8b-6300-4d22-a7e4-6358480fe148 port:58626, addresses:[/0:0:0:0:0:0:0:1, /127.0.0.1]]
01:07:01.950 [DEBUG] [org.gradle.launcher.daemon.registry.PersistentDaemonRegistry] Marking busy by address: [21648d8b-6300-4d22-a7e4-6358480fe148 port:58626, addresses:[/0:0:0:0:0:0:0:1, /127.0.0.1]]
01:07:01.951 [DEBUG] [org.gradle.cache.internal.DefaultFileLockManager] Waiting to acquire exclusive lock on daemon addresses registry.
01:07:01.951 [DEBUG] [org.gradle.cache.internal.DefaultFileLockManager] Lock acquired.
01:07:01.954 [DEBUG] [org.gradle.cache.internal.DefaultFileLockManager] Releasing lock on daemon addresses registry.
01:07:01.954 [DEBUG] [org.gradle.launcher.daemon.server.DaemonStateCoordinator] updating lastActivityAt to 1492643221954
01:07:01.954 [DEBUG] [org.gradle.launcher.daemon.server.DaemonStateCoordinator] daemon is running. Sleeping until state changes.
01:07:01.954 [INFO] [org.gradle.launcher.daemon.server.exec.StartBuildOrRespondWithBusy] Daemon is about to start building Build{id=312d1349-23fe-46f6-819b-c9be5c0efe34.1, currentDir=/Users/apple/Desktop/AwesomeProject/android}. Dispatching build started information...
01:07:01.955 [DEBUG] [org.gradle.launcher.daemon.server.SynchronizedDispatchConnection] thread 17: dispatching class org.gradle.launcher.daemon.protocol.BuildStarted
01:07:01.955 [DEBUG] [org.gradle.launcher.daemon.server.exec.EstablishBuildEnvironment] Configuring env variables: {PATH=/usr/bin:/bin:/usr/sbin:/sbin, SSH_AUTH_SOCK=/private/tmp/com.apple.launchd.FigoYAzmf2/Listeners, XPC_FLAGS=0x0, SHELL=/bin/bash, __CF_USER_TEXT_ENCODING=0x1F5:0x0:0x0, Apple_PubSub_Socket_Render=/private/tmp/com.apple.launchd.eSy43AOZNT/Render, LOGNAME=apple, USER=apple, XPC_SERVICE_NAME=com.google.android.studio.157152, HOME=/Users/apple, TMPDIR=/var/folders/6b/fbn5s3lx1t39zzl364qb01lr0000gn/T/}
01:07:01.956 [DEBUG] [org.gradle.launcher.daemon.server.exec.LogToClient] About to start relaying all logs to the client via the connection.
01:07:01.956 [INFO] [org.gradle.launcher.daemon.server.exec.LogToClient] The client will now receive all logging from the daemon (pid: 8416). The daemon log file: /Users/apple/Desktop/AwesomeProject/android/gradle/wrapper/daemon/2.14.1/daemon-8416.out.log
01:07:01.957 [INFO] [org.gradle.launcher.daemon.server.health.DaemonHealthTracker] Starting 2nd build in daemon [uptime: 35.603 secs, performance: 99%]
01:07:01.957 [DEBUG] [org.gradle.launcher.daemon.server.exec.ExecuteBuild] The daemon has started executing the build.
01:07:01.958 [INFO] [org.gradle.launcher.daemon.server.exec.ExecuteBuild] Executing build with daemon context: DefaultDaemonContext[uid=ad0a6511-e51d-4033-b6e3-50f174b8068f,javaHome=/Applications/Android Studio.app/Contents/jre/jdk/Contents/Home,daemonRegistryDir=/Users/apple/Desktop/AwesomeProject/android/gradle/wrapper/daemon,pid=8416,idleTimeout=10800000,daemonOpts=-XX:MaxPermSize=256m,-XX:+HeapDumpOnOutOfMemoryError,-Xmx1024m,-Dfile.encoding=UTF-8,-Duser.country=US,-Duser.language=en,-Duser.variant]
01:07:01.963 [DEBUG] [org.gradle.launcher.daemon.server.SynchronizedDispatchConnection] thread 100: received class org.gradle.launcher.daemon.protocol.CloseInput
01:07:01.963 [DEBUG] [org.gradle.launcher.daemon.server.DefaultDaemonConnection] thread 100: Received IO message from client: org.gradle.launcher.daemon.protocol.CloseInput@60aca215
01:07:01.963 [INFO] [org.gradle.launcher.daemon.server.exec.ForwardClientInput] Closing daemon's stdin at end of input.
01:07:01.964 [INFO] [org.gradle.launcher.daemon.server.exec.ForwardClientInput] The daemon will no longer process any standard input.
Configuration on demand is an incubating feature.
Incremental java compilation is an incubating feature.
:app:clean
:app:preBuild UP-TO-DATE
:app:preDebugBuild UP-TO-DATE
:app:checkDebugManifest
:app:preReleaseBuild UP-TO-DATE
:app:prepareComAndroidSupportAppcompatV72301Library
:app:prepareComAndroidSupportRecyclerviewV72340Library
:app:prepareComAndroidSupportSupportV42340Library
:app:prepareComFacebookFbuiTextlayoutbuilderTextlayoutbuilder100Library
:app:prepareComFacebookFrescoDrawee101Library
:app:prepareComFacebookFrescoFbcore101Library
:app:prepareComFacebookFrescoFresco101Library
:app:prepareComFacebookFrescoImagepipeline101Library
:app:prepareComFacebookFrescoImagepipelineBase101Library
:app:prepareComFacebookFrescoImagepipelineOkhttp3101Library
:app:prepareComFacebookReactReactNative0433Library
:app:prepareComFacebookSoloaderSoloader010Library
:app:prepareOrgWebkitAndroidJscR174650Library
:app:prepareDebugDependencies
:app:compileDebugAidl
:app:compileDebugRenderscript
:app:generateDebugBuildConfig
:app:generateDebugResValues
:app:generateDebugResources
:app:mergeDebugResources
:app:processDebugManifest
:app:processDebugResources
:app:generateDebugSources
:app:preDebugAndroidTestBuild UP-TO-DATE
:app:prepareDebugAndroidTestDependencies
:app:compileDebugAndroidTestAidl
:app:processDebugAndroidTestManifest
:app:compileDebugAndroidTestRenderscript
:app:generateDebugAndroidTestBuildConfig
:app:generateDebugAndroidTestResValues
:app:generateDebugAndroidTestResources
:app:mergeDebugAndroidTestResources
:app:processDebugAndroidTestResources
:app:generateDebugAndroidTestSources
:app:mockableAndroidJar UP-TO-DATE
:app:preDebugUnitTestBuild UP-TO-DATE
:app:prepareDebugUnitTestDependencies
:app:incrementalDebugJavaCompilationSafeguard
:app:compileDebugJavaWithJavac
:app:compileDebugJavaWithJavac - is not incremental (e.g. outputs have changed, no previous execution, etc.).
:app:compileDebugNdk UP-TO-DATE
:app:compileDebugSources
:app:incrementalDebugAndroidTestJavaCompilationSafeguard
:app:compileDebugAndroidTestJavaWithJavac
:app:compileDebugAndroidTestNdk UP-TO-DATE
:app:compileDebugAndroidTestSources
:app:incrementalDebugUnitTestJavaCompilationSafeguard UP-TO-DATE
:app:compileDebugUnitTestJavaWithJavac UP-TO-DATE
:app:processDebugJavaRes UP-TO-DATE
:app:processDebugUnitTestJavaRes UP-TO-DATE
:app:compileDebugUnitTestSources UP-TO-DATE

BUILD SUCCESSFUL

Total time: 6.781 secs
01:07:08.711 [DEBUG] [org.gradle.cache.internal.btree.BTreePersistentIndexedCache] Closing cache taskArtifacts.bin (/Users/apple/Desktop/AwesomeProject/android/.gradle/2.14.1/taskArtifacts/taskArtifacts.bin)
01:07:08.712 [DEBUG] [org.gradle.cache.internal.btree.BTreePersistentIndexedCache] Closing cache fileSnapshotsToTreeSnapshotsIndex.bin (/Users/apple/Desktop/AwesomeProject/android/.gradle/2.14.1/taskArtifacts/fileSnapshotsToTreeSnapshotsIndex.bin)
01:07:08.713 [DEBUG] [org.gradle.cache.internal.btree.BTreePersistentIndexedCache] Closing cache fileSnapshots.bin (/Users/apple/Desktop/AwesomeProject/android/.gradle/2.14.1/taskArtifacts/fileSnapshots.bin)
01:07:08.713 [DEBUG] [org.gradle.cache.internal.btree.BTreePersistentIndexedCache] Closing cache fileHashes.bin (/Users/apple/Desktop/AwesomeProject/android/.gradle/2.14.1/taskArtifacts/fileHashes.bin)
01:07:08.714 [DEBUG] [org.gradle.cache.internal.DefaultFileLockManager] Releasing lock on task history cache (/Users/apple/Desktop/AwesomeProject/android/.gradle/2.14.1/taskArtifacts).
01:07:08.717 [DEBUG] [org.gradle.cache.internal.btree.BTreePersistentIndexedCache] Closing cache classAnalysis.bin (/Users/apple/Desktop/AwesomeProject/android/gradle/wrapper/caches/2.14.1/classAnalysis/classAnalysis.bin)
01:07:08.718 [DEBUG] [org.gradle.cache.internal.DefaultFileLockManager] Releasing lock on class analysis cache (/Users/apple/Desktop/AwesomeProject/android/gradle/wrapper/caches/2.14.1/classAnalysis).
01:07:08.719 [DEBUG] [org.gradle.cache.internal.btree.BTreePersistentIndexedCache] Closing cache jarSnapshots.bin (/Users/apple/Desktop/AwesomeProject/android/gradle/wrapper/caches/2.14.1/jarSnapshots/jarSnapshots.bin)
01:07:08.719 [DEBUG] [org.gradle.cache.internal.DefaultFileLockManager] Releasing lock on jar snapshots cache (/Users/apple/Desktop/AwesomeProject/android/gradle/wrapper/caches/2.14.1/jarSnapshots).
01:07:08.720 [DEBUG] [org.gradle.api.internal.artifacts.ivyservice.ivyresolve.memcache.InMemoryCachedRepositoryFactory] In-memory dependency metadata cache closed. Repos cached: 30, cache instances: 7, modules served from cache: 401, artifacts: 101
01:07:08.720 [DEBUG] [org.gradle.cache.internal.DefaultCacheAccess] Cache Generated Gradle JARs cache (/Users/apple/Desktop/AwesomeProject/android/gradle/wrapper/caches/2.14.1/generated-gradle-jars) was closed 0 times.
01:07:08.720 [DEBUG] [org.gradle.cache.internal.btree.BTreePersistentIndexedCache] Closing cache module-metadata.bin (/Users/apple/Desktop/AwesomeProject/android/gradle/wrapper/caches/modules-2/metadata-2.16/module-metadata.bin)
01:07:08.721 [DEBUG] [org.gradle.cache.internal.btree.BTreePersistentIndexedCache] Closing cache module-versions.bin (/Users/apple/Desktop/AwesomeProject/android/gradle/wrapper/caches/modules-2/metadata-2.16/module-versions.bin)
01:07:08.721 [DEBUG] [org.gradle.cache.internal.btree.BTreePersistentIndexedCache] Closing cache module-artifacts.bin (/Users/apple/Desktop/AwesomeProject/android/gradle/wrapper/caches/modules-2/metadata-2.16/module-artifacts.bin)
01:07:08.721 [DEBUG] [org.gradle.cache.internal.btree.BTreePersistentIndexedCache] Closing cache artifact-at-repository.bin (/Users/apple/Desktop/AwesomeProject/android/gradle/wrapper/caches/modules-2/metadata-2.16/artifact-at-repository.bin)
01:07:08.721 [DEBUG] [org.gradle.cache.internal.DefaultFileLockManager] Releasing lock on artifact cache (/Users/apple/Desktop/AwesomeProject/android/gradle/wrapper/caches/modules-2).
01:07:08.723 [DEBUG] [org.gradle.api.internal.artifacts.ivyservice.resolveengine.store.CachedStoreFactory] Resolution result cache closed. Cache reads: 0, disk reads: 0 (avg: 0.0 secs, total: 0.0 secs)
01:07:08.724 [DEBUG] [org.gradle.api.internal.artifacts.ivyservice.resolveengine.store.CachedStoreFactory] Resolution result cache closed. Cache reads: 0, disk reads: 4 (avg: 0.001 secs, total: 0.007 secs)
01:07:08.725 [DEBUG] [org.gradle.api.internal.artifacts.ivyservice.resolveengine.store.ResolutionResultsStoreFactory] Deleted 2 resolution results binary files in 0.003 secs
01:07:08.725 [DEBUG] [org.gradle.cache.internal.DefaultCacheAccess] Cache Plugin Resolution Cache (/Users/apple/Desktop/AwesomeProject/android/gradle/wrapper/caches/2.14.1/plugin-resolution) was closed 0 times.
01:07:08.726 [DEBUG] [org.gradle.api.internal.tasks.compile.daemon.CompilerDaemonManager] Stopping 0 compiler daemon(s).
01:07:08.726 [INFO] [org.gradle.api.internal.tasks.compile.daemon.CompilerDaemonManager] Stopped 0 compiler daemon(s).
01:07:08.726 [DEBUG] [org.gradle.cache.internal.DefaultCacheAccess] Cache jars (/Users/apple/Desktop/AwesomeProject/android/gradle/wrapper/caches/jars-1) was closed 0 times.
01:07:08.726 [DEBUG] [org.gradle.launcher.daemon.server.exec.ExecuteBuild] The daemon has finished executing the build.
01:07:08.729 [DEBUG] [org.gradle.launcher.daemon.server.DaemonStateCoordinator] daemon is running. Sleeping until state changes.
01:07:08.730 [DEBUG] [org.gradle.launcher.daemon.server.DaemonStateCoordinator] Command execution: finished waiting for DaemonCommandExecution[command = Build{id=312d1349-23fe-46f6-819b-c9be5c0efe34.1, currentDir=/Users/apple/Desktop/AwesomeProject/android}, connection = org.gradle.launcher.daemon.server.DefaultDaemonConnection@2ce33521]. Result org.gradle.launcher.daemon.server.DaemonStateCoordinator@12ba6ed6 with state Running
01:07:08.730 [DEBUG] [org.gradle.launcher.daemon.server.DaemonStateCoordinator] Command execution: completed DaemonCommandExecution[command = Build{id=312d1349-23fe-46f6-819b-c9be5c0efe34.1, currentDir=/Users/apple/Desktop/AwesomeProject/android}, connection = org.gradle.launcher.daemon.server.DefaultDaemonConnection@2ce33521]
01:07:08.731 [DEBUG] [org.gradle.launcher.daemon.server.DaemonStateCoordinator] updating lastActivityAt to 1492643228731
01:07:08.731 [INFO] [org.gradle.launcher.daemon.server.DomainRegistryUpdater] Marking the daemon as idle, address: [21648d8b-6300-4d22-a7e4-6358480fe148 port:58626, addresses:[/0:0:0:0:0:0:0:1, /127.0.0.1]]
01:07:08.731 [DEBUG] [org.gradle.launcher.daemon.registry.PersistentDaemonRegistry] Marking idle by address: [21648d8b-6300-4d22-a7e4-6358480fe148 port:58626, addresses:[/0:0:0:0:0:0:0:1, /127.0.0.1]]
01:07:08.732 [DEBUG] [org.gradle.cache.internal.DefaultFileLockManager] Waiting to acquire exclusive lock on daemon addresses registry.
01:07:08.732 [DEBUG] [org.gradle.cache.internal.DefaultFileLockManager] Lock acquired.
01:07:08.735 [DEBUG] [org.gradle.cache.internal.DefaultFileLockManager] Releasing lock on daemon addresses registry.
01:07:08.736 [DEBUG] [org.gradle.launcher.daemon.server.exec.ReturnResult] Daemon is dispatching the build result: Success[value=org.gradle.tooling.internal.provider.BuildActionResult@95e6f74]
01:07:08.736 [DEBUG] [org.gradle.launcher.daemon.server.DaemonStateCoordinator] daemon is running. Sleeping until state changes.
01:07:08.736 [DEBUG] [org.gradle.launcher.daemon.server.SynchronizedDispatchConnection] thread 14: dispatching class org.gradle.launcher.daemon.protocol.Success
01:07:08.737 [DEBUG] [org.gradle.launcher.daemon.server.DefaultIncomingConnectionHandler] Finishing executing command: Build{id=312d1349-23fe-46f6-819b-c9be5c0efe34.1, currentDir=/Users/apple/Desktop/AwesomeProject/android}
01:07:08.739 [DEBUG] [org.gradle.launcher.daemon.server.SynchronizedDispatchConnection] thread 100: received class org.gradle.launcher.daemon.protocol.Finished
01:07:08.740 [DEBUG] [org.gradle.launcher.daemon.server.DefaultDaemonConnection] thread 100: Received non-IO message from client: org.gradle.launcher.daemon.protocol.Finished@64932ad8
01:07:08.740 [DEBUG] [org.gradle.internal.remote.internal.inet.SocketConnection] Discarding EOFException: java.io.EOFException
01:07:08.740 [DEBUG] [org.gradle.launcher.daemon.server.DefaultIncomingConnectionHandler] Received finished message: org.gradle.launcher.daemon.protocol.Finished@64932ad8
01:07:08.741 [DEBUG] [org.gradle.launcher.daemon.server.SynchronizedDispatchConnection] thread 14: stopping connection
01:07:08.740 [DEBUG] [org.gradle.launcher.daemon.server.SynchronizedDispatchConnection] thread 100: received null
01:07:08.745 [DEBUG] [org.gradle.launcher.daemon.server.DefaultDaemonConnection] thread 100: Received end-of-input from client.
01:07:08.746 [DEBUG] [org.gradle.launcher.daemon.server.SynchronizedDispatchConnection] thread 14: stopping connection
01:07:26.661 [DEBUG] [org.gradle.launcher.daemon.server.Daemon] DaemonExpirationPeriodicCheck running
01:07:26.663 [DEBUG] [org.gradle.cache.internal.DefaultFileLockManager] Waiting to acquire shared lock on daemon addresses registry.
01:07:26.663 [DEBUG] [org.gradle.cache.internal.DefaultFileLockManager] Lock acquired.
01:07:26.665 [DEBUG] [org.gradle.cache.internal.DefaultFileLockManager] Releasing lock on daemon addresses registry.
01:08:26.664 [DEBUG] [org.gradle.launcher.daemon.server.Daemon] DaemonExpirationPeriodicCheck running
01:08:26.665 [DEBUG] [org.gradle.cache.internal.DefaultFileLockManager] Waiting to acquire shared lock on daemon addresses registry.
01:08:26.665 [DEBUG] [org.gradle.cache.internal.DefaultFileLockManager] Lock acquired.
01:08:26.667 [DEBUG] [org.gradle.cache.internal.DefaultFileLockManager] Releasing lock on daemon addresses registry.
01:09:26.663 [DEBUG] [org.gradle.launcher.daemon.server.Daemon] DaemonExpirationPeriodicCheck running
01:09:26.664 [DEBUG] [org.gradle.cache.internal.DefaultFileLockManager] Waiting to acquire shared lock on daemon addresses registry.
01:09:26.665 [DEBUG] [org.gradle.cache.internal.DefaultFileLockManager] Lock acquired.
01:09:26.666 [DEBUG] [org.gradle.cache.internal.DefaultFileLockManager] Releasing lock on daemon addresses registry.
01:10:26.669 [DEBUG] [org.gradle.launcher.daemon.server.Daemon] DaemonExpirationPeriodicCheck running
01:10:26.669 [DEBUG] [org.gradle.cache.internal.DefaultFileLockManager] Waiting to acquire shared lock on daemon addresses registry.
01:10:26.670 [DEBUG] [org.gradle.cache.internal.DefaultFileLockManager] Lock acquired.
01:10:26.671 [DEBUG] [org.gradle.cache.internal.DefaultFileLockManager] Releasing lock on daemon addresses registry.
01:11:26.672 [DEBUG] [org.gradle.launcher.daemon.server.Daemon] DaemonExpirationPeriodicCheck running
01:11:26.674 [DEBUG] [org.gradle.cache.internal.DefaultFileLockManager] Waiting to acquire shared lock on daemon addresses registry.
01:11:26.674 [DEBUG] [org.gradle.cache.internal.DefaultFileLockManager] Lock acquired.
01:11:26.676 [DEBUG] [org.gradle.cache.internal.DefaultFileLockManager] Releasing lock on daemon addresses registry.
01:12:26.672 [DEBUG] [org.gradle.launcher.daemon.server.Daemon] DaemonExpirationPeriodicCheck running
01:12:26.673 [DEBUG] [org.gradle.cache.internal.DefaultFileLockManager] Waiting to acquire shared lock on daemon addresses registry.
01:12:26.673 [DEBUG] [org.gradle.cache.internal.DefaultFileLockManager] Lock acquired.
01:12:26.674 [DEBUG] [org.gradle.cache.internal.DefaultFileLockManager] Releasing lock on daemon addresses registry.
01:13:26.680 [DEBUG] [org.gradle.launcher.daemon.server.Daemon] DaemonExpirationPeriodicCheck running
01:13:26.681 [DEBUG] [org.gradle.cache.internal.DefaultFileLockManager] Waiting to acquire shared lock on daemon addresses registry.
01:13:26.681 [DEBUG] [org.gradle.cache.internal.DefaultFileLockManager] Lock acquired.
01:13:26.682 [DEBUG] [org.gradle.cache.internal.DefaultFileLockManager] Releasing lock on daemon addresses registry.
01:14:26.682 [DEBUG] [org.gradle.launcher.daemon.server.Daemon] DaemonExpirationPeriodicCheck running
01:14:26.683 [DEBUG] [org.gradle.cache.internal.DefaultFileLockManager] Waiting to acquire shared lock on daemon addresses registry.
01:14:26.683 [DEBUG] [org.gradle.cache.internal.DefaultFileLockManager] Lock acquired.
01:14:26.685 [DEBUG] [org.gradle.cache.internal.DefaultFileLockManager] Releasing lock on daemon addresses registry.
01:15:26.686 [DEBUG] [org.gradle.launcher.daemon.server.Daemon] DaemonExpirationPeriodicCheck running
01:15:26.687 [DEBUG] [org.gradle.cache.internal.DefaultFileLockManager] Waiting to acquire shared lock on daemon addresses registry.
01:15:26.687 [DEBUG] [org.gradle.cache.internal.DefaultFileLockManager] Lock acquired.
01:15:26.689 [DEBUG] [org.gradle.cache.internal.DefaultFileLockManager] Releasing lock on daemon addresses registry.
01:16:26.686 [DEBUG] [org.gradle.launcher.daemon.server.Daemon] DaemonExpirationPeriodicCheck running
01:16:26.686 [DEBUG] [org.gradle.cache.internal.DefaultFileLockManager] Waiting to acquire shared lock on daemon addresses registry.
01:16:26.687 [DEBUG] [org.gradle.cache.internal.DefaultFileLockManager] Lock acquired.
01:16:26.688 [DEBUG] [org.gradle.cache.internal.DefaultFileLockManager] Releasing lock on daemon addresses registry.
01:17:26.690 [DEBUG] [org.gradle.launcher.daemon.server.Daemon] DaemonExpirationPeriodicCheck running
01:17:26.691 [DEBUG] [org.gradle.cache.internal.DefaultFileLockManager] Waiting to acquire shared lock on daemon addresses registry.
01:17:26.691 [DEBUG] [org.gradle.cache.internal.DefaultFileLockManager] Lock acquired.
01:17:26.693 [DEBUG] [org.gradle.cache.internal.DefaultFileLockManager] Releasing lock on daemon addresses registry.
01:18:26.690 [DEBUG] [org.gradle.launcher.daemon.server.Daemon] DaemonExpirationPeriodicCheck running
01:18:26.691 [DEBUG] [org.gradle.cache.internal.DefaultFileLockManager] Waiting to acquire shared lock on daemon addresses registry.
01:18:26.691 [DEBUG] [org.gradle.cache.internal.DefaultFileLockManager] Lock acquired.
01:18:26.693 [DEBUG] [org.gradle.cache.internal.DefaultFileLockManager] Releasing lock on daemon addresses registry.
01:19:26.694 [DEBUG] [org.gradle.launcher.daemon.server.Daemon] DaemonExpirationPeriodicCheck running
01:19:26.694 [DEBUG] [org.gradle.cache.internal.DefaultFileLockManager] Waiting to acquire shared lock on daemon addresses registry.
01:19:26.695 [DEBUG] [org.gradle.cache.internal.DefaultFileLockManager] Lock acquired.
01:19:26.696 [DEBUG] [org.gradle.cache.internal.DefaultFileLockManager] Releasing lock on daemon addresses registry.
01:20:26.697 [DEBUG] [org.gradle.launcher.daemon.server.Daemon] DaemonExpirationPeriodicCheck running
01:20:26.697 [DEBUG] [org.gradle.cache.internal.DefaultFileLockManager] Waiting to acquire shared lock on daemon addresses registry.
01:20:26.698 [DEBUG] [org.gradle.cache.internal.DefaultFileLockManager] Lock acquired.
01:20:26.699 [DEBUG] [org.gradle.cache.internal.DefaultFileLockManager] Releasing lock on daemon addresses registry.
01:21:26.704 [DEBUG] [org.gradle.launcher.daemon.server.Daemon] DaemonExpirationPeriodicCheck running
01:21:26.704 [DEBUG] [org.gradle.cache.internal.DefaultFileLockManager] Waiting to acquire shared lock on daemon addresses registry.
01:21:26.705 [DEBUG] [org.gradle.cache.internal.DefaultFileLockManager] Lock acquired.
01:21:26.706 [DEBUG] [org.gradle.cache.internal.DefaultFileLockManager] Releasing lock on daemon addresses registry.
01:22:26.705 [DEBUG] [org.gradle.launcher.daemon.server.Daemon] DaemonExpirationPeriodicCheck running
01:22:26.706 [DEBUG] [org.gradle.cache.internal.DefaultFileLockManager] Waiting to acquire shared lock on daemon addresses registry.
01:22:26.707 [DEBUG] [org.gradle.cache.internal.DefaultFileLockManager] Lock acquired.
01:22:26.708 [DEBUG] [org.gradle.cache.internal.DefaultFileLockManager] Releasing lock on daemon addresses registry.
01:23:26.708 [DEBUG] [org.gradle.launcher.daemon.server.Daemon] DaemonExpirationPeriodicCheck running
01:23:26.717 [DEBUG] [org.gradle.cache.internal.DefaultFileLockManager] Waiting to acquire shared lock on daemon addresses registry.
01:23:26.718 [DEBUG] [org.gradle.cache.internal.DefaultFileLockManager] Lock acquired.
01:23:26.719 [DEBUG] [org.gradle.cache.internal.DefaultFileLockManager] Releasing lock on daemon addresses registry.
01:24:26.711 [DEBUG] [org.gradle.launcher.daemon.server.Daemon] DaemonExpirationPeriodicCheck running
01:24:26.712 [DEBUG] [org.gradle.cache.internal.DefaultFileLockManager] Waiting to acquire shared lock on daemon addresses registry.
01:24:26.712 [DEBUG] [org.gradle.cache.internal.DefaultFileLockManager] Lock acquired.
01:24:26.713 [DEBUG] [org.gradle.cache.internal.DefaultFileLockManager] Releasing lock on daemon addresses registry.
01:25:26.714 [DEBUG] [org.gradle.launcher.daemon.server.Daemon] DaemonExpirationPeriodicCheck running
01:25:26.714 [DEBUG] [org.gradle.cache.internal.DefaultFileLockManager] Waiting to acquire shared lock on daemon addresses registry.
01:25:26.715 [DEBUG] [org.gradle.cache.internal.DefaultFileLockManager] Lock acquired.
01:25:26.716 [DEBUG] [org.gradle.cache.internal.DefaultFileLockManager] Releasing lock on daemon addresses registry.
01:26:26.716 [DEBUG] [org.gradle.launcher.daemon.server.Daemon] DaemonExpirationPeriodicCheck running
01:26:26.717 [DEBUG] [org.gradle.cache.internal.DefaultFileLockManager] Waiting to acquire shared lock on daemon addresses registry.
01:26:26.717 [DEBUG] [org.gradle.cache.internal.DefaultFileLockManager] Lock acquired.
01:26:26.718 [DEBUG] [org.gradle.cache.internal.DefaultFileLockManager] Releasing lock on daemon addresses registry.
01:27:26.719 [DEBUG] [org.gradle.launcher.daemon.server.Daemon] DaemonExpirationPeriodicCheck running
01:27:26.720 [DEBUG] [org.gradle.cache.internal.DefaultFileLockManager] Waiting to acquire shared lock on daemon addresses registry.
01:27:26.720 [DEBUG] [org.gradle.cache.internal.DefaultFileLockManager] Lock acquired.
01:27:26.721 [DEBUG] [org.gradle.cache.internal.DefaultFileLockManager] Releasing lock on daemon addresses registry.
01:28:26.722 [DEBUG] [org.gradle.launcher.daemon.server.Daemon] DaemonExpirationPeriodicCheck running
01:28:26.723 [DEBUG] [org.gradle.cache.internal.DefaultFileLockManager] Waiting to acquire shared lock on daemon addresses registry.
01:28:26.723 [DEBUG] [org.gradle.cache.internal.DefaultFileLockManager] Lock acquired.
01:28:26.724 [DEBUG] [org.gradle.cache.internal.DefaultFileLockManager] Releasing lock on daemon addresses registry.
01:29:26.721 [DEBUG] [org.gradle.launcher.daemon.server.Daemon] DaemonExpirationPeriodicCheck running
01:29:26.721 [DEBUG] [org.gradle.cache.internal.DefaultFileLockManager] Waiting to acquire shared lock on daemon addresses registry.
01:29:26.722 [DEBUG] [org.gradle.cache.internal.DefaultFileLockManager] Lock acquired.
01:29:26.723 [DEBUG] [org.gradle.cache.internal.DefaultFileLockManager] Releasing lock on daemon addresses registry.
01:30:26.726 [DEBUG] [org.gradle.launcher.daemon.server.Daemon] DaemonExpirationPeriodicCheck running
01:30:26.727 [DEBUG] [org.gradle.cache.internal.DefaultFileLockManager] Waiting to acquire shared lock on daemon addresses registry.
01:30:26.728 [DEBUG] [org.gradle.cache.internal.DefaultFileLockManager] Lock acquired.
01:30:26.729 [DEBUG] [org.gradle.cache.internal.DefaultFileLockManager] Releasing lock on daemon addresses registry.
01:31:26.728 [DEBUG] [org.gradle.launcher.daemon.server.Daemon] DaemonExpirationPeriodicCheck running
01:31:26.729 [DEBUG] [org.gradle.cache.internal.DefaultFileLockManager] Waiting to acquire shared lock on daemon addresses registry.
01:31:26.729 [DEBUG] [org.gradle.cache.internal.DefaultFileLockManager] Lock acquired.
01:31:26.730 [DEBUG] [org.gradle.cache.internal.DefaultFileLockManager] Releasing lock on daemon addresses registry.
01:32:26.727 [DEBUG] [org.gradle.launcher.daemon.server.Daemon] DaemonExpirationPeriodicCheck running
01:32:26.728 [DEBUG] [org.gradle.cache.internal.DefaultFileLockManager] Waiting to acquire shared lock on daemon addresses registry.
01:32:26.728 [DEBUG] [org.gradle.cache.internal.DefaultFileLockManager] Lock acquired.
01:32:26.729 [DEBUG] [org.gradle.cache.internal.DefaultFileLockManager] Releasing lock on daemon addresses registry.
01:33:26.734 [DEBUG] [org.gradle.launcher.daemon.server.Daemon] DaemonExpirationPeriodicCheck running
01:33:26.735 [DEBUG] [org.gradle.cache.internal.DefaultFileLockManager] Waiting to acquire shared lock on daemon addresses registry.
01:33:26.735 [DEBUG] [org.gradle.cache.internal.DefaultFileLockManager] Lock acquired.
01:33:26.736 [DEBUG] [org.gradle.cache.internal.DefaultFileLockManager] Releasing lock on daemon addresses registry.
01:34:26.734 [DEBUG] [org.gradle.launcher.daemon.server.Daemon] DaemonExpirationPeriodicCheck running
01:34:26.735 [DEBUG] [org.gradle.cache.internal.DefaultFileLockManager] Waiting to acquire shared lock on daemon addresses registry.
01:34:26.736 [DEBUG] [org.gradle.cache.internal.DefaultFileLockManager] Lock acquired.
01:34:26.736 [DEBUG] [org.gradle.cache.internal.DefaultFileLockManager] Releasing lock on daemon addresses registry.
01:35:26.739 [DEBUG] [org.gradle.launcher.daemon.server.Daemon] DaemonExpirationPeriodicCheck running
01:35:26.740 [DEBUG] [org.gradle.cache.internal.DefaultFileLockManager] Waiting to acquire shared lock on daemon addresses registry.
01:35:26.740 [DEBUG] [org.gradle.cache.internal.DefaultFileLockManager] Lock acquired.
01:35:26.741 [DEBUG] [org.gradle.cache.internal.DefaultFileLockManager] Releasing lock on daemon addresses registry.
01:36:26.740 [DEBUG] [org.gradle.launcher.daemon.server.Daemon] DaemonExpirationPeriodicCheck running
01:36:26.741 [DEBUG] [org.gradle.cache.internal.DefaultFileLockManager] Waiting to acquire shared lock on daemon addresses registry.
01:36:26.741 [DEBUG] [org.gradle.cache.internal.DefaultFileLockManager] Lock acquired.
01:36:26.742 [DEBUG] [org.gradle.cache.internal.DefaultFileLockManager] Releasing lock on daemon addresses registry.
01:37:26.742 [DEBUG] [org.gradle.launcher.daemon.server.Daemon] DaemonExpirationPeriodicCheck running
01:37:26.742 [DEBUG] [org.gradle.cache.internal.DefaultFileLockManager] Waiting to acquire shared lock on daemon addresses registry.
01:37:26.743 [DEBUG] [org.gradle.cache.internal.DefaultFileLockManager] Lock acquired.
01:37:26.743 [DEBUG] [org.gradle.cache.internal.DefaultFileLockManager] Releasing lock on daemon addresses registry.
01:38:26.745 [DEBUG] [org.gradle.launcher.daemon.server.Daemon] DaemonExpirationPeriodicCheck running
01:38:26.745 [DEBUG] [org.gradle.cache.internal.DefaultFileLockManager] Waiting to acquire shared lock on daemon addresses registry.
01:38:26.746 [DEBUG] [org.gradle.cache.internal.DefaultFileLockManager] Lock acquired.
01:38:26.747 [DEBUG] [org.gradle.cache.internal.DefaultFileLockManager] Releasing lock on daemon addresses registry.
01:39:26.748 [DEBUG] [org.gradle.launcher.daemon.server.Daemon] DaemonExpirationPeriodicCheck running
01:39:26.748 [DEBUG] [org.gradle.cache.internal.DefaultFileLockManager] Waiting to acquire shared lock on daemon addresses registry.
01:39:26.748 [DEBUG] [org.gradle.cache.internal.DefaultFileLockManager] Lock acquired.
01:39:26.749 [DEBUG] [org.gradle.cache.internal.DefaultFileLockManager] Releasing lock on daemon addresses registry.
01:40:26.751 [DEBUG] [org.gradle.launcher.daemon.server.Daemon] DaemonExpirationPeriodicCheck running
01:40:26.751 [DEBUG] [org.gradle.cache.internal.DefaultFileLockManager] Waiting to acquire shared lock on daemon addresses registry.
01:40:26.751 [DEBUG] [org.gradle.cache.internal.DefaultFileLockManager] Lock acquired.
01:40:26.752 [DEBUG] [org.gradle.cache.internal.DefaultFileLockManager] Releasing lock on daemon addresses registry.
01:41:26.754 [DEBUG] [org.gradle.launcher.daemon.server.Daemon] DaemonExpirationPeriodicCheck running
01:41:26.754 [DEBUG] [org.gradle.cache.internal.DefaultFileLockManager] Waiting to acquire shared lock on daemon addresses registry.
01:41:26.754 [DEBUG] [org.gradle.cache.internal.DefaultFileLockManager] Lock acquired.
01:41:26.755 [DEBUG] [org.gradle.cache.internal.DefaultFileLockManager] Releasing lock on daemon addresses registry.
01:42:26.757 [DEBUG] [org.gradle.launcher.daemon.server.Daemon] DaemonExpirationPeriodicCheck running
01:42:26.757 [DEBUG] [org.gradle.cache.internal.DefaultFileLockManager] Waiting to acquire shared lock on daemon addresses registry.
01:42:26.758 [DEBUG] [org.gradle.cache.internal.DefaultFileLockManager] Lock acquired.
01:42:26.758 [DEBUG] [org.gradle.cache.internal.DefaultFileLockManager] Releasing lock on daemon addresses registry.
01:43:26.760 [DEBUG] [org.gradle.launcher.daemon.server.Daemon] DaemonExpirationPeriodicCheck running
01:43:26.760 [DEBUG] [org.gradle.cache.internal.DefaultFileLockManager] Waiting to acquire shared lock on daemon addresses registry.
01:43:26.760 [DEBUG] [org.gradle.cache.internal.DefaultFileLockManager] Lock acquired.
01:43:26.761 [DEBUG] [org.gradle.cache.internal.DefaultFileLockManager] Releasing lock on daemon addresses registry.
01:44:26.763 [DEBUG] [org.gradle.launcher.daemon.server.Daemon] DaemonExpirationPeriodicCheck running
01:44:26.763 [DEBUG] [org.gradle.cache.internal.DefaultFileLockManager] Waiting to acquire shared lock on daemon addresses registry.
01:44:26.763 [DEBUG] [org.gradle.cache.internal.DefaultFileLockManager] Lock acquired.
01:44:26.764 [DEBUG] [org.gradle.cache.internal.DefaultFileLockManager] Releasing lock on daemon addresses registry.
01:45:26.766 [DEBUG] [org.gradle.launcher.daemon.server.Daemon] DaemonExpirationPeriodicCheck running
01:45:26.766 [DEBUG] [org.gradle.cache.internal.DefaultFileLockManager] Waiting to acquire shared lock on daemon addresses registry.
01:45:26.766 [DEBUG] [org.gradle.cache.internal.DefaultFileLockManager] Lock acquired.
01:45:26.767 [DEBUG] [org.gradle.cache.internal.DefaultFileLockManager] Releasing lock on daemon addresses registry.
01:46:26.769 [DEBUG] [org.gradle.launcher.daemon.server.Daemon] DaemonExpirationPeriodicCheck running
01:46:26.769 [DEBUG] [org.gradle.cache.internal.DefaultFileLockManager] Waiting to acquire shared lock on daemon addresses registry.
01:46:26.770 [DEBUG] [org.gradle.cache.internal.DefaultFileLockManager] Lock acquired.
01:46:26.770 [DEBUG] [org.gradle.cache.internal.DefaultFileLockManager] Releasing lock on daemon addresses registry.
01:47:26.767 [DEBUG] [org.gradle.launcher.daemon.server.Daemon] DaemonExpirationPeriodicCheck running
01:47:26.768 [DEBUG] [org.gradle.cache.internal.DefaultFileLockManager] Waiting to acquire shared lock on daemon addresses registry.
01:47:26.768 [DEBUG] [org.gradle.cache.internal.DefaultFileLockManager] Lock acquired.
01:47:26.769 [DEBUG] [org.gradle.cache.internal.DefaultFileLockManager] Releasing lock on daemon addresses registry.
01:48:26.773 [DEBUG] [org.gradle.launcher.daemon.server.Daemon] DaemonExpirationPeriodicCheck running
01:48:26.774 [DEBUG] [org.gradle.cache.internal.DefaultFileLockManager] Waiting to acquire shared lock on daemon addresses registry.
01:48:26.774 [DEBUG] [org.gradle.cache.internal.DefaultFileLockManager] Lock acquired.
01:48:26.774 [DEBUG] [org.gradle.cache.internal.DefaultFileLockManager] Releasing lock on daemon addresses registry.
01:49:26.775 [DEBUG] [org.gradle.launcher.daemon.server.Daemon] DaemonExpirationPeriodicCheck running
01:49:26.776 [DEBUG] [org.gradle.cache.internal.DefaultFileLockManager] Waiting to acquire shared lock on daemon addresses registry.
01:49:26.776 [DEBUG] [org.gradle.cache.internal.DefaultFileLockManager] Lock acquired.
01:49:26.777 [DEBUG] [org.gradle.cache.internal.DefaultFileLockManager] Releasing lock on daemon addresses registry.
01:50:26.780 [DEBUG] [org.gradle.launcher.daemon.server.Daemon] DaemonExpirationPeriodicCheck running
01:50:26.788 [DEBUG] [org.gradle.cache.internal.DefaultFileLockManager] Waiting to acquire shared lock on daemon addresses registry.
01:50:26.788 [DEBUG] [org.gradle.cache.internal.DefaultFileLockManager] Lock acquired.
01:50:26.789 [DEBUG] [org.gradle.cache.internal.DefaultFileLockManager] Releasing lock on daemon addresses registry.
01:51:26.781 [DEBUG] [org.gradle.launcher.daemon.server.Daemon] DaemonExpirationPeriodicCheck running
01:51:26.782 [DEBUG] [org.gradle.cache.internal.DefaultFileLockManager] Waiting to acquire shared lock on daemon addresses registry.
01:51:26.782 [DEBUG] [org.gradle.cache.internal.DefaultFileLockManager] Lock acquired.
01:51:26.783 [DEBUG] [org.gradle.cache.internal.DefaultFileLockManager] Releasing lock on daemon addresses registry.
01:52:26.782 [DEBUG] [org.gradle.launcher.daemon.server.Daemon] DaemonExpirationPeriodicCheck running
01:52:26.783 [INFO] [org.gradle.launcher.daemon.server.DaemonIdleTimeoutExpirationStrategy] Idle timeout: daemon has been idle for 2718052 milliseconds. Expiring.
01:52:26.784 [INFO] [org.gradle.launcher.daemon.server.Daemon] Daemon expiration criteria met, requesting stop
01:52:26.785 [LIFECYCLE] [org.gradle.launcher.daemon.server.Daemon] Daemon stopping because daemon has been idle for 2718052 milliseconds and Free system memory (877797376 bytes) is below threshold of 3435973836 bytes
01:52:26.785 [DEBUG] [org.gradle.launcher.daemon.server.DaemonStateCoordinator] Stop as soon as idle requested. The daemon is busy: false
01:52:26.785 [DEBUG] [org.gradle.launcher.daemon.server.DaemonStateCoordinator] Marking daemon stopped due to stop requested and daemon idle. The daemon is running a build: false
01:52:26.785 [DEBUG] [org.gradle.launcher.daemon.server.DaemonStateCoordinator] daemon has stopped.
01:52:26.785 [DEBUG] [org.gradle.launcher.daemon.server.Daemon] stop() called on daemon
01:52:26.785 [INFO] [org.gradle.launcher.daemon.server.Daemon] Stop requested. Daemon is removing its presence from the registry...
01:52:26.786 [DEBUG] [org.gradle.launcher.daemon.server.DomainRegistryUpdater] Removing our presence to clients, eg. removing this address from the registry: [21648d8b-6300-4d22-a7e4-6358480fe148 port:58626, addresses:[/0:0:0:0:0:0:0:1, /127.0.0.1]]
01:52:26.786 [DEBUG] [org.gradle.launcher.daemon.registry.PersistentDaemonRegistry] Removing daemon address: [21648d8b-6300-4d22-a7e4-6358480fe148 port:58626, addresses:[/0:0:0:0:0:0:0:1, /127.0.0.1]]
01:52:26.787 [DEBUG] [org.gradle.cache.internal.DefaultFileLockManager] Waiting to acquire exclusive lock on daemon addresses registry.
01:52:26.787 [DEBUG] [org.gradle.cache.internal.DefaultFileLockManager] Lock acquired.
01:52:26.788 [DEBUG] [org.gradle.cache.internal.DefaultFileLockManager] Releasing lock on daemon addresses registry.
01:52:26.789 [DEBUG] [org.gradle.launcher.daemon.server.DomainRegistryUpdater] Address removed from registry.
Daemon vm is shutting down... The daemon has exited normally or was terminated in response to a user interrupt.
01:52:26.792 [DEBUG] [org.gradle.launcher.daemon.registry.PersistentDaemonRegistry] Removing daemon address: [21648d8b-6300-4d22-a7e4-6358480fe148 port:58626, addresses:[/0:0:0:0:0:0:0:1, /127.0.0.1]]
01:52:26.792 [DEBUG] [org.gradle.cache.internal.DefaultFileLockManager] Waiting to acquire exclusive lock on daemon addresses registry.
01:52:26.793 [DEBUG] [org.gradle.cache.internal.DefaultFileLockManager] Lock acquired.
01:52:26.794 [DEBUG] [org.gradle.cache.internal.DefaultFileLockManager] Releasing lock on daemon addresses registry.
