10:17:16.829 [INFO] [org.gradle.launcher.daemon.server.health.gc.GarbageCollectionMonitor] Unable to determine a garbage collection monitoring strategy for JVMStrategy{JetBrains s.r.o version 1.8.0_112-release}
10:17:16.838 [INFO] [org.gradle.launcher.daemon.server.Daemon] start() called on daemon - DefaultDaemonContext[uid=b6ab408c-b601-45d8-8827-46cb68edfa2a,javaHome=/Applications/Android Studio.app/Contents/jre/jdk/Contents/Home,daemonRegistryDir=/Users/apple/Desktop/AwesomeProject/android/gradle/wrapper/daemon,pid=11876,idleTimeout=10800000,daemonOpts=-XX:MaxPermSize=256m,-XX:+HeapDumpOnOutOfMemoryError,-Xmx1024m,-Dfile.encoding=UTF-8,-Duser.country=US,-Duser.language=en,-Duser.variant]
10:17:16.846 [DEBUG] [org.gradle.launcher.daemon.server.DaemonStateCoordinator] updating lastActivityAt to 1492676236846
10:17:16.868 [DEBUG] [org.gradle.internal.remote.internal.inet.InetAddressFactory] Adding IP addresses for network interface en0
10:17:16.869 [DEBUG] [org.gradle.internal.remote.internal.inet.InetAddressFactory] Is this a loopback interface? false
10:17:16.869 [DEBUG] [org.gradle.internal.remote.internal.inet.InetAddressFactory] Is this a multicast interface? true
10:17:16.870 [DEBUG] [org.gradle.internal.remote.internal.inet.InetAddressFactory] Adding remote address /fd58:7f66:3d6a:6700:e9be:4d1:9170:98a
10:17:16.871 [DEBUG] [org.gradle.internal.remote.internal.inet.InetAddressFactory] Adding remote address /fd58:7f66:3d6a:6700:223:32ff:fe2e:29b4
10:17:16.871 [DEBUG] [org.gradle.internal.remote.internal.inet.InetAddressFactory] Adding remote address /fe80:0:0:0:223:32ff:fe2e:29b4%en0
10:17:16.872 [DEBUG] [org.gradle.internal.remote.internal.inet.InetAddressFactory] Adding remote address /192.168.1.25
10:17:16.873 [DEBUG] [org.gradle.internal.remote.internal.inet.InetAddressFactory] Adding remote multicast interface en0
10:17:16.873 [DEBUG] [org.gradle.internal.remote.internal.inet.InetAddressFactory] Adding IP addresses for network interface lo0
10:17:16.874 [DEBUG] [org.gradle.internal.remote.internal.inet.InetAddressFactory] Is this a loopback interface? true
10:17:16.874 [DEBUG] [org.gradle.internal.remote.internal.inet.InetAddressFactory] Is this a multicast interface? true
10:17:16.875 [DEBUG] [org.gradle.internal.remote.internal.inet.InetAddressFactory] Ignoring remote address on loopback interface /fe80:0:0:0:0:0:0:1%lo0
10:17:16.875 [DEBUG] [org.gradle.internal.remote.internal.inet.InetAddressFactory] Adding loopback address /0:0:0:0:0:0:0:1
10:17:16.875 [DEBUG] [org.gradle.internal.remote.internal.inet.InetAddressFactory] Adding loopback address /127.0.0.1
10:17:16.876 [DEBUG] [org.gradle.internal.remote.internal.inet.InetAddressFactory] Adding loopback multicast interface lo0
10:17:16.881 [DEBUG] [org.gradle.internal.remote.internal.inet.TcpIncomingConnector] Listening on [38ab815c-413c-4a42-afc7-0bdcfa0f7a38 port:59397, addresses:[/0:0:0:0:0:0:0:1, /127.0.0.1]].
10:17:16.884 [DEBUG] [org.gradle.launcher.daemon.server.Daemon] Daemon starting at: Thu Apr 20 10:17:16 EET 2017, with address: [38ab815c-413c-4a42-afc7-0bdcfa0f7a38 port:59397, addresses:[/0:0:0:0:0:0:0:1, /127.0.0.1]]
10:17:16.884 [INFO] [org.gradle.launcher.daemon.server.DomainRegistryUpdater] Advertising the daemon address to the clients: [38ab815c-413c-4a42-afc7-0bdcfa0f7a38 port:59397, addresses:[/0:0:0:0:0:0:0:1, /127.0.0.1]]
10:17:16.885 [DEBUG] [org.gradle.launcher.daemon.server.DomainRegistryUpdater] Advertised daemon context: DefaultDaemonContext[uid=b6ab408c-b601-45d8-8827-46cb68edfa2a,javaHome=/Applications/Android Studio.app/Contents/jre/jdk/Contents/Home,daemonRegistryDir=/Users/apple/Desktop/AwesomeProject/android/gradle/wrapper/daemon,pid=11876,idleTimeout=10800000,daemonOpts=-XX:MaxPermSize=256m,-XX:+HeapDumpOnOutOfMemoryError,-Xmx1024m,-Dfile.encoding=UTF-8,-Duser.country=US,-Duser.language=en,-Duser.variant]
10:17:16.887 [DEBUG] [org.gradle.launcher.daemon.registry.PersistentDaemonRegistry] Storing daemon address: [38ab815c-413c-4a42-afc7-0bdcfa0f7a38 port:59397, addresses:[/0:0:0:0:0:0:0:1, /127.0.0.1]], context: DefaultDaemonContext[uid=b6ab408c-b601-45d8-8827-46cb68edfa2a,javaHome=/Applications/Android Studio.app/Contents/jre/jdk/Contents/Home,daemonRegistryDir=/Users/apple/Desktop/AwesomeProject/android/gradle/wrapper/daemon,pid=11876,idleTimeout=10800000,daemonOpts=-XX:MaxPermSize=256m,-XX:+HeapDumpOnOutOfMemoryError,-Xmx1024m,-Dfile.encoding=UTF-8,-Duser.country=US,-Duser.language=en,-Duser.variant]
10:17:16.897 [DEBUG] [org.gradle.cache.internal.DefaultFileLockManager] Waiting to acquire exclusive lock on daemon addresses registry.
10:17:16.900 [DEBUG] [org.gradle.cache.internal.DefaultFileLockManager] Lock acquired.
10:17:17.006 [DEBUG] [org.gradle.cache.internal.DefaultFileLockManager] Releasing lock on daemon addresses registry.
10:17:17.007 [LIFECYCLE] [org.gradle.launcher.daemon.server.Daemon] Daemon server started.
10:17:17.011 [DEBUG] [org.gradle.launcher.daemon.bootstrap.DaemonStartupCommunication] Completed writing the daemon greeting. Closing streams...
10:17:17.023 [DEBUG] [org.gradle.launcher.daemon.server.Daemon] stopOnExpiration() called on daemon
10:17:17.027 [DEBUG] [org.gradle.launcher.daemon.server.Daemon] awaitExpiration() called on daemon
10:17:17.029 [DEBUG] [org.gradle.launcher.daemon.server.DaemonStateCoordinator] daemon is running. Sleeping until state changes.
10:17:17.039 [DEBUG] [org.gradle.internal.remote.internal.inet.TcpIncomingConnector] Accepted connection from /127.0.0.1:59398 to /127.0.0.1:59397.
10:17:17.124 [DEBUG] [org.gradle.launcher.daemon.server.SynchronizedDispatchConnection] thread 15: received class org.gradle.launcher.daemon.protocol.Build
10:17:17.125 [DEBUG] [org.gradle.launcher.daemon.server.DefaultDaemonConnection] thread 15: Received non-IO message from client: Build{id=166e04a6-c1b7-486d-91e0-dbdb77d2161d.1, currentDir=/Users/apple/Desktop/AwesomeProject/android}
10:17:17.126 [INFO] [org.gradle.launcher.daemon.server.DefaultIncomingConnectionHandler] Received command: Build{id=166e04a6-c1b7-486d-91e0-dbdb77d2161d.1, currentDir=/Users/apple/Desktop/AwesomeProject/android}.
10:17:17.126 [DEBUG] [org.gradle.launcher.daemon.server.DefaultIncomingConnectionHandler] Starting executing command: Build{id=166e04a6-c1b7-486d-91e0-dbdb77d2161d.1, currentDir=/Users/apple/Desktop/AwesomeProject/android} with connection: socket connection from /127.0.0.1:59397 to /127.0.0.1:59398.
10:17:17.134 [DEBUG] [org.gradle.launcher.daemon.server.DaemonStateCoordinator] Command execution: started DaemonCommandExecution[command = Build{id=166e04a6-c1b7-486d-91e0-dbdb77d2161d.1, currentDir=/Users/apple/Desktop/AwesomeProject/android}, connection = org.gradle.launcher.daemon.server.DefaultDaemonConnection@6337b147] after 0.0 minutes of idle
10:17:17.135 [INFO] [org.gradle.launcher.daemon.server.DomainRegistryUpdater] Marking the daemon as busy, address: [38ab815c-413c-4a42-afc7-0bdcfa0f7a38 port:59397, addresses:[/0:0:0:0:0:0:0:1, /127.0.0.1]]
10:17:17.135 [DEBUG] [org.gradle.launcher.daemon.registry.PersistentDaemonRegistry] Marking busy by address: [38ab815c-413c-4a42-afc7-0bdcfa0f7a38 port:59397, addresses:[/0:0:0:0:0:0:0:1, /127.0.0.1]]
10:17:17.137 [DEBUG] [org.gradle.cache.internal.DefaultFileLockManager] Waiting to acquire exclusive lock on daemon addresses registry.
10:17:17.137 [DEBUG] [org.gradle.cache.internal.DefaultFileLockManager] Lock acquired.
10:17:17.143 [DEBUG] [org.gradle.cache.internal.DefaultFileLockManager] Releasing lock on daemon addresses registry.
10:17:17.143 [DEBUG] [org.gradle.launcher.daemon.server.DaemonStateCoordinator] updating lastActivityAt to 1492676237143
10:17:17.144 [DEBUG] [org.gradle.launcher.daemon.server.DaemonStateCoordinator] daemon is running. Sleeping until state changes.
10:17:17.144 [INFO] [org.gradle.launcher.daemon.server.exec.StartBuildOrRespondWithBusy] Daemon is about to start building Build{id=166e04a6-c1b7-486d-91e0-dbdb77d2161d.1, currentDir=/Users/apple/Desktop/AwesomeProject/android}. Dispatching build started information...
10:17:17.145 [DEBUG] [org.gradle.launcher.daemon.server.SynchronizedDispatchConnection] thread 17: dispatching class org.gradle.launcher.daemon.protocol.BuildStarted
10:17:17.150 [DEBUG] [org.gradle.launcher.daemon.server.exec.EstablishBuildEnvironment] Configuring env variables: {PATH=/usr/bin:/bin:/usr/sbin:/sbin, SSH_AUTH_SOCK=/private/tmp/com.apple.launchd.FigoYAzmf2/Listeners, XPC_FLAGS=0x0, SHELL=/bin/bash, __CF_USER_TEXT_ENCODING=0x1F5:0x0:0x0, Apple_PubSub_Socket_Render=/private/tmp/com.apple.launchd.eSy43AOZNT/Render, LOGNAME=apple, USER=apple, XPC_SERVICE_NAME=com.google.android.studio.157152, HOME=/Users/apple, TMPDIR=/var/folders/6b/fbn5s3lx1t39zzl364qb01lr0000gn/T/}
10:17:17.159 [DEBUG] [org.gradle.launcher.daemon.server.SynchronizedDispatchConnection] thread 15: received class org.gradle.launcher.daemon.protocol.CloseInput
10:17:17.160 [DEBUG] [org.gradle.launcher.daemon.server.DefaultDaemonConnection] thread 15: Received IO message from client: org.gradle.launcher.daemon.protocol.CloseInput@656f117f
10:17:17.186 [DEBUG] [org.gradle.launcher.daemon.server.exec.LogToClient] About to start relaying all logs to the client via the connection.
10:17:17.186 [INFO] [org.gradle.launcher.daemon.server.exec.LogToClient] The client will now receive all logging from the daemon (pid: 11876). The daemon log file: /Users/apple/Desktop/AwesomeProject/android/gradle/wrapper/daemon/2.14.1/daemon-11876.out.log
10:17:17.189 [INFO] [org.gradle.launcher.daemon.server.health.DaemonHealthTracker] Starting build in new daemon [memory: 954.7 MB]
10:17:17.190 [INFO] [org.gradle.launcher.daemon.server.exec.ForwardClientInput] Closing daemon's stdin at end of input.
10:17:17.191 [INFO] [org.gradle.launcher.daemon.server.exec.ForwardClientInput] The daemon will no longer process any standard input.
10:17:17.194 [DEBUG] [org.gradle.launcher.daemon.server.exec.ExecuteBuild] The daemon has started executing the build.
10:17:17.194 [INFO] [org.gradle.launcher.daemon.server.exec.ExecuteBuild] Executing build with daemon context: DefaultDaemonContext[uid=b6ab408c-b601-45d8-8827-46cb68edfa2a,javaHome=/Applications/Android Studio.app/Contents/jre/jdk/Contents/Home,daemonRegistryDir=/Users/apple/Desktop/AwesomeProject/android/gradle/wrapper/daemon,pid=11876,idleTimeout=10800000,daemonOpts=-XX:MaxPermSize=256m,-XX:+HeapDumpOnOutOfMemoryError,-Xmx1024m,-Dfile.encoding=UTF-8,-Duser.country=US,-Duser.language=en,-Duser.variant]
Incremental java compilation is an incubating feature.

CONFIGURE SUCCESSFUL

Total time: 12.843 secs
10:17:29.065 [DEBUG] [org.gradle.api.internal.artifacts.ivyservice.ivyresolve.memcache.InMemoryCachedRepositoryFactory] In-memory dependency metadata cache closed. Repos cached: 23, cache instances: 7, modules served from cache: 279, artifacts: 57
10:17:29.065 [DEBUG] [org.gradle.cache.internal.DefaultCacheAccess] Cache Generated Gradle JARs cache (/Users/apple/Desktop/AwesomeProject/android/gradle/wrapper/caches/2.14.1/generated-gradle-jars) was closed 0 times.
10:17:29.066 [DEBUG] [org.gradle.cache.internal.btree.BTreePersistentIndexedCache] Closing cache module-metadata.bin (/Users/apple/Desktop/AwesomeProject/android/gradle/wrapper/caches/modules-2/metadata-2.16/module-metadata.bin)
10:17:29.068 [DEBUG] [org.gradle.cache.internal.btree.BTreePersistentIndexedCache] Closing cache artifact-at-repository.bin (/Users/apple/Desktop/AwesomeProject/android/gradle/wrapper/caches/modules-2/metadata-2.16/artifact-at-repository.bin)
10:17:29.068 [DEBUG] [org.gradle.cache.internal.btree.BTreePersistentIndexedCache] Closing cache module-artifacts.bin (/Users/apple/Desktop/AwesomeProject/android/gradle/wrapper/caches/modules-2/metadata-2.16/module-artifacts.bin)
10:17:29.070 [DEBUG] [org.gradle.cache.internal.btree.BTreePersistentIndexedCache] Closing cache module-versions.bin (/Users/apple/Desktop/AwesomeProject/android/gradle/wrapper/caches/modules-2/metadata-2.16/module-versions.bin)
10:17:29.070 [DEBUG] [org.gradle.cache.internal.DefaultFileLockManager] Releasing lock on artifact cache (/Users/apple/Desktop/AwesomeProject/android/gradle/wrapper/caches/modules-2).
10:17:29.072 [DEBUG] [org.gradle.api.internal.artifacts.ivyservice.resolveengine.store.CachedStoreFactory] Resolution result cache closed. Cache reads: 0, disk reads: 0 (avg: 0.0 secs, total: 0.0 secs)
10:17:29.074 [DEBUG] [org.gradle.api.internal.artifacts.ivyservice.resolveengine.store.CachedStoreFactory] Resolution result cache closed. Cache reads: 0, disk reads: 3 (avg: 0.002 secs, total: 0.008 secs)
10:17:29.074 [DEBUG] [org.gradle.api.internal.artifacts.ivyservice.resolveengine.store.ResolutionResultsStoreFactory] Deleted 2 resolution results binary files in 0.003 secs
10:17:29.075 [DEBUG] [org.gradle.cache.internal.DefaultCacheAccess] Cache Plugin Resolution Cache (/Users/apple/Desktop/AwesomeProject/android/gradle/wrapper/caches/2.14.1/plugin-resolution) was closed 0 times.
10:17:29.077 [DEBUG] [org.gradle.api.internal.tasks.compile.daemon.CompilerDaemonManager] Stopping 0 compiler daemon(s).
10:17:29.077 [INFO] [org.gradle.api.internal.tasks.compile.daemon.CompilerDaemonManager] Stopped 0 compiler daemon(s).
10:17:29.077 [DEBUG] [org.gradle.cache.internal.DefaultFileLockManager] Releasing lock on jars (/Users/apple/Desktop/AwesomeProject/android/gradle/wrapper/caches/jars-1).
10:17:29.078 [DEBUG] [org.gradle.launcher.daemon.server.exec.ExecuteBuild] The daemon has finished executing the build.
10:17:29.416 [DEBUG] [org.gradle.launcher.daemon.server.DaemonStateCoordinator] daemon is running. Sleeping until state changes.
10:17:29.417 [DEBUG] [org.gradle.launcher.daemon.server.DaemonStateCoordinator] Command execution: finished waiting for DaemonCommandExecution[command = Build{id=166e04a6-c1b7-486d-91e0-dbdb77d2161d.1, currentDir=/Users/apple/Desktop/AwesomeProject/android}, connection = org.gradle.launcher.daemon.server.DefaultDaemonConnection@6337b147]. Result org.gradle.launcher.daemon.server.DaemonStateCoordinator@1464677e with state Running
10:17:29.417 [DEBUG] [org.gradle.launcher.daemon.server.DaemonStateCoordinator] Command execution: completed DaemonCommandExecution[command = Build{id=166e04a6-c1b7-486d-91e0-dbdb77d2161d.1, currentDir=/Users/apple/Desktop/AwesomeProject/android}, connection = org.gradle.launcher.daemon.server.DefaultDaemonConnection@6337b147]
10:17:29.418 [DEBUG] [org.gradle.launcher.daemon.server.DaemonStateCoordinator] updating lastActivityAt to 1492676249418
10:17:29.418 [INFO] [org.gradle.launcher.daemon.server.DomainRegistryUpdater] Marking the daemon as idle, address: [38ab815c-413c-4a42-afc7-0bdcfa0f7a38 port:59397, addresses:[/0:0:0:0:0:0:0:1, /127.0.0.1]]
10:17:29.418 [DEBUG] [org.gradle.launcher.daemon.registry.PersistentDaemonRegistry] Marking idle by address: [38ab815c-413c-4a42-afc7-0bdcfa0f7a38 port:59397, addresses:[/0:0:0:0:0:0:0:1, /127.0.0.1]]
10:17:29.420 [DEBUG] [org.gradle.cache.internal.DefaultFileLockManager] Waiting to acquire exclusive lock on daemon addresses registry.
10:17:29.421 [DEBUG] [org.gradle.cache.internal.DefaultFileLockManager] Lock acquired.
10:17:29.425 [DEBUG] [org.gradle.cache.internal.DefaultFileLockManager] Releasing lock on daemon addresses registry.
10:17:29.426 [DEBUG] [org.gradle.launcher.daemon.server.DaemonStateCoordinator] daemon is running. Sleeping until state changes.
10:17:29.426 [DEBUG] [org.gradle.launcher.daemon.server.exec.ReturnResult] Daemon is dispatching the build result: Success[value=org.gradle.tooling.internal.provider.BuildActionResult@5a4a33b6]
10:17:29.427 [DEBUG] [org.gradle.launcher.daemon.server.SynchronizedDispatchConnection] thread 14: dispatching class org.gradle.launcher.daemon.protocol.Success
10:17:29.438 [DEBUG] [org.gradle.launcher.daemon.server.DefaultIncomingConnectionHandler] Finishing executing command: Build{id=166e04a6-c1b7-486d-91e0-dbdb77d2161d.1, currentDir=/Users/apple/Desktop/AwesomeProject/android}
10:17:29.480 [DEBUG] [org.gradle.launcher.daemon.server.SynchronizedDispatchConnection] thread 15: received class org.gradle.launcher.daemon.protocol.Finished
10:17:29.481 [DEBUG] [org.gradle.launcher.daemon.server.DefaultDaemonConnection] thread 15: Received non-IO message from client: org.gradle.launcher.daemon.protocol.Finished@36d1eb21
10:17:29.482 [DEBUG] [org.gradle.internal.remote.internal.inet.SocketConnection] Discarding EOFException: java.io.EOFException
10:17:29.482 [DEBUG] [org.gradle.launcher.daemon.server.SynchronizedDispatchConnection] thread 15: received null
10:17:29.482 [DEBUG] [org.gradle.launcher.daemon.server.DefaultDaemonConnection] thread 15: Received end-of-input from client.
10:17:29.482 [DEBUG] [org.gradle.launcher.daemon.server.DefaultIncomingConnectionHandler] Received finished message: org.gradle.launcher.daemon.protocol.Finished@36d1eb21
10:17:29.483 [DEBUG] [org.gradle.launcher.daemon.server.SynchronizedDispatchConnection] thread 14: stopping connection
10:17:29.489 [DEBUG] [org.gradle.launcher.daemon.server.SynchronizedDispatchConnection] thread 14: stopping connection
10:18:17.029 [DEBUG] [org.gradle.launcher.daemon.server.Daemon] DaemonExpirationPeriodicCheck running
10:18:17.032 [DEBUG] [org.gradle.cache.internal.DefaultFileLockManager] Waiting to acquire shared lock on daemon addresses registry.
10:18:17.033 [DEBUG] [org.gradle.cache.internal.DefaultFileLockManager] Lock acquired.
10:18:17.034 [DEBUG] [org.gradle.cache.internal.DefaultFileLockManager] Releasing lock on daemon addresses registry.
10:19:17.032 [DEBUG] [org.gradle.launcher.daemon.server.Daemon] DaemonExpirationPeriodicCheck running
10:19:17.033 [DEBUG] [org.gradle.cache.internal.DefaultFileLockManager] Waiting to acquire shared lock on daemon addresses registry.
10:19:17.033 [DEBUG] [org.gradle.cache.internal.DefaultFileLockManager] Lock acquired.
10:19:17.036 [DEBUG] [org.gradle.cache.internal.DefaultFileLockManager] Releasing lock on daemon addresses registry.
10:20:17.037 [DEBUG] [org.gradle.launcher.daemon.server.Daemon] DaemonExpirationPeriodicCheck running
10:20:17.038 [DEBUG] [org.gradle.cache.internal.DefaultFileLockManager] Waiting to acquire shared lock on daemon addresses registry.
10:20:17.038 [DEBUG] [org.gradle.cache.internal.DefaultFileLockManager] Lock acquired.
10:20:17.040 [DEBUG] [org.gradle.cache.internal.DefaultFileLockManager] Releasing lock on daemon addresses registry.
10:21:17.037 [DEBUG] [org.gradle.launcher.daemon.server.Daemon] DaemonExpirationPeriodicCheck running
10:21:17.038 [DEBUG] [org.gradle.cache.internal.DefaultFileLockManager] Waiting to acquire shared lock on daemon addresses registry.
10:21:17.039 [DEBUG] [org.gradle.cache.internal.DefaultFileLockManager] Lock acquired.
10:21:17.041 [DEBUG] [org.gradle.cache.internal.DefaultFileLockManager] Releasing lock on daemon addresses registry.
10:22:17.044 [DEBUG] [org.gradle.launcher.daemon.server.Daemon] DaemonExpirationPeriodicCheck running
10:22:17.045 [DEBUG] [org.gradle.cache.internal.DefaultFileLockManager] Waiting to acquire shared lock on daemon addresses registry.
10:22:17.045 [DEBUG] [org.gradle.cache.internal.DefaultFileLockManager] Lock acquired.
10:22:17.047 [DEBUG] [org.gradle.cache.internal.DefaultFileLockManager] Releasing lock on daemon addresses registry.
10:23:17.044 [DEBUG] [org.gradle.launcher.daemon.server.Daemon] DaemonExpirationPeriodicCheck running
10:23:17.045 [DEBUG] [org.gradle.cache.internal.DefaultFileLockManager] Waiting to acquire shared lock on daemon addresses registry.
10:23:17.045 [DEBUG] [org.gradle.cache.internal.DefaultFileLockManager] Lock acquired.
10:23:17.047 [DEBUG] [org.gradle.cache.internal.DefaultFileLockManager] Releasing lock on daemon addresses registry.
10:24:17.046 [DEBUG] [org.gradle.launcher.daemon.server.Daemon] DaemonExpirationPeriodicCheck running
10:24:17.047 [DEBUG] [org.gradle.cache.internal.DefaultFileLockManager] Waiting to acquire shared lock on daemon addresses registry.
10:24:17.048 [DEBUG] [org.gradle.cache.internal.DefaultFileLockManager] Lock acquired.
10:24:17.049 [DEBUG] [org.gradle.cache.internal.DefaultFileLockManager] Releasing lock on daemon addresses registry.
10:25:17.050 [DEBUG] [org.gradle.launcher.daemon.server.Daemon] DaemonExpirationPeriodicCheck running
10:25:17.051 [DEBUG] [org.gradle.cache.internal.DefaultFileLockManager] Waiting to acquire shared lock on daemon addresses registry.
10:25:17.051 [DEBUG] [org.gradle.cache.internal.DefaultFileLockManager] Lock acquired.
10:25:17.054 [DEBUG] [org.gradle.cache.internal.DefaultFileLockManager] Releasing lock on daemon addresses registry.
10:26:11.094 [DEBUG] [org.gradle.internal.remote.internal.inet.TcpIncomingConnector] Accepted connection from /127.0.0.1:60054 to /127.0.0.1:59397.
10:26:11.124 [DEBUG] [org.gradle.launcher.daemon.server.SynchronizedDispatchConnection] thread 23: received class org.gradle.launcher.daemon.protocol.Build
10:26:11.125 [DEBUG] [org.gradle.launcher.daemon.server.DefaultDaemonConnection] thread 23: Received non-IO message from client: Build{id=efffc7e4-b1ab-4622-ad25-51acfc21fcb6.1, currentDir=/Users/apple/Desktop/AwesomeProject/android}
10:26:11.125 [INFO] [org.gradle.launcher.daemon.server.DefaultIncomingConnectionHandler] Received command: Build{id=efffc7e4-b1ab-4622-ad25-51acfc21fcb6.1, currentDir=/Users/apple/Desktop/AwesomeProject/android}.
10:26:11.125 [DEBUG] [org.gradle.launcher.daemon.server.DefaultIncomingConnectionHandler] Starting executing command: Build{id=efffc7e4-b1ab-4622-ad25-51acfc21fcb6.1, currentDir=/Users/apple/Desktop/AwesomeProject/android} with connection: socket connection from /127.0.0.1:59397 to /127.0.0.1:60054.
10:26:11.126 [DEBUG] [org.gradle.launcher.daemon.server.DaemonStateCoordinator] Command execution: started DaemonCommandExecution[command = Build{id=efffc7e4-b1ab-4622-ad25-51acfc21fcb6.1, currentDir=/Users/apple/Desktop/AwesomeProject/android}, connection = org.gradle.launcher.daemon.server.DefaultDaemonConnection@170146ce] after 8.0 minutes of idle
10:26:11.126 [INFO] [org.gradle.launcher.daemon.server.DomainRegistryUpdater] Marking the daemon as busy, address: [38ab815c-413c-4a42-afc7-0bdcfa0f7a38 port:59397, addresses:[/0:0:0:0:0:0:0:1, /127.0.0.1]]
10:26:11.126 [DEBUG] [org.gradle.launcher.daemon.registry.PersistentDaemonRegistry] Marking busy by address: [38ab815c-413c-4a42-afc7-0bdcfa0f7a38 port:59397, addresses:[/0:0:0:0:0:0:0:1, /127.0.0.1]]
10:26:11.127 [DEBUG] [org.gradle.cache.internal.DefaultFileLockManager] Waiting to acquire exclusive lock on daemon addresses registry.
10:26:11.127 [DEBUG] [org.gradle.cache.internal.DefaultFileLockManager] Lock acquired.
10:26:11.130 [DEBUG] [org.gradle.cache.internal.DefaultFileLockManager] Releasing lock on daemon addresses registry.
10:26:11.130 [DEBUG] [org.gradle.launcher.daemon.server.DaemonStateCoordinator] updating lastActivityAt to 1492676771130
10:26:11.130 [DEBUG] [org.gradle.launcher.daemon.server.DaemonStateCoordinator] daemon is running. Sleeping until state changes.
10:26:11.131 [INFO] [org.gradle.launcher.daemon.server.exec.StartBuildOrRespondWithBusy] Daemon is about to start building Build{id=efffc7e4-b1ab-4622-ad25-51acfc21fcb6.1, currentDir=/Users/apple/Desktop/AwesomeProject/android}. Dispatching build started information...
10:26:11.131 [DEBUG] [org.gradle.launcher.daemon.server.SynchronizedDispatchConnection] thread 25: dispatching class org.gradle.launcher.daemon.protocol.BuildStarted
10:26:11.132 [DEBUG] [org.gradle.launcher.daemon.server.exec.EstablishBuildEnvironment] Configuring env variables: {PATH=/usr/bin:/bin:/usr/sbin:/sbin, SSH_AUTH_SOCK=/private/tmp/com.apple.launchd.FigoYAzmf2/Listeners, XPC_FLAGS=0x0, SHELL=/bin/bash, __CF_USER_TEXT_ENCODING=0x1F5:0x0:0x0, Apple_PubSub_Socket_Render=/private/tmp/com.apple.launchd.eSy43AOZNT/Render, LOGNAME=apple, USER=apple, XPC_SERVICE_NAME=com.google.android.studio.157152, HOME=/Users/apple, TMPDIR=/var/folders/6b/fbn5s3lx1t39zzl364qb01lr0000gn/T/}
10:26:11.133 [DEBUG] [org.gradle.launcher.daemon.server.exec.LogToClient] About to start relaying all logs to the client via the connection.
10:26:11.133 [INFO] [org.gradle.launcher.daemon.server.exec.LogToClient] The client will now receive all logging from the daemon (pid: 11876). The daemon log file: /Users/apple/Desktop/AwesomeProject/android/gradle/wrapper/daemon/2.14.1/daemon-11876.out.log
10:26:11.134 [INFO] [org.gradle.launcher.daemon.server.health.DaemonHealthTracker] Starting 2nd build in daemon [uptime: 8 mins 54.316 secs, performance: 97%]
10:26:11.135 [DEBUG] [org.gradle.launcher.daemon.server.exec.ExecuteBuild] The daemon has started executing the build.
10:26:11.135 [INFO] [org.gradle.launcher.daemon.server.exec.ExecuteBuild] Executing build with daemon context: DefaultDaemonContext[uid=b6ab408c-b601-45d8-8827-46cb68edfa2a,javaHome=/Applications/Android Studio.app/Contents/jre/jdk/Contents/Home,daemonRegistryDir=/Users/apple/Desktop/AwesomeProject/android/gradle/wrapper/daemon,pid=11876,idleTimeout=10800000,daemonOpts=-XX:MaxPermSize=256m,-XX:+HeapDumpOnOutOfMemoryError,-Xmx1024m,-Dfile.encoding=UTF-8,-Duser.country=US,-Duser.language=en,-Duser.variant]
Incremental java compilation is an incubating feature.

CONFIGURE SUCCESSFUL

Total time: 2.737 secs
The Test.testSrcDirs property has been deprecated and is scheduled to be removed in Gradle 3.0. Support for TestNG Javadoc annotations will be removed in Gradle 3.0.
10:26:15.222 [DEBUG] [org.gradle.api.internal.artifacts.ivyservice.ivyresolve.memcache.InMemoryCachedRepositoryFactory] In-memory dependency metadata cache closed. Repos cached: 41, cache instances: 7, modules served from cache: 478, artifacts: 79
10:26:15.223 [DEBUG] [org.gradle.cache.internal.DefaultCacheAccess] Cache Generated Gradle JARs cache (/Users/apple/Desktop/AwesomeProject/android/gradle/wrapper/caches/2.14.1/generated-gradle-jars) was closed 0 times.
10:26:15.223 [DEBUG] [org.gradle.cache.internal.btree.BTreePersistentIndexedCache] Closing cache module-versions.bin (/Users/apple/Desktop/AwesomeProject/android/gradle/wrapper/caches/modules-2/metadata-2.16/module-versions.bin)
10:26:15.223 [DEBUG] [org.gradle.cache.internal.btree.BTreePersistentIndexedCache] Closing cache module-metadata.bin (/Users/apple/Desktop/AwesomeProject/android/gradle/wrapper/caches/modules-2/metadata-2.16/module-metadata.bin)
10:26:15.223 [DEBUG] [org.gradle.cache.internal.btree.BTreePersistentIndexedCache] Closing cache module-artifacts.bin (/Users/apple/Desktop/AwesomeProject/android/gradle/wrapper/caches/modules-2/metadata-2.16/module-artifacts.bin)
10:26:15.224 [DEBUG] [org.gradle.cache.internal.btree.BTreePersistentIndexedCache] Closing cache artifact-at-repository.bin (/Users/apple/Desktop/AwesomeProject/android/gradle/wrapper/caches/modules-2/metadata-2.16/artifact-at-repository.bin)
10:26:15.224 [DEBUG] [org.gradle.cache.internal.DefaultFileLockManager] Releasing lock on artifact cache (/Users/apple/Desktop/AwesomeProject/android/gradle/wrapper/caches/modules-2).
10:26:15.225 [DEBUG] [org.gradle.api.internal.artifacts.ivyservice.resolveengine.store.CachedStoreFactory] Resolution result cache closed. Cache reads: 0, disk reads: 0 (avg: 0.0 secs, total: 0.0 secs)
10:26:15.227 [DEBUG] [org.gradle.api.internal.artifacts.ivyservice.resolveengine.store.CachedStoreFactory] Resolution result cache closed. Cache reads: 2, disk reads: 4 (avg: 0.002 secs, total: 0.011 secs)
10:26:15.227 [DEBUG] [org.gradle.api.internal.artifacts.ivyservice.resolveengine.store.ResolutionResultsStoreFactory] Deleted 2 resolution results binary files in 0.002 secs
10:26:15.228 [DEBUG] [org.gradle.cache.internal.DefaultCacheAccess] Cache Plugin Resolution Cache (/Users/apple/Desktop/AwesomeProject/android/gradle/wrapper/caches/2.14.1/plugin-resolution) was closed 0 times.
10:26:15.228 [DEBUG] [org.gradle.api.internal.tasks.compile.daemon.CompilerDaemonManager] Stopping 0 compiler daemon(s).
10:26:15.229 [INFO] [org.gradle.api.internal.tasks.compile.daemon.CompilerDaemonManager] Stopped 0 compiler daemon(s).
10:26:15.229 [DEBUG] [org.gradle.cache.internal.DefaultFileLockManager] Releasing lock on jars (/Users/apple/Desktop/AwesomeProject/android/gradle/wrapper/caches/jars-1).
10:26:15.230 [DEBUG] [org.gradle.launcher.daemon.server.exec.ExecuteBuild] The daemon has finished executing the build.
10:26:15.676 [DEBUG] [org.gradle.launcher.daemon.server.DaemonStateCoordinator] daemon is running. Sleeping until state changes.
10:26:15.681 [DEBUG] [org.gradle.launcher.daemon.server.DaemonStateCoordinator] Command execution: finished waiting for DaemonCommandExecution[command = Build{id=efffc7e4-b1ab-4622-ad25-51acfc21fcb6.1, currentDir=/Users/apple/Desktop/AwesomeProject/android}, connection = org.gradle.launcher.daemon.server.DefaultDaemonConnection@170146ce]. Result org.gradle.launcher.daemon.server.DaemonStateCoordinator@1464677e with state Running
10:26:15.682 [DEBUG] [org.gradle.launcher.daemon.server.DaemonStateCoordinator] Command execution: completed DaemonCommandExecution[command = Build{id=efffc7e4-b1ab-4622-ad25-51acfc21fcb6.1, currentDir=/Users/apple/Desktop/AwesomeProject/android}, connection = org.gradle.launcher.daemon.server.DefaultDaemonConnection@170146ce]
10:26:15.682 [DEBUG] [org.gradle.launcher.daemon.server.DaemonStateCoordinator] updating lastActivityAt to 1492676775682
10:26:15.682 [INFO] [org.gradle.launcher.daemon.server.DomainRegistryUpdater] Marking the daemon as idle, address: [38ab815c-413c-4a42-afc7-0bdcfa0f7a38 port:59397, addresses:[/0:0:0:0:0:0:0:1, /127.0.0.1]]
10:26:15.682 [DEBUG] [org.gradle.launcher.daemon.registry.PersistentDaemonRegistry] Marking idle by address: [38ab815c-413c-4a42-afc7-0bdcfa0f7a38 port:59397, addresses:[/0:0:0:0:0:0:0:1, /127.0.0.1]]
10:26:15.683 [DEBUG] [org.gradle.cache.internal.DefaultFileLockManager] Waiting to acquire exclusive lock on daemon addresses registry.
10:26:15.683 [DEBUG] [org.gradle.cache.internal.DefaultFileLockManager] Lock acquired.
10:26:15.686 [DEBUG] [org.gradle.cache.internal.DefaultFileLockManager] Releasing lock on daemon addresses registry.
10:26:15.686 [DEBUG] [org.gradle.launcher.daemon.server.exec.ReturnResult] Daemon is dispatching the build result: Success[value=org.gradle.tooling.internal.provider.BuildActionResult@3e0109ea]
10:26:15.687 [DEBUG] [org.gradle.launcher.daemon.server.DaemonStateCoordinator] daemon is running. Sleeping until state changes.
10:26:15.687 [DEBUG] [org.gradle.launcher.daemon.server.SynchronizedDispatchConnection] thread 22: dispatching class org.gradle.launcher.daemon.protocol.Success
10:26:15.742 [DEBUG] [org.gradle.launcher.daemon.server.DefaultIncomingConnectionHandler] Finishing executing command: Build{id=efffc7e4-b1ab-4622-ad25-51acfc21fcb6.1, currentDir=/Users/apple/Desktop/AwesomeProject/android}
10:26:15.752 [DEBUG] [org.gradle.launcher.daemon.server.SynchronizedDispatchConnection] thread 23: received class org.gradle.launcher.daemon.protocol.Finished
10:26:15.753 [DEBUG] [org.gradle.launcher.daemon.server.DefaultDaemonConnection] thread 23: Received non-IO message from client: org.gradle.launcher.daemon.protocol.Finished@513c3d5f
10:26:15.753 [DEBUG] [org.gradle.launcher.daemon.server.DefaultIncomingConnectionHandler] Received finished message: org.gradle.launcher.daemon.protocol.Finished@513c3d5f
10:26:15.753 [DEBUG] [org.gradle.internal.remote.internal.inet.SocketConnection] Discarding EOFException: java.io.EOFException
10:26:15.753 [DEBUG] [org.gradle.launcher.daemon.server.SynchronizedDispatchConnection] thread 23: received null
10:26:15.753 [DEBUG] [org.gradle.launcher.daemon.server.SynchronizedDispatchConnection] thread 22: stopping connection
10:26:15.753 [DEBUG] [org.gradle.launcher.daemon.server.DefaultDaemonConnection] thread 23: Received end-of-input from client.
10:26:15.758 [DEBUG] [org.gradle.launcher.daemon.server.SynchronizedDispatchConnection] thread 22: stopping connection
10:26:17.052 [DEBUG] [org.gradle.launcher.daemon.server.Daemon] DaemonExpirationPeriodicCheck running
10:26:17.053 [DEBUG] [org.gradle.cache.internal.DefaultFileLockManager] Waiting to acquire shared lock on daemon addresses registry.
10:26:17.053 [DEBUG] [org.gradle.cache.internal.DefaultFileLockManager] Lock acquired.
10:26:17.054 [DEBUG] [org.gradle.cache.internal.DefaultFileLockManager] Releasing lock on daemon addresses registry.
10:26:28.875 [DEBUG] [org.gradle.internal.remote.internal.inet.TcpIncomingConnector] Accepted connection from /127.0.0.1:60083 to /127.0.0.1:59397.
10:26:28.889 [DEBUG] [org.gradle.launcher.daemon.server.SynchronizedDispatchConnection] thread 28: received class org.gradle.launcher.daemon.protocol.Build
10:26:28.889 [DEBUG] [org.gradle.launcher.daemon.server.DefaultDaemonConnection] thread 28: Received non-IO message from client: Build{id=6f9c67cb-0458-4355-b7c5-c68c8ac628c9.1, currentDir=/Users/apple/Desktop/AwesomeProject/android}
10:26:28.889 [INFO] [org.gradle.launcher.daemon.server.DefaultIncomingConnectionHandler] Received command: Build{id=6f9c67cb-0458-4355-b7c5-c68c8ac628c9.1, currentDir=/Users/apple/Desktop/AwesomeProject/android}.
10:26:28.890 [DEBUG] [org.gradle.launcher.daemon.server.DefaultIncomingConnectionHandler] Starting executing command: Build{id=6f9c67cb-0458-4355-b7c5-c68c8ac628c9.1, currentDir=/Users/apple/Desktop/AwesomeProject/android} with connection: socket connection from /127.0.0.1:59397 to /127.0.0.1:60083.
10:26:28.891 [DEBUG] [org.gradle.launcher.daemon.server.DaemonStateCoordinator] Command execution: started DaemonCommandExecution[command = Build{id=6f9c67cb-0458-4355-b7c5-c68c8ac628c9.1, currentDir=/Users/apple/Desktop/AwesomeProject/android}, connection = org.gradle.launcher.daemon.server.DefaultDaemonConnection@f1e8dca] after 0.0 minutes of idle
10:26:28.891 [INFO] [org.gradle.launcher.daemon.server.DomainRegistryUpdater] Marking the daemon as busy, address: [38ab815c-413c-4a42-afc7-0bdcfa0f7a38 port:59397, addresses:[/0:0:0:0:0:0:0:1, /127.0.0.1]]
10:26:28.891 [DEBUG] [org.gradle.launcher.daemon.registry.PersistentDaemonRegistry] Marking busy by address: [38ab815c-413c-4a42-afc7-0bdcfa0f7a38 port:59397, addresses:[/0:0:0:0:0:0:0:1, /127.0.0.1]]
10:26:28.891 [DEBUG] [org.gradle.cache.internal.DefaultFileLockManager] Waiting to acquire exclusive lock on daemon addresses registry.
10:26:28.892 [DEBUG] [org.gradle.cache.internal.DefaultFileLockManager] Lock acquired.
10:26:28.894 [DEBUG] [org.gradle.cache.internal.DefaultFileLockManager] Releasing lock on daemon addresses registry.
10:26:28.895 [DEBUG] [org.gradle.launcher.daemon.server.DaemonStateCoordinator] updating lastActivityAt to 1492676788895
10:26:28.896 [DEBUG] [org.gradle.launcher.daemon.server.DaemonStateCoordinator] daemon is running. Sleeping until state changes.
10:26:28.896 [INFO] [org.gradle.launcher.daemon.server.exec.StartBuildOrRespondWithBusy] Daemon is about to start building Build{id=6f9c67cb-0458-4355-b7c5-c68c8ac628c9.1, currentDir=/Users/apple/Desktop/AwesomeProject/android}. Dispatching build started information...
10:26:28.896 [DEBUG] [org.gradle.launcher.daemon.server.SynchronizedDispatchConnection] thread 25: dispatching class org.gradle.launcher.daemon.protocol.BuildStarted
10:26:28.897 [DEBUG] [org.gradle.launcher.daemon.server.exec.EstablishBuildEnvironment] Configuring env variables: {PATH=/usr/bin:/bin:/usr/sbin:/sbin, SSH_AUTH_SOCK=/private/tmp/com.apple.launchd.FigoYAzmf2/Listeners, XPC_FLAGS=0x0, SHELL=/bin/bash, __CF_USER_TEXT_ENCODING=0x1F5:0x0:0x0, Apple_PubSub_Socket_Render=/private/tmp/com.apple.launchd.eSy43AOZNT/Render, LOGNAME=apple, USER=apple, XPC_SERVICE_NAME=com.google.android.studio.157152, HOME=/Users/apple, TMPDIR=/var/folders/6b/fbn5s3lx1t39zzl364qb01lr0000gn/T/}
10:26:28.898 [DEBUG] [org.gradle.launcher.daemon.server.exec.LogToClient] About to start relaying all logs to the client via the connection.
10:26:28.898 [INFO] [org.gradle.launcher.daemon.server.exec.LogToClient] The client will now receive all logging from the daemon (pid: 11876). The daemon log file: /Users/apple/Desktop/AwesomeProject/android/gradle/wrapper/daemon/2.14.1/daemon-11876.out.log
10:26:28.899 [DEBUG] [org.gradle.launcher.daemon.server.SynchronizedDispatchConnection] thread 28: received class org.gradle.launcher.daemon.protocol.CloseInput
10:26:28.899 [INFO] [org.gradle.launcher.daemon.server.health.DaemonHealthTracker] Starting 3rd build in daemon [uptime: 9 mins 12.081 secs, performance: 96%]
10:26:28.899 [DEBUG] [org.gradle.launcher.daemon.server.DefaultDaemonConnection] thread 28: Received IO message from client: org.gradle.launcher.daemon.protocol.CloseInput@6f420ea4
10:26:28.900 [DEBUG] [org.gradle.launcher.daemon.server.exec.ExecuteBuild] The daemon has started executing the build.
10:26:28.901 [INFO] [org.gradle.launcher.daemon.server.exec.ExecuteBuild] Executing build with daemon context: DefaultDaemonContext[uid=b6ab408c-b601-45d8-8827-46cb68edfa2a,javaHome=/Applications/Android Studio.app/Contents/jre/jdk/Contents/Home,daemonRegistryDir=/Users/apple/Desktop/AwesomeProject/android/gradle/wrapper/daemon,pid=11876,idleTimeout=10800000,daemonOpts=-XX:MaxPermSize=256m,-XX:+HeapDumpOnOutOfMemoryError,-Xmx1024m,-Dfile.encoding=UTF-8,-Duser.country=US,-Duser.language=en,-Duser.variant]
10:26:28.901 [INFO] [org.gradle.launcher.daemon.server.exec.ForwardClientInput] Closing daemon's stdin at end of input.
10:26:28.901 [INFO] [org.gradle.launcher.daemon.server.exec.ForwardClientInput] The daemon will no longer process any standard input.
Configuration on demand is an incubating feature.
Incremental java compilation is an incubating feature.
:app:preBuild UP-TO-DATE
:app:preDebugBuild UP-TO-DATE
:app:checkDebugManifest
:app:preReleaseBuild UP-TO-DATE
:app:prepareComAndroidSupportAppcompatV72301Library UP-TO-DATE
:app:prepareComAndroidSupportRecyclerviewV72340Library UP-TO-DATE
:app:prepareComAndroidSupportSupportV42340Library UP-TO-DATE
:app:prepareComFacebookFbuiTextlayoutbuilderTextlayoutbuilder100Library
:app:prepareComFacebookFrescoDrawee101Library
:app:prepareComFacebookFrescoFbcore101Library
:app:prepareComFacebookFrescoFresco101Library
:app:prepareComFacebookFrescoImagepipeline101Library
:app:prepareComFacebookFrescoImagepipelineBase101Library
:app:prepareComFacebookFrescoImagepipelineOkhttp3101Library
:app:prepareComFacebookReactReactNative0433Library UP-TO-DATE
:app:prepareComFacebookSoloaderSoloader010Library
:app:prepareOrgWebkitAndroidJscR174650Library
:app:prepareDebugDependencies
:app:compileDebugAidl UP-TO-DATE
:app:compileDebugRenderscript UP-TO-DATE
:app:generateDebugBuildConfig UP-TO-DATE
:app:generateDebugResValues UP-TO-DATE
:app:generateDebugResources UP-TO-DATE
:app:mergeDebugResources UP-TO-DATE
:app:processDebugManifest UP-TO-DATE
:app:processDebugResources UP-TO-DATE
:app:generateDebugSources UP-TO-DATE
:app:preDebugAndroidTestBuild UP-TO-DATE
:app:prepareDebugAndroidTestDependencies
:app:compileDebugAndroidTestAidl UP-TO-DATE
:app:processDebugAndroidTestManifest UP-TO-DATE
:app:compileDebugAndroidTestRenderscript UP-TO-DATE
:app:generateDebugAndroidTestBuildConfig UP-TO-DATE
:app:generateDebugAndroidTestResValues UP-TO-DATE
:app:generateDebugAndroidTestResources UP-TO-DATE
:app:mergeDebugAndroidTestResources UP-TO-DATE
:app:processDebugAndroidTestResources UP-TO-DATE
:app:generateDebugAndroidTestSources UP-TO-DATE
:app:mockableAndroidJar UP-TO-DATE
:app:preDebugUnitTestBuild UP-TO-DATE
:app:prepareDebugUnitTestDependencies

BUILD SUCCESSFUL

Total time: 6.854 secs
10:26:35.690 [DEBUG] [org.gradle.cache.internal.btree.BTreePersistentIndexedCache] Closing cache taskArtifacts.bin (/Users/apple/Desktop/AwesomeProject/android/.gradle/2.14.1/taskArtifacts/taskArtifacts.bin)
10:26:35.691 [DEBUG] [org.gradle.cache.internal.btree.BTreePersistentIndexedCache] Closing cache fileSnapshotsToTreeSnapshotsIndex.bin (/Users/apple/Desktop/AwesomeProject/android/.gradle/2.14.1/taskArtifacts/fileSnapshotsToTreeSnapshotsIndex.bin)
10:26:35.691 [DEBUG] [org.gradle.cache.internal.btree.BTreePersistentIndexedCache] Closing cache fileHashes.bin (/Users/apple/Desktop/AwesomeProject/android/.gradle/2.14.1/taskArtifacts/fileHashes.bin)
10:26:35.691 [DEBUG] [org.gradle.cache.internal.btree.BTreePersistentIndexedCache] Closing cache fileSnapshots.bin (/Users/apple/Desktop/AwesomeProject/android/.gradle/2.14.1/taskArtifacts/fileSnapshots.bin)
10:26:35.691 [DEBUG] [org.gradle.cache.internal.DefaultFileLockManager] Releasing lock on task history cache (/Users/apple/Desktop/AwesomeProject/android/.gradle/2.14.1/taskArtifacts).
10:26:35.692 [DEBUG] [org.gradle.api.internal.artifacts.ivyservice.ivyresolve.memcache.InMemoryCachedRepositoryFactory] In-memory dependency metadata cache closed. Repos cached: 30, cache instances: 7, modules served from cache: 401, artifacts: 101
10:26:35.692 [DEBUG] [org.gradle.cache.internal.DefaultCacheAccess] Cache Generated Gradle JARs cache (/Users/apple/Desktop/AwesomeProject/android/gradle/wrapper/caches/2.14.1/generated-gradle-jars) was closed 0 times.
10:26:35.692 [DEBUG] [org.gradle.cache.internal.btree.BTreePersistentIndexedCache] Closing cache module-artifacts.bin (/Users/apple/Desktop/AwesomeProject/android/gradle/wrapper/caches/modules-2/metadata-2.16/module-artifacts.bin)
10:26:35.692 [DEBUG] [org.gradle.cache.internal.btree.BTreePersistentIndexedCache] Closing cache module-versions.bin (/Users/apple/Desktop/AwesomeProject/android/gradle/wrapper/caches/modules-2/metadata-2.16/module-versions.bin)
10:26:35.693 [DEBUG] [org.gradle.cache.internal.btree.BTreePersistentIndexedCache] Closing cache artifact-at-repository.bin (/Users/apple/Desktop/AwesomeProject/android/gradle/wrapper/caches/modules-2/metadata-2.16/artifact-at-repository.bin)
10:26:35.693 [DEBUG] [org.gradle.cache.internal.btree.BTreePersistentIndexedCache] Closing cache module-metadata.bin (/Users/apple/Desktop/AwesomeProject/android/gradle/wrapper/caches/modules-2/metadata-2.16/module-metadata.bin)
10:26:35.693 [DEBUG] [org.gradle.cache.internal.DefaultFileLockManager] Releasing lock on artifact cache (/Users/apple/Desktop/AwesomeProject/android/gradle/wrapper/caches/modules-2).
10:26:35.695 [DEBUG] [org.gradle.api.internal.artifacts.ivyservice.resolveengine.store.CachedStoreFactory] Resolution result cache closed. Cache reads: 0, disk reads: 0 (avg: 0.0 secs, total: 0.0 secs)
10:26:35.696 [DEBUG] [org.gradle.api.internal.artifacts.ivyservice.resolveengine.store.CachedStoreFactory] Resolution result cache closed. Cache reads: 0, disk reads: 4 (avg: 0.001 secs, total: 0.004 secs)
10:26:35.696 [DEBUG] [org.gradle.api.internal.artifacts.ivyservice.resolveengine.store.ResolutionResultsStoreFactory] Deleted 2 resolution results binary files in 0.003 secs
10:26:35.697 [DEBUG] [org.gradle.cache.internal.DefaultCacheAccess] Cache Plugin Resolution Cache (/Users/apple/Desktop/AwesomeProject/android/gradle/wrapper/caches/2.14.1/plugin-resolution) was closed 0 times.
10:26:35.697 [DEBUG] [org.gradle.api.internal.tasks.compile.daemon.CompilerDaemonManager] Stopping 0 compiler daemon(s).
10:26:35.697 [INFO] [org.gradle.api.internal.tasks.compile.daemon.CompilerDaemonManager] Stopped 0 compiler daemon(s).
10:26:35.697 [DEBUG] [org.gradle.cache.internal.DefaultCacheAccess] Cache jars (/Users/apple/Desktop/AwesomeProject/android/gradle/wrapper/caches/jars-1) was closed 0 times.
10:26:35.698 [DEBUG] [org.gradle.launcher.daemon.server.exec.ExecuteBuild] The daemon has finished executing the build.
10:26:35.707 [DEBUG] [org.gradle.launcher.daemon.server.DaemonStateCoordinator] Command execution: finished waiting for DaemonCommandExecution[command = Build{id=6f9c67cb-0458-4355-b7c5-c68c8ac628c9.1, currentDir=/Users/apple/Desktop/AwesomeProject/android}, connection = org.gradle.launcher.daemon.server.DefaultDaemonConnection@f1e8dca]. Result org.gradle.launcher.daemon.server.DaemonStateCoordinator@1464677e with state Running
10:26:35.708 [DEBUG] [org.gradle.launcher.daemon.server.DaemonStateCoordinator] Command execution: completed DaemonCommandExecution[command = Build{id=6f9c67cb-0458-4355-b7c5-c68c8ac628c9.1, currentDir=/Users/apple/Desktop/AwesomeProject/android}, connection = org.gradle.launcher.daemon.server.DefaultDaemonConnection@f1e8dca]
10:26:35.708 [DEBUG] [org.gradle.launcher.daemon.server.DaemonStateCoordinator] updating lastActivityAt to 1492676795708
10:26:35.708 [INFO] [org.gradle.launcher.daemon.server.DomainRegistryUpdater] Marking the daemon as idle, address: [38ab815c-413c-4a42-afc7-0bdcfa0f7a38 port:59397, addresses:[/0:0:0:0:0:0:0:1, /127.0.0.1]]
10:26:35.708 [DEBUG] [org.gradle.launcher.daemon.registry.PersistentDaemonRegistry] Marking idle by address: [38ab815c-413c-4a42-afc7-0bdcfa0f7a38 port:59397, addresses:[/0:0:0:0:0:0:0:1, /127.0.0.1]]
10:26:35.709 [DEBUG] [org.gradle.cache.internal.DefaultFileLockManager] Waiting to acquire exclusive lock on daemon addresses registry.
10:26:35.709 [DEBUG] [org.gradle.cache.internal.DefaultFileLockManager] Lock acquired.
10:26:35.712 [DEBUG] [org.gradle.cache.internal.DefaultFileLockManager] Releasing lock on daemon addresses registry.
10:26:35.712 [DEBUG] [org.gradle.launcher.daemon.server.exec.ReturnResult] Daemon is dispatching the build result: Success[value=org.gradle.tooling.internal.provider.BuildActionResult@56680a97]
10:26:35.712 [DEBUG] [org.gradle.launcher.daemon.server.DaemonStateCoordinator] daemon is running. Sleeping until state changes.
10:26:35.713 [DEBUG] [org.gradle.launcher.daemon.server.SynchronizedDispatchConnection] thread 22: dispatching class org.gradle.launcher.daemon.protocol.Success
10:26:35.714 [DEBUG] [org.gradle.launcher.daemon.server.DefaultIncomingConnectionHandler] Finishing executing command: Build{id=6f9c67cb-0458-4355-b7c5-c68c8ac628c9.1, currentDir=/Users/apple/Desktop/AwesomeProject/android}
10:26:35.716 [DEBUG] [org.gradle.launcher.daemon.server.SynchronizedDispatchConnection] thread 28: received class org.gradle.launcher.daemon.protocol.Finished
10:26:35.716 [DEBUG] [org.gradle.launcher.daemon.server.DefaultDaemonConnection] thread 28: Received non-IO message from client: org.gradle.launcher.daemon.protocol.Finished@2ecacabc
10:26:35.716 [DEBUG] [org.gradle.launcher.daemon.server.DefaultIncomingConnectionHandler] Received finished message: org.gradle.launcher.daemon.protocol.Finished@2ecacabc
10:26:35.716 [DEBUG] [org.gradle.internal.remote.internal.inet.SocketConnection] Discarding EOFException: java.io.EOFException
10:26:35.716 [DEBUG] [org.gradle.launcher.daemon.server.SynchronizedDispatchConnection] thread 22: stopping connection
10:26:35.717 [DEBUG] [org.gradle.launcher.daemon.server.SynchronizedDispatchConnection] thread 28: received null
10:26:35.734 [DEBUG] [org.gradle.launcher.daemon.server.DefaultDaemonConnection] thread 28: Received end-of-input from client.
10:26:35.796 [DEBUG] [org.gradle.launcher.daemon.server.SynchronizedDispatchConnection] thread 22: stopping connection
10:27:17.055 [DEBUG] [org.gradle.launcher.daemon.server.Daemon] DaemonExpirationPeriodicCheck running
10:27:17.056 [DEBUG] [org.gradle.cache.internal.DefaultFileLockManager] Waiting to acquire shared lock on daemon addresses registry.
10:27:17.056 [DEBUG] [org.gradle.cache.internal.DefaultFileLockManager] Lock acquired.
10:27:17.059 [DEBUG] [org.gradle.cache.internal.DefaultFileLockManager] Releasing lock on daemon addresses registry.
10:28:17.057 [DEBUG] [org.gradle.launcher.daemon.server.Daemon] DaemonExpirationPeriodicCheck running
10:28:17.059 [DEBUG] [org.gradle.cache.internal.DefaultFileLockManager] Waiting to acquire shared lock on daemon addresses registry.
10:28:17.059 [DEBUG] [org.gradle.cache.internal.DefaultFileLockManager] Lock acquired.
10:28:17.061 [DEBUG] [org.gradle.cache.internal.DefaultFileLockManager] Releasing lock on daemon addresses registry.
10:29:17.060 [DEBUG] [org.gradle.launcher.daemon.server.Daemon] DaemonExpirationPeriodicCheck running
10:29:17.061 [DEBUG] [org.gradle.cache.internal.DefaultFileLockManager] Waiting to acquire shared lock on daemon addresses registry.
10:29:17.061 [DEBUG] [org.gradle.cache.internal.DefaultFileLockManager] Lock acquired.
10:29:17.063 [DEBUG] [org.gradle.cache.internal.DefaultFileLockManager] Releasing lock on daemon addresses registry.
10:30:17.063 [DEBUG] [org.gradle.launcher.daemon.server.Daemon] DaemonExpirationPeriodicCheck running
10:30:17.064 [DEBUG] [org.gradle.cache.internal.DefaultFileLockManager] Waiting to acquire shared lock on daemon addresses registry.
10:30:17.064 [DEBUG] [org.gradle.cache.internal.DefaultFileLockManager] Lock acquired.
10:30:17.066 [DEBUG] [org.gradle.cache.internal.DefaultFileLockManager] Releasing lock on daemon addresses registry.
10:31:17.065 [DEBUG] [org.gradle.launcher.daemon.server.Daemon] DaemonExpirationPeriodicCheck running
10:31:17.067 [DEBUG] [org.gradle.cache.internal.DefaultFileLockManager] Waiting to acquire shared lock on daemon addresses registry.
10:31:17.067 [DEBUG] [org.gradle.cache.internal.DefaultFileLockManager] Lock acquired.
10:31:17.068 [DEBUG] [org.gradle.cache.internal.DefaultFileLockManager] Releasing lock on daemon addresses registry.
10:32:17.068 [DEBUG] [org.gradle.launcher.daemon.server.Daemon] DaemonExpirationPeriodicCheck running
10:32:17.069 [DEBUG] [org.gradle.cache.internal.DefaultFileLockManager] Waiting to acquire shared lock on daemon addresses registry.
10:32:17.070 [DEBUG] [org.gradle.cache.internal.DefaultFileLockManager] Lock acquired.
10:32:17.071 [DEBUG] [org.gradle.cache.internal.DefaultFileLockManager] Releasing lock on daemon addresses registry.
10:33:17.071 [DEBUG] [org.gradle.launcher.daemon.server.Daemon] DaemonExpirationPeriodicCheck running
10:33:17.072 [DEBUG] [org.gradle.cache.internal.DefaultFileLockManager] Waiting to acquire shared lock on daemon addresses registry.
10:33:17.072 [DEBUG] [org.gradle.cache.internal.DefaultFileLockManager] Lock acquired.
10:33:17.073 [DEBUG] [org.gradle.cache.internal.DefaultFileLockManager] Releasing lock on daemon addresses registry.
10:34:17.070 [DEBUG] [org.gradle.launcher.daemon.server.Daemon] DaemonExpirationPeriodicCheck running
10:34:17.071 [DEBUG] [org.gradle.cache.internal.DefaultFileLockManager] Waiting to acquire shared lock on daemon addresses registry.
10:34:17.071 [DEBUG] [org.gradle.cache.internal.DefaultFileLockManager] Lock acquired.
10:34:17.072 [DEBUG] [org.gradle.cache.internal.DefaultFileLockManager] Releasing lock on daemon addresses registry.
10:35:17.074 [DEBUG] [org.gradle.launcher.daemon.server.Daemon] DaemonExpirationPeriodicCheck running
10:35:17.075 [DEBUG] [org.gradle.cache.internal.DefaultFileLockManager] Waiting to acquire shared lock on daemon addresses registry.
10:35:17.076 [DEBUG] [org.gradle.cache.internal.DefaultFileLockManager] Lock acquired.
10:35:17.076 [DEBUG] [org.gradle.cache.internal.DefaultFileLockManager] Releasing lock on daemon addresses registry.
10:36:02.604 [DEBUG] [org.gradle.internal.remote.internal.inet.TcpIncomingConnector] Accepted connection from /127.0.0.1:60886 to /127.0.0.1:59397.
10:36:02.608 [DEBUG] [org.gradle.launcher.daemon.server.SynchronizedDispatchConnection] thread 33: received class org.gradle.launcher.daemon.protocol.Build
10:36:02.608 [DEBUG] [org.gradle.launcher.daemon.server.DefaultDaemonConnection] thread 33: Received non-IO message from client: Build{id=6df6303d-27df-4422-985a-bc1e11d80bb9.1, currentDir=/Users/apple/Desktop/AwesomeProject/android}
10:36:02.608 [INFO] [org.gradle.launcher.daemon.server.DefaultIncomingConnectionHandler] Received command: Build{id=6df6303d-27df-4422-985a-bc1e11d80bb9.1, currentDir=/Users/apple/Desktop/AwesomeProject/android}.
10:36:02.609 [DEBUG] [org.gradle.launcher.daemon.server.DefaultIncomingConnectionHandler] Starting executing command: Build{id=6df6303d-27df-4422-985a-bc1e11d80bb9.1, currentDir=/Users/apple/Desktop/AwesomeProject/android} with connection: socket connection from /127.0.0.1:59397 to /127.0.0.1:60886.
10:36:02.609 [DEBUG] [org.gradle.launcher.daemon.server.DaemonStateCoordinator] Command execution: started DaemonCommandExecution[command = Build{id=6df6303d-27df-4422-985a-bc1e11d80bb9.1, currentDir=/Users/apple/Desktop/AwesomeProject/android}, connection = org.gradle.launcher.daemon.server.DefaultDaemonConnection@7c5180e3] after 9.0 minutes of idle
10:36:02.609 [INFO] [org.gradle.launcher.daemon.server.DomainRegistryUpdater] Marking the daemon as busy, address: [38ab815c-413c-4a42-afc7-0bdcfa0f7a38 port:59397, addresses:[/0:0:0:0:0:0:0:1, /127.0.0.1]]
10:36:02.610 [DEBUG] [org.gradle.launcher.daemon.registry.PersistentDaemonRegistry] Marking busy by address: [38ab815c-413c-4a42-afc7-0bdcfa0f7a38 port:59397, addresses:[/0:0:0:0:0:0:0:1, /127.0.0.1]]
10:36:02.610 [DEBUG] [org.gradle.cache.internal.DefaultFileLockManager] Waiting to acquire exclusive lock on daemon addresses registry.
10:36:02.611 [DEBUG] [org.gradle.cache.internal.DefaultFileLockManager] Lock acquired.
10:36:02.612 [DEBUG] [org.gradle.cache.internal.DefaultFileLockManager] Releasing lock on daemon addresses registry.
10:36:02.613 [DEBUG] [org.gradle.launcher.daemon.server.DaemonStateCoordinator] updating lastActivityAt to 1492677362613
10:36:02.613 [DEBUG] [org.gradle.launcher.daemon.server.DaemonStateCoordinator] daemon is running. Sleeping until state changes.
10:36:02.614 [INFO] [org.gradle.launcher.daemon.server.exec.StartBuildOrRespondWithBusy] Daemon is about to start building Build{id=6df6303d-27df-4422-985a-bc1e11d80bb9.1, currentDir=/Users/apple/Desktop/AwesomeProject/android}. Dispatching build started information...
10:36:02.614 [DEBUG] [org.gradle.launcher.daemon.server.SynchronizedDispatchConnection] thread 35: dispatching class org.gradle.launcher.daemon.protocol.BuildStarted
10:36:02.617 [DEBUG] [org.gradle.launcher.daemon.server.exec.EstablishBuildEnvironment] Configuring env variables: {PATH=/usr/bin:/bin:/usr/sbin:/sbin, SSH_AUTH_SOCK=/private/tmp/com.apple.launchd.FigoYAzmf2/Listeners, XPC_FLAGS=0x0, SHELL=/bin/bash, __CF_USER_TEXT_ENCODING=0x1F5:0x0:0x0, Apple_PubSub_Socket_Render=/private/tmp/com.apple.launchd.eSy43AOZNT/Render, LOGNAME=apple, USER=apple, XPC_SERVICE_NAME=com.google.android.studio.157152, HOME=/Users/apple, TMPDIR=/var/folders/6b/fbn5s3lx1t39zzl364qb01lr0000gn/T/}
10:36:02.618 [DEBUG] [org.gradle.launcher.daemon.server.exec.LogToClient] About to start relaying all logs to the client via the connection.
10:36:02.618 [INFO] [org.gradle.launcher.daemon.server.exec.LogToClient] The client will now receive all logging from the daemon (pid: 11876). The daemon log file: /Users/apple/Desktop/AwesomeProject/android/gradle/wrapper/daemon/2.14.1/daemon-11876.out.log
10:36:02.619 [INFO] [org.gradle.launcher.daemon.server.health.DaemonHealthTracker] Starting 4th build in daemon [uptime: 18 mins 45.8 secs, performance: 95%]
10:36:02.619 [DEBUG] [org.gradle.launcher.daemon.server.SynchronizedDispatchConnection] thread 33: received class org.gradle.launcher.daemon.protocol.CloseInput
10:36:02.619 [DEBUG] [org.gradle.launcher.daemon.server.DefaultDaemonConnection] thread 33: Received IO message from client: org.gradle.launcher.daemon.protocol.CloseInput@5142b989
10:36:02.619 [DEBUG] [org.gradle.launcher.daemon.server.exec.ExecuteBuild] The daemon has started executing the build.
10:36:02.620 [INFO] [org.gradle.launcher.daemon.server.exec.ExecuteBuild] Executing build with daemon context: DefaultDaemonContext[uid=b6ab408c-b601-45d8-8827-46cb68edfa2a,javaHome=/Applications/Android Studio.app/Contents/jre/jdk/Contents/Home,daemonRegistryDir=/Users/apple/Desktop/AwesomeProject/android/gradle/wrapper/daemon,pid=11876,idleTimeout=10800000,daemonOpts=-XX:MaxPermSize=256m,-XX:+HeapDumpOnOutOfMemoryError,-Xmx1024m,-Dfile.encoding=UTF-8,-Duser.country=US,-Duser.language=en,-Duser.variant]
10:36:02.624 [INFO] [org.gradle.launcher.daemon.server.exec.ForwardClientInput] Closing daemon's stdin at end of input.
10:36:02.625 [INFO] [org.gradle.launcher.daemon.server.exec.ForwardClientInput] The daemon will no longer process any standard input.
Configuration on demand is an incubating feature.
Incremental java compilation is an incubating feature.
:app:preBuild UP-TO-DATE
:app:preDebugBuild UP-TO-DATE
:app:checkDebugManifest
:app:preReleaseBuild UP-TO-DATE
:app:prepareComAndroidSupportAppcompatV72301Library UP-TO-DATE
:app:prepareComAndroidSupportRecyclerviewV72340Library UP-TO-DATE
:app:prepareComAndroidSupportSupportV42340Library UP-TO-DATE
:app:prepareComFacebookFbuiTextlayoutbuilderTextlayoutbuilder100Library UP-TO-DATE
:app:prepareComFacebookFrescoDrawee101Library UP-TO-DATE
:app:prepareComFacebookFrescoFbcore101Library UP-TO-DATE
:app:prepareComFacebookFrescoFresco101Library UP-TO-DATE
:app:prepareComFacebookFrescoImagepipeline101Library UP-TO-DATE
:app:prepareComFacebookFrescoImagepipelineBase101Library UP-TO-DATE
:app:prepareComFacebookFrescoImagepipelineOkhttp3101Library UP-TO-DATE
:app:prepareComFacebookReactReactNative0433Library UP-TO-DATE
:app:prepareComFacebookSoloaderSoloader010Library UP-TO-DATE
:app:prepareOrgWebkitAndroidJscR174650Library UP-TO-DATE
:app:prepareDebugDependencies
:app:compileDebugAidl UP-TO-DATE
:app:compileDebugRenderscript UP-TO-DATE
:app:generateDebugBuildConfig UP-TO-DATE
:app:generateDebugResValues UP-TO-DATE
:app:generateDebugResources UP-TO-DATE
:app:mergeDebugResources UP-TO-DATE
:app:processDebugManifest UP-TO-DATE
:app:processDebugResources
:app:generateDebugSources
:app:incrementalDebugJavaCompilationSafeguard UP-TO-DATE
:app:compileDebugJavaWithJavac
Full recompilation is required because at least one of the classes of removed jar 'okhttp-3.4.1.jar' requires it. Analysis took 0.116 secs.
:app:compileDebugNdk UP-TO-DATE
:app:compileDebugSources
:app:mergeDebugShaders UP-TO-DATE
:app:compileDebugShaders UP-TO-DATE
:app:generateDebugAssets UP-TO-DATE
:app:mergeDebugAssets UP-TO-DATE
:app:transformClassesWithDexForDebug
Running dex in-process requires build tools 23.0.2.
For faster builds update this project to use the latest build tools.
:app:mergeDebugJniLibFolders UP-TO-DATE
:app:transformNative_libsWithMergeJniLibsForDebug
:app:processDebugJavaRes UP-TO-DATE
:app:transformResourcesWithMergeJavaResForDebug
:app:validateSigningDebug
:app:packageDebug
:app:assembleDebug

BUILD SUCCESSFUL

Total time: 53.908 secs
10:36:56.584 [DEBUG] [org.gradle.cache.internal.btree.BTreePersistentIndexedCache] Closing cache taskArtifacts.bin (/Users/apple/Desktop/AwesomeProject/android/.gradle/2.14.1/taskArtifacts/taskArtifacts.bin)
10:36:56.585 [DEBUG] [org.gradle.cache.internal.btree.BTreePersistentIndexedCache] Closing cache fileHashes.bin (/Users/apple/Desktop/AwesomeProject/android/.gradle/2.14.1/taskArtifacts/fileHashes.bin)
10:36:56.585 [DEBUG] [org.gradle.cache.internal.btree.BTreePersistentIndexedCache] Closing cache fileSnapshotsToTreeSnapshotsIndex.bin (/Users/apple/Desktop/AwesomeProject/android/.gradle/2.14.1/taskArtifacts/fileSnapshotsToTreeSnapshotsIndex.bin)
10:36:56.586 [DEBUG] [org.gradle.cache.internal.btree.BTreePersistentIndexedCache] Closing cache fileSnapshots.bin (/Users/apple/Desktop/AwesomeProject/android/.gradle/2.14.1/taskArtifacts/fileSnapshots.bin)
10:36:56.586 [DEBUG] [org.gradle.cache.internal.DefaultFileLockManager] Releasing lock on task history cache (/Users/apple/Desktop/AwesomeProject/android/.gradle/2.14.1/taskArtifacts).
10:36:56.587 [DEBUG] [org.gradle.cache.internal.btree.BTreePersistentIndexedCache] Closing cache classAnalysis.bin (/Users/apple/Desktop/AwesomeProject/android/gradle/wrapper/caches/2.14.1/classAnalysis/classAnalysis.bin)
10:36:56.587 [DEBUG] [org.gradle.cache.internal.DefaultFileLockManager] Releasing lock on class analysis cache (/Users/apple/Desktop/AwesomeProject/android/gradle/wrapper/caches/2.14.1/classAnalysis).
10:36:56.588 [DEBUG] [org.gradle.cache.internal.btree.BTreePersistentIndexedCache] Closing cache jarSnapshots.bin (/Users/apple/Desktop/AwesomeProject/android/gradle/wrapper/caches/2.14.1/jarSnapshots/jarSnapshots.bin)
10:36:56.588 [DEBUG] [org.gradle.cache.internal.DefaultFileLockManager] Releasing lock on jar snapshots cache (/Users/apple/Desktop/AwesomeProject/android/gradle/wrapper/caches/2.14.1/jarSnapshots).
10:36:56.591 [DEBUG] [org.gradle.api.internal.artifacts.ivyservice.ivyresolve.memcache.InMemoryCachedRepositoryFactory] In-memory dependency metadata cache closed. Repos cached: 30, cache instances: 7, modules served from cache: 401, artifacts: 101
10:36:56.591 [DEBUG] [org.gradle.cache.internal.DefaultCacheAccess] Cache Generated Gradle JARs cache (/Users/apple/Desktop/AwesomeProject/android/gradle/wrapper/caches/2.14.1/generated-gradle-jars) was closed 0 times.
10:36:56.595 [DEBUG] [org.gradle.cache.internal.btree.BTreePersistentIndexedCache] Closing cache module-artifacts.bin (/Users/apple/Desktop/AwesomeProject/android/gradle/wrapper/caches/modules-2/metadata-2.16/module-artifacts.bin)
10:36:56.596 [DEBUG] [org.gradle.cache.internal.btree.BTreePersistentIndexedCache] Closing cache artifact-at-repository.bin (/Users/apple/Desktop/AwesomeProject/android/gradle/wrapper/caches/modules-2/metadata-2.16/artifact-at-repository.bin)
10:36:56.596 [DEBUG] [org.gradle.cache.internal.btree.BTreePersistentIndexedCache] Closing cache module-versions.bin (/Users/apple/Desktop/AwesomeProject/android/gradle/wrapper/caches/modules-2/metadata-2.16/module-versions.bin)
10:36:56.596 [DEBUG] [org.gradle.cache.internal.btree.BTreePersistentIndexedCache] Closing cache module-metadata.bin (/Users/apple/Desktop/AwesomeProject/android/gradle/wrapper/caches/modules-2/metadata-2.16/module-metadata.bin)
10:36:56.598 [DEBUG] [org.gradle.cache.internal.DefaultFileLockManager] Releasing lock on artifact cache (/Users/apple/Desktop/AwesomeProject/android/gradle/wrapper/caches/modules-2).
10:36:56.599 [DEBUG] [org.gradle.api.internal.artifacts.ivyservice.resolveengine.store.CachedStoreFactory] Resolution result cache closed. Cache reads: 0, disk reads: 0 (avg: 0.0 secs, total: 0.0 secs)
10:36:56.600 [DEBUG] [org.gradle.api.internal.artifacts.ivyservice.resolveengine.store.CachedStoreFactory] Resolution result cache closed. Cache reads: 0, disk reads: 4 (avg: 0.0 secs, total: 0.002 secs)
10:36:56.600 [DEBUG] [org.gradle.api.internal.artifacts.ivyservice.resolveengine.store.ResolutionResultsStoreFactory] Deleted 2 resolution results binary files in 0.001 secs
10:36:56.600 [DEBUG] [org.gradle.cache.internal.DefaultCacheAccess] Cache Plugin Resolution Cache (/Users/apple/Desktop/AwesomeProject/android/gradle/wrapper/caches/2.14.1/plugin-resolution) was closed 0 times.
10:36:56.606 [DEBUG] [org.gradle.api.internal.tasks.compile.daemon.CompilerDaemonManager] Stopping 0 compiler daemon(s).
10:36:56.608 [INFO] [org.gradle.api.internal.tasks.compile.daemon.CompilerDaemonManager] Stopped 0 compiler daemon(s).
10:36:56.608 [DEBUG] [org.gradle.cache.internal.DefaultCacheAccess] Cache jars (/Users/apple/Desktop/AwesomeProject/android/gradle/wrapper/caches/jars-1) was closed 0 times.
10:36:56.608 [DEBUG] [org.gradle.launcher.daemon.server.exec.ExecuteBuild] The daemon has finished executing the build.
10:36:57.003 [DEBUG] [org.gradle.launcher.daemon.server.DaemonStateCoordinator] daemon is running. Sleeping until state changes.
10:36:57.005 [DEBUG] [org.gradle.launcher.daemon.server.DaemonStateCoordinator] Command execution: finished waiting for DaemonCommandExecution[command = Build{id=6df6303d-27df-4422-985a-bc1e11d80bb9.1, currentDir=/Users/apple/Desktop/AwesomeProject/android}, connection = org.gradle.launcher.daemon.server.DefaultDaemonConnection@7c5180e3]. Result org.gradle.launcher.daemon.server.DaemonStateCoordinator@1464677e with state Running
10:36:57.005 [DEBUG] [org.gradle.launcher.daemon.server.DaemonStateCoordinator] Command execution: completed DaemonCommandExecution[command = Build{id=6df6303d-27df-4422-985a-bc1e11d80bb9.1, currentDir=/Users/apple/Desktop/AwesomeProject/android}, connection = org.gradle.launcher.daemon.server.DefaultDaemonConnection@7c5180e3]
10:36:57.006 [DEBUG] [org.gradle.launcher.daemon.server.DaemonStateCoordinator] updating lastActivityAt to 1492677417005
10:36:57.006 [INFO] [org.gradle.launcher.daemon.server.DomainRegistryUpdater] Marking the daemon as idle, address: [38ab815c-413c-4a42-afc7-0bdcfa0f7a38 port:59397, addresses:[/0:0:0:0:0:0:0:1, /127.0.0.1]]
10:36:57.006 [DEBUG] [org.gradle.launcher.daemon.registry.PersistentDaemonRegistry] Marking idle by address: [38ab815c-413c-4a42-afc7-0bdcfa0f7a38 port:59397, addresses:[/0:0:0:0:0:0:0:1, /127.0.0.1]]
10:36:57.007 [DEBUG] [org.gradle.cache.internal.DefaultFileLockManager] Waiting to acquire exclusive lock on daemon addresses registry.
10:36:57.007 [DEBUG] [org.gradle.cache.internal.DefaultFileLockManager] Lock acquired.
10:36:57.014 [DEBUG] [org.gradle.cache.internal.DefaultFileLockManager] Releasing lock on daemon addresses registry.
10:36:57.015 [DEBUG] [org.gradle.launcher.daemon.server.exec.ReturnResult] Daemon is dispatching the build result: Success[value=org.gradle.tooling.internal.provider.BuildActionResult@617d55be]
10:36:57.015 [DEBUG] [org.gradle.launcher.daemon.server.SynchronizedDispatchConnection] thread 32: dispatching class org.gradle.launcher.daemon.protocol.Success
10:36:57.016 [DEBUG] [org.gradle.launcher.daemon.server.DaemonStateCoordinator] daemon is running. Sleeping until state changes.
10:36:57.017 [DEBUG] [org.gradle.launcher.daemon.server.DefaultIncomingConnectionHandler] Finishing executing command: Build{id=6df6303d-27df-4422-985a-bc1e11d80bb9.1, currentDir=/Users/apple/Desktop/AwesomeProject/android}
10:36:57.019 [DEBUG] [org.gradle.launcher.daemon.server.SynchronizedDispatchConnection] thread 33: received class org.gradle.launcher.daemon.protocol.Finished
10:36:57.019 [DEBUG] [org.gradle.launcher.daemon.server.DefaultDaemonConnection] thread 33: Received non-IO message from client: org.gradle.launcher.daemon.protocol.Finished@5f855dd1
10:36:57.019 [DEBUG] [org.gradle.internal.remote.internal.inet.SocketConnection] Discarding EOFException: java.io.EOFException
10:36:57.020 [DEBUG] [org.gradle.launcher.daemon.server.SynchronizedDispatchConnection] thread 33: received null
10:36:57.020 [DEBUG] [org.gradle.launcher.daemon.server.DefaultDaemonConnection] thread 33: Received end-of-input from client.
10:36:57.020 [DEBUG] [org.gradle.launcher.daemon.server.DefaultIncomingConnectionHandler] Received finished message: null
10:36:57.020 [DEBUG] [org.gradle.launcher.daemon.server.SynchronizedDispatchConnection] thread 32: stopping connection
10:36:57.022 [DEBUG] [org.gradle.launcher.daemon.server.SynchronizedDispatchConnection] thread 32: stopping connection
10:37:17.080 [DEBUG] [org.gradle.launcher.daemon.server.Daemon] DaemonExpirationPeriodicCheck running
10:37:17.081 [DEBUG] [org.gradle.cache.internal.DefaultFileLockManager] Waiting to acquire shared lock on daemon addresses registry.
10:37:17.081 [DEBUG] [org.gradle.cache.internal.DefaultFileLockManager] Lock acquired.
10:37:17.082 [DEBUG] [org.gradle.cache.internal.DefaultFileLockManager] Releasing lock on daemon addresses registry.
10:38:17.083 [DEBUG] [org.gradle.launcher.daemon.server.Daemon] DaemonExpirationPeriodicCheck running
10:38:17.084 [DEBUG] [org.gradle.cache.internal.DefaultFileLockManager] Waiting to acquire shared lock on daemon addresses registry.
10:38:17.084 [DEBUG] [org.gradle.cache.internal.DefaultFileLockManager] Lock acquired.
10:38:17.085 [DEBUG] [org.gradle.cache.internal.DefaultFileLockManager] Releasing lock on daemon addresses registry.
10:39:17.086 [DEBUG] [org.gradle.launcher.daemon.server.Daemon] DaemonExpirationPeriodicCheck running
10:39:17.087 [DEBUG] [org.gradle.cache.internal.DefaultFileLockManager] Waiting to acquire shared lock on daemon addresses registry.
10:39:17.087 [DEBUG] [org.gradle.cache.internal.DefaultFileLockManager] Lock acquired.
10:39:17.088 [DEBUG] [org.gradle.cache.internal.DefaultFileLockManager] Releasing lock on daemon addresses registry.
10:40:17.086 [DEBUG] [org.gradle.launcher.daemon.server.Daemon] DaemonExpirationPeriodicCheck running
10:40:17.087 [DEBUG] [org.gradle.cache.internal.DefaultFileLockManager] Waiting to acquire shared lock on daemon addresses registry.
10:40:17.087 [DEBUG] [org.gradle.cache.internal.DefaultFileLockManager] Lock acquired.
10:40:17.088 [DEBUG] [org.gradle.cache.internal.DefaultFileLockManager] Releasing lock on daemon addresses registry.
10:41:17.091 [DEBUG] [org.gradle.launcher.daemon.server.Daemon] DaemonExpirationPeriodicCheck running
10:41:17.091 [DEBUG] [org.gradle.cache.internal.DefaultFileLockManager] Waiting to acquire shared lock on daemon addresses registry.
10:41:17.092 [DEBUG] [org.gradle.cache.internal.DefaultFileLockManager] Lock acquired.
10:41:17.093 [DEBUG] [org.gradle.cache.internal.DefaultFileLockManager] Releasing lock on daemon addresses registry.
10:42:17.092 [DEBUG] [org.gradle.launcher.daemon.server.Daemon] DaemonExpirationPeriodicCheck running
10:42:17.093 [DEBUG] [org.gradle.cache.internal.DefaultFileLockManager] Waiting to acquire shared lock on daemon addresses registry.
10:42:17.093 [DEBUG] [org.gradle.cache.internal.DefaultFileLockManager] Lock acquired.
10:42:17.094 [DEBUG] [org.gradle.cache.internal.DefaultFileLockManager] Releasing lock on daemon addresses registry.
10:43:17.095 [DEBUG] [org.gradle.launcher.daemon.server.Daemon] DaemonExpirationPeriodicCheck running
10:43:17.095 [DEBUG] [org.gradle.cache.internal.DefaultFileLockManager] Waiting to acquire shared lock on daemon addresses registry.
10:43:17.096 [DEBUG] [org.gradle.cache.internal.DefaultFileLockManager] Lock acquired.
10:43:17.097 [DEBUG] [org.gradle.cache.internal.DefaultFileLockManager] Releasing lock on daemon addresses registry.
10:44:17.097 [DEBUG] [org.gradle.launcher.daemon.server.Daemon] DaemonExpirationPeriodicCheck running
10:44:17.098 [DEBUG] [org.gradle.cache.internal.DefaultFileLockManager] Waiting to acquire shared lock on daemon addresses registry.
10:44:17.098 [DEBUG] [org.gradle.cache.internal.DefaultFileLockManager] Lock acquired.
10:44:17.099 [DEBUG] [org.gradle.cache.internal.DefaultFileLockManager] Releasing lock on daemon addresses registry.
10:45:17.100 [DEBUG] [org.gradle.launcher.daemon.server.Daemon] DaemonExpirationPeriodicCheck running
10:45:17.101 [DEBUG] [org.gradle.cache.internal.DefaultFileLockManager] Waiting to acquire shared lock on daemon addresses registry.
10:45:17.101 [DEBUG] [org.gradle.cache.internal.DefaultFileLockManager] Lock acquired.
10:45:17.102 [DEBUG] [org.gradle.cache.internal.DefaultFileLockManager] Releasing lock on daemon addresses registry.
10:46:17.102 [DEBUG] [org.gradle.launcher.daemon.server.Daemon] DaemonExpirationPeriodicCheck running
10:46:17.103 [DEBUG] [org.gradle.cache.internal.DefaultFileLockManager] Waiting to acquire shared lock on daemon addresses registry.
10:46:17.103 [DEBUG] [org.gradle.cache.internal.DefaultFileLockManager] Lock acquired.
10:46:17.104 [DEBUG] [org.gradle.cache.internal.DefaultFileLockManager] Releasing lock on daemon addresses registry.
10:47:17.105 [DEBUG] [org.gradle.launcher.daemon.server.Daemon] DaemonExpirationPeriodicCheck running
10:47:17.105 [DEBUG] [org.gradle.cache.internal.DefaultFileLockManager] Waiting to acquire shared lock on daemon addresses registry.
10:47:17.106 [DEBUG] [org.gradle.cache.internal.DefaultFileLockManager] Lock acquired.
10:47:17.107 [DEBUG] [org.gradle.cache.internal.DefaultFileLockManager] Releasing lock on daemon addresses registry.
10:48:17.108 [DEBUG] [org.gradle.launcher.daemon.server.Daemon] DaemonExpirationPeriodicCheck running
10:48:17.108 [DEBUG] [org.gradle.cache.internal.DefaultFileLockManager] Waiting to acquire shared lock on daemon addresses registry.
10:48:17.109 [DEBUG] [org.gradle.cache.internal.DefaultFileLockManager] Lock acquired.
10:48:17.109 [DEBUG] [org.gradle.cache.internal.DefaultFileLockManager] Releasing lock on daemon addresses registry.
10:49:17.111 [DEBUG] [org.gradle.launcher.daemon.server.Daemon] DaemonExpirationPeriodicCheck running
10:49:17.111 [DEBUG] [org.gradle.cache.internal.DefaultFileLockManager] Waiting to acquire shared lock on daemon addresses registry.
10:49:17.112 [DEBUG] [org.gradle.cache.internal.DefaultFileLockManager] Lock acquired.
10:49:17.113 [DEBUG] [org.gradle.cache.internal.DefaultFileLockManager] Releasing lock on daemon addresses registry.
10:50:17.111 [DEBUG] [org.gradle.launcher.daemon.server.Daemon] DaemonExpirationPeriodicCheck running
10:50:17.112 [DEBUG] [org.gradle.cache.internal.DefaultFileLockManager] Waiting to acquire shared lock on daemon addresses registry.
10:50:17.112 [DEBUG] [org.gradle.cache.internal.DefaultFileLockManager] Lock acquired.
10:50:17.113 [DEBUG] [org.gradle.cache.internal.DefaultFileLockManager] Releasing lock on daemon addresses registry.
10:51:17.115 [DEBUG] [org.gradle.launcher.daemon.server.Daemon] DaemonExpirationPeriodicCheck running
10:51:17.116 [DEBUG] [org.gradle.cache.internal.DefaultFileLockManager] Waiting to acquire shared lock on daemon addresses registry.
10:51:17.116 [DEBUG] [org.gradle.cache.internal.DefaultFileLockManager] Lock acquired.
10:51:17.117 [DEBUG] [org.gradle.cache.internal.DefaultFileLockManager] Releasing lock on daemon addresses registry.
10:52:17.114 [DEBUG] [org.gradle.launcher.daemon.server.Daemon] DaemonExpirationPeriodicCheck running
10:52:17.115 [DEBUG] [org.gradle.cache.internal.DefaultFileLockManager] Waiting to acquire shared lock on daemon addresses registry.
10:52:17.115 [DEBUG] [org.gradle.cache.internal.DefaultFileLockManager] Lock acquired.
10:52:17.116 [DEBUG] [org.gradle.cache.internal.DefaultFileLockManager] Releasing lock on daemon addresses registry.
10:53:17.116 [DEBUG] [org.gradle.launcher.daemon.server.Daemon] DaemonExpirationPeriodicCheck running
10:53:17.117 [DEBUG] [org.gradle.cache.internal.DefaultFileLockManager] Waiting to acquire shared lock on daemon addresses registry.
10:53:17.117 [DEBUG] [org.gradle.cache.internal.DefaultFileLockManager] Lock acquired.
10:53:17.118 [DEBUG] [org.gradle.cache.internal.DefaultFileLockManager] Releasing lock on daemon addresses registry.
10:54:17.119 [DEBUG] [org.gradle.launcher.daemon.server.Daemon] DaemonExpirationPeriodicCheck running
10:54:17.120 [DEBUG] [org.gradle.cache.internal.DefaultFileLockManager] Waiting to acquire shared lock on daemon addresses registry.
10:54:17.120 [DEBUG] [org.gradle.cache.internal.DefaultFileLockManager] Lock acquired.
10:54:17.121 [DEBUG] [org.gradle.cache.internal.DefaultFileLockManager] Releasing lock on daemon addresses registry.
10:55:17.122 [DEBUG] [org.gradle.launcher.daemon.server.Daemon] DaemonExpirationPeriodicCheck running
10:55:17.123 [DEBUG] [org.gradle.cache.internal.DefaultFileLockManager] Waiting to acquire shared lock on daemon addresses registry.
10:55:17.123 [DEBUG] [org.gradle.cache.internal.DefaultFileLockManager] Lock acquired.
10:55:17.124 [DEBUG] [org.gradle.cache.internal.DefaultFileLockManager] Releasing lock on daemon addresses registry.
10:56:17.125 [DEBUG] [org.gradle.launcher.daemon.server.Daemon] DaemonExpirationPeriodicCheck running
10:56:17.126 [DEBUG] [org.gradle.cache.internal.DefaultFileLockManager] Waiting to acquire shared lock on daemon addresses registry.
10:56:17.126 [DEBUG] [org.gradle.cache.internal.DefaultFileLockManager] Lock acquired.
10:56:17.127 [DEBUG] [org.gradle.cache.internal.DefaultFileLockManager] Releasing lock on daemon addresses registry.
10:57:17.128 [DEBUG] [org.gradle.launcher.daemon.server.Daemon] DaemonExpirationPeriodicCheck running
10:57:17.128 [DEBUG] [org.gradle.cache.internal.DefaultFileLockManager] Waiting to acquire shared lock on daemon addresses registry.
10:57:17.129 [DEBUG] [org.gradle.cache.internal.DefaultFileLockManager] Lock acquired.
10:57:17.129 [DEBUG] [org.gradle.cache.internal.DefaultFileLockManager] Releasing lock on daemon addresses registry.
10:58:17.130 [DEBUG] [org.gradle.launcher.daemon.server.Daemon] DaemonExpirationPeriodicCheck running
10:58:17.131 [DEBUG] [org.gradle.cache.internal.DefaultFileLockManager] Waiting to acquire shared lock on daemon addresses registry.
10:58:17.131 [DEBUG] [org.gradle.cache.internal.DefaultFileLockManager] Lock acquired.
10:58:17.132 [DEBUG] [org.gradle.cache.internal.DefaultFileLockManager] Releasing lock on daemon addresses registry.
10:59:17.133 [DEBUG] [org.gradle.launcher.daemon.server.Daemon] DaemonExpirationPeriodicCheck running
10:59:17.134 [DEBUG] [org.gradle.cache.internal.DefaultFileLockManager] Waiting to acquire shared lock on daemon addresses registry.
10:59:17.134 [DEBUG] [org.gradle.cache.internal.DefaultFileLockManager] Lock acquired.
10:59:17.135 [DEBUG] [org.gradle.cache.internal.DefaultFileLockManager] Releasing lock on daemon addresses registry.
11:00:17.136 [DEBUG] [org.gradle.launcher.daemon.server.Daemon] DaemonExpirationPeriodicCheck running
11:00:17.136 [DEBUG] [org.gradle.cache.internal.DefaultFileLockManager] Waiting to acquire shared lock on daemon addresses registry.
11:00:17.137 [DEBUG] [org.gradle.cache.internal.DefaultFileLockManager] Lock acquired.
11:00:17.137 [DEBUG] [org.gradle.cache.internal.DefaultFileLockManager] Releasing lock on daemon addresses registry.
11:01:17.138 [DEBUG] [org.gradle.launcher.daemon.server.Daemon] DaemonExpirationPeriodicCheck running
11:01:17.139 [DEBUG] [org.gradle.cache.internal.DefaultFileLockManager] Waiting to acquire shared lock on daemon addresses registry.
11:01:17.139 [DEBUG] [org.gradle.cache.internal.DefaultFileLockManager] Lock acquired.
11:01:17.140 [DEBUG] [org.gradle.cache.internal.DefaultFileLockManager] Releasing lock on daemon addresses registry.
11:02:17.141 [DEBUG] [org.gradle.launcher.daemon.server.Daemon] DaemonExpirationPeriodicCheck running
11:02:17.142 [DEBUG] [org.gradle.cache.internal.DefaultFileLockManager] Waiting to acquire shared lock on daemon addresses registry.
11:02:17.142 [DEBUG] [org.gradle.cache.internal.DefaultFileLockManager] Lock acquired.
11:02:17.145 [DEBUG] [org.gradle.cache.internal.DefaultFileLockManager] Releasing lock on daemon addresses registry.
11:03:17.144 [DEBUG] [org.gradle.launcher.daemon.server.Daemon] DaemonExpirationPeriodicCheck running
11:03:17.145 [DEBUG] [org.gradle.cache.internal.DefaultFileLockManager] Waiting to acquire shared lock on daemon addresses registry.
11:03:17.145 [DEBUG] [org.gradle.cache.internal.DefaultFileLockManager] Lock acquired.
11:03:17.146 [DEBUG] [org.gradle.cache.internal.DefaultFileLockManager] Releasing lock on daemon addresses registry.
11:04:17.147 [DEBUG] [org.gradle.launcher.daemon.server.Daemon] DaemonExpirationPeriodicCheck running
11:04:17.147 [DEBUG] [org.gradle.cache.internal.DefaultFileLockManager] Waiting to acquire shared lock on daemon addresses registry.
11:04:17.147 [DEBUG] [org.gradle.cache.internal.DefaultFileLockManager] Lock acquired.
11:04:17.148 [DEBUG] [org.gradle.cache.internal.DefaultFileLockManager] Releasing lock on daemon addresses registry.
11:05:17.149 [DEBUG] [org.gradle.launcher.daemon.server.Daemon] DaemonExpirationPeriodicCheck running
11:05:17.150 [DEBUG] [org.gradle.cache.internal.DefaultFileLockManager] Waiting to acquire shared lock on daemon addresses registry.
11:05:17.150 [DEBUG] [org.gradle.cache.internal.DefaultFileLockManager] Lock acquired.
11:05:17.151 [DEBUG] [org.gradle.cache.internal.DefaultFileLockManager] Releasing lock on daemon addresses registry.
11:06:17.150 [DEBUG] [org.gradle.launcher.daemon.server.Daemon] DaemonExpirationPeriodicCheck running
11:06:17.150 [DEBUG] [org.gradle.cache.internal.DefaultFileLockManager] Waiting to acquire shared lock on daemon addresses registry.
11:06:17.151 [DEBUG] [org.gradle.cache.internal.DefaultFileLockManager] Lock acquired.
11:06:17.152 [DEBUG] [org.gradle.cache.internal.DefaultFileLockManager] Releasing lock on daemon addresses registry.
11:07:17.153 [DEBUG] [org.gradle.launcher.daemon.server.Daemon] DaemonExpirationPeriodicCheck running
11:07:17.153 [DEBUG] [org.gradle.cache.internal.DefaultFileLockManager] Waiting to acquire shared lock on daemon addresses registry.
11:07:17.154 [DEBUG] [org.gradle.cache.internal.DefaultFileLockManager] Lock acquired.
11:07:17.154 [DEBUG] [org.gradle.cache.internal.DefaultFileLockManager] Releasing lock on daemon addresses registry.
11:08:17.155 [DEBUG] [org.gradle.launcher.daemon.server.Daemon] DaemonExpirationPeriodicCheck running
11:08:17.156 [DEBUG] [org.gradle.cache.internal.DefaultFileLockManager] Waiting to acquire shared lock on daemon addresses registry.
11:08:17.156 [DEBUG] [org.gradle.cache.internal.DefaultFileLockManager] Lock acquired.
11:08:17.157 [DEBUG] [org.gradle.cache.internal.DefaultFileLockManager] Releasing lock on daemon addresses registry.
11:09:17.158 [DEBUG] [org.gradle.launcher.daemon.server.Daemon] DaemonExpirationPeriodicCheck running
11:09:17.159 [DEBUG] [org.gradle.cache.internal.DefaultFileLockManager] Waiting to acquire shared lock on daemon addresses registry.
11:09:17.159 [DEBUG] [org.gradle.cache.internal.DefaultFileLockManager] Lock acquired.
11:09:17.160 [DEBUG] [org.gradle.cache.internal.DefaultFileLockManager] Releasing lock on daemon addresses registry.
11:10:17.161 [DEBUG] [org.gradle.launcher.daemon.server.Daemon] DaemonExpirationPeriodicCheck running
11:10:17.162 [DEBUG] [org.gradle.cache.internal.DefaultFileLockManager] Waiting to acquire shared lock on daemon addresses registry.
11:10:17.162 [DEBUG] [org.gradle.cache.internal.DefaultFileLockManager] Lock acquired.
11:10:17.163 [DEBUG] [org.gradle.cache.internal.DefaultFileLockManager] Releasing lock on daemon addresses registry.
11:11:17.161 [DEBUG] [org.gradle.launcher.daemon.server.Daemon] DaemonExpirationPeriodicCheck running
11:11:17.162 [DEBUG] [org.gradle.cache.internal.DefaultFileLockManager] Waiting to acquire shared lock on daemon addresses registry.
11:11:17.162 [DEBUG] [org.gradle.cache.internal.DefaultFileLockManager] Lock acquired.
11:11:17.163 [DEBUG] [org.gradle.cache.internal.DefaultFileLockManager] Releasing lock on daemon addresses registry.
11:12:17.165 [DEBUG] [org.gradle.launcher.daemon.server.Daemon] DaemonExpirationPeriodicCheck running
11:12:17.166 [DEBUG] [org.gradle.cache.internal.DefaultFileLockManager] Waiting to acquire shared lock on daemon addresses registry.
11:12:17.166 [DEBUG] [org.gradle.cache.internal.DefaultFileLockManager] Lock acquired.
11:12:17.167 [DEBUG] [org.gradle.cache.internal.DefaultFileLockManager] Releasing lock on daemon addresses registry.
11:13:17.168 [DEBUG] [org.gradle.launcher.daemon.server.Daemon] DaemonExpirationPeriodicCheck running
11:13:17.169 [DEBUG] [org.gradle.cache.internal.DefaultFileLockManager] Waiting to acquire shared lock on daemon addresses registry.
11:13:17.169 [DEBUG] [org.gradle.cache.internal.DefaultFileLockManager] Lock acquired.
11:13:17.170 [DEBUG] [org.gradle.cache.internal.DefaultFileLockManager] Releasing lock on daemon addresses registry.
11:14:17.170 [DEBUG] [org.gradle.launcher.daemon.server.Daemon] DaemonExpirationPeriodicCheck running
11:14:17.170 [DEBUG] [org.gradle.cache.internal.DefaultFileLockManager] Waiting to acquire shared lock on daemon addresses registry.
11:14:17.170 [DEBUG] [org.gradle.cache.internal.DefaultFileLockManager] Lock acquired.
11:14:17.171 [DEBUG] [org.gradle.cache.internal.DefaultFileLockManager] Releasing lock on daemon addresses registry.
11:15:17.177 [DEBUG] [org.gradle.launcher.daemon.server.Daemon] DaemonExpirationPeriodicCheck running
11:15:17.178 [DEBUG] [org.gradle.cache.internal.DefaultFileLockManager] Waiting to acquire shared lock on daemon addresses registry.
11:15:17.178 [DEBUG] [org.gradle.cache.internal.DefaultFileLockManager] Lock acquired.
11:15:17.179 [DEBUG] [org.gradle.cache.internal.DefaultFileLockManager] Releasing lock on daemon addresses registry.
11:16:17.180 [DEBUG] [org.gradle.launcher.daemon.server.Daemon] DaemonExpirationPeriodicCheck running
11:16:17.181 [DEBUG] [org.gradle.cache.internal.DefaultFileLockManager] Waiting to acquire shared lock on daemon addresses registry.
11:16:17.181 [DEBUG] [org.gradle.cache.internal.DefaultFileLockManager] Lock acquired.
11:16:17.182 [DEBUG] [org.gradle.cache.internal.DefaultFileLockManager] Releasing lock on daemon addresses registry.
11:17:17.183 [DEBUG] [org.gradle.launcher.daemon.server.Daemon] DaemonExpirationPeriodicCheck running
11:17:17.183 [DEBUG] [org.gradle.cache.internal.DefaultFileLockManager] Waiting to acquire shared lock on daemon addresses registry.
11:17:17.183 [DEBUG] [org.gradle.cache.internal.DefaultFileLockManager] Lock acquired.
11:17:17.185 [DEBUG] [org.gradle.cache.internal.DefaultFileLockManager] Releasing lock on daemon addresses registry.
11:18:17.185 [DEBUG] [org.gradle.launcher.daemon.server.Daemon] DaemonExpirationPeriodicCheck running
11:18:17.186 [DEBUG] [org.gradle.cache.internal.DefaultFileLockManager] Waiting to acquire shared lock on daemon addresses registry.
11:18:17.186 [DEBUG] [org.gradle.cache.internal.DefaultFileLockManager] Lock acquired.
11:18:17.187 [DEBUG] [org.gradle.cache.internal.DefaultFileLockManager] Releasing lock on daemon addresses registry.
11:19:17.185 [DEBUG] [org.gradle.launcher.daemon.server.Daemon] DaemonExpirationPeriodicCheck running
11:19:17.186 [DEBUG] [org.gradle.cache.internal.DefaultFileLockManager] Waiting to acquire shared lock on daemon addresses registry.
11:19:17.186 [DEBUG] [org.gradle.cache.internal.DefaultFileLockManager] Lock acquired.
11:19:17.187 [DEBUG] [org.gradle.cache.internal.DefaultFileLockManager] Releasing lock on daemon addresses registry.
11:20:17.188 [DEBUG] [org.gradle.launcher.daemon.server.Daemon] DaemonExpirationPeriodicCheck running
11:20:17.189 [DEBUG] [org.gradle.cache.internal.DefaultFileLockManager] Waiting to acquire shared lock on daemon addresses registry.
11:20:17.189 [DEBUG] [org.gradle.cache.internal.DefaultFileLockManager] Lock acquired.
11:20:17.190 [DEBUG] [org.gradle.cache.internal.DefaultFileLockManager] Releasing lock on daemon addresses registry.
11:21:17.191 [DEBUG] [org.gradle.launcher.daemon.server.Daemon] DaemonExpirationPeriodicCheck running
11:21:17.192 [DEBUG] [org.gradle.cache.internal.DefaultFileLockManager] Waiting to acquire shared lock on daemon addresses registry.
11:21:17.192 [DEBUG] [org.gradle.cache.internal.DefaultFileLockManager] Lock acquired.
11:21:17.193 [DEBUG] [org.gradle.cache.internal.DefaultFileLockManager] Releasing lock on daemon addresses registry.
11:22:17.194 [DEBUG] [org.gradle.launcher.daemon.server.Daemon] DaemonExpirationPeriodicCheck running
11:22:17.194 [INFO] [org.gradle.launcher.daemon.server.DaemonIdleTimeoutExpirationStrategy] Idle timeout: daemon has been idle for 2720189 milliseconds. Expiring.
11:22:17.196 [INFO] [org.gradle.launcher.daemon.server.Daemon] Daemon expiration criteria met, requesting stop
11:22:17.196 [LIFECYCLE] [org.gradle.launcher.daemon.server.Daemon] Daemon stopping because daemon has been idle for 2720189 milliseconds and Free system memory (790487040 bytes) is below threshold of 3435973836 bytes
11:22:17.196 [DEBUG] [org.gradle.launcher.daemon.server.DaemonStateCoordinator] Stop as soon as idle requested. The daemon is busy: false
11:22:17.196 [DEBUG] [org.gradle.launcher.daemon.server.DaemonStateCoordinator] Marking daemon stopped due to stop requested and daemon idle. The daemon is running a build: false
11:22:17.196 [DEBUG] [org.gradle.launcher.daemon.server.DaemonStateCoordinator] daemon has stopped.
11:22:17.197 [DEBUG] [org.gradle.launcher.daemon.server.Daemon] stop() called on daemon
11:22:17.197 [INFO] [org.gradle.launcher.daemon.server.Daemon] Stop requested. Daemon is removing its presence from the registry...
11:22:17.197 [DEBUG] [org.gradle.launcher.daemon.server.DomainRegistryUpdater] Removing our presence to clients, eg. removing this address from the registry: [38ab815c-413c-4a42-afc7-0bdcfa0f7a38 port:59397, addresses:[/0:0:0:0:0:0:0:1, /127.0.0.1]]
11:22:17.197 [DEBUG] [org.gradle.launcher.daemon.registry.PersistentDaemonRegistry] Removing daemon address: [38ab815c-413c-4a42-afc7-0bdcfa0f7a38 port:59397, addresses:[/0:0:0:0:0:0:0:1, /127.0.0.1]]
11:22:17.198 [DEBUG] [org.gradle.cache.internal.DefaultFileLockManager] Waiting to acquire exclusive lock on daemon addresses registry.
11:22:17.200 [DEBUG] [org.gradle.cache.internal.DefaultFileLockManager] Lock acquired.
11:22:17.201 [DEBUG] [org.gradle.cache.internal.DefaultFileLockManager] Releasing lock on daemon addresses registry.
11:22:17.202 [DEBUG] [org.gradle.launcher.daemon.server.DomainRegistryUpdater] Address removed from registry.
Daemon vm is shutting down... The daemon has exited normally or was terminated in response to a user interrupt.
11:22:17.204 [DEBUG] [org.gradle.launcher.daemon.registry.PersistentDaemonRegistry] Removing daemon address: [38ab815c-413c-4a42-afc7-0bdcfa0f7a38 port:59397, addresses:[/0:0:0:0:0:0:0:1, /127.0.0.1]]
11:22:17.204 [DEBUG] [org.gradle.cache.internal.DefaultFileLockManager] Waiting to acquire exclusive lock on daemon addresses registry.
11:22:17.205 [DEBUG] [org.gradle.cache.internal.DefaultFileLockManager] Lock acquired.
11:22:17.205 [DEBUG] [org.gradle.cache.internal.DefaultFileLockManager] Releasing lock on daemon addresses registry.
