21:40:00.810 [INFO] [org.gradle.launcher.daemon.server.health.gc.GarbageCollectionMonitor] Unable to determine a garbage collection monitoring strategy for JVMStrategy{JetBrains s.r.o version 1.8.0_112-release}
21:40:00.820 [INFO] [org.gradle.launcher.daemon.server.Daemon] start() called on daemon - DefaultDaemonContext[uid=abb965be-89bf-472d-9e20-2cd8b4639c79,javaHome=/Applications/Android Studio.app/Contents/jre/jdk/Contents/Home,daemonRegistryDir=/Users/apple/Desktop/AwesomeProject/android/gradle/wrapper/daemon,pid=7070,idleTimeout=10800000,daemonOpts=-XX:MaxPermSize=256m,-XX:+HeapDumpOnOutOfMemoryError,-Xmx1024m,-Dfile.encoding=UTF-8,-Duser.country=US,-Duser.language=en,-Duser.variant]
21:40:00.828 [DEBUG] [org.gradle.launcher.daemon.server.DaemonStateCoordinator] updating lastActivityAt to 1492630800828
21:40:00.855 [DEBUG] [org.gradle.internal.remote.internal.inet.InetAddressFactory] Adding IP addresses for network interface en0
21:40:00.855 [DEBUG] [org.gradle.internal.remote.internal.inet.InetAddressFactory] Is this a loopback interface? false
21:40:00.856 [DEBUG] [org.gradle.internal.remote.internal.inet.InetAddressFactory] Is this a multicast interface? true
21:40:00.857 [DEBUG] [org.gradle.internal.remote.internal.inet.InetAddressFactory] Adding remote address /fd58:7f66:3d6a:6700:383b:f7f1:5574:ff90
21:40:00.859 [DEBUG] [org.gradle.internal.remote.internal.inet.InetAddressFactory] Adding remote address /fd58:7f66:3d6a:6700:223:32ff:fe2e:29b4
21:40:00.860 [DEBUG] [org.gradle.internal.remote.internal.inet.InetAddressFactory] Adding remote address /fe80:0:0:0:223:32ff:fe2e:29b4%en0
21:40:00.860 [DEBUG] [org.gradle.internal.remote.internal.inet.InetAddressFactory] Adding remote address /192.168.1.25
21:40:00.861 [DEBUG] [org.gradle.internal.remote.internal.inet.InetAddressFactory] Adding remote multicast interface en0
21:40:00.861 [DEBUG] [org.gradle.internal.remote.internal.inet.InetAddressFactory] Adding IP addresses for network interface lo0
21:40:00.862 [DEBUG] [org.gradle.internal.remote.internal.inet.InetAddressFactory] Is this a loopback interface? true
21:40:00.862 [DEBUG] [org.gradle.internal.remote.internal.inet.InetAddressFactory] Is this a multicast interface? true
21:40:00.863 [DEBUG] [org.gradle.internal.remote.internal.inet.InetAddressFactory] Ignoring remote address on loopback interface /fe80:0:0:0:0:0:0:1%lo0
21:40:00.863 [DEBUG] [org.gradle.internal.remote.internal.inet.InetAddressFactory] Adding loopback address /0:0:0:0:0:0:0:1
21:40:00.864 [DEBUG] [org.gradle.internal.remote.internal.inet.InetAddressFactory] Adding loopback address /127.0.0.1
21:40:00.864 [DEBUG] [org.gradle.internal.remote.internal.inet.InetAddressFactory] Adding loopback multicast interface lo0
21:40:00.876 [DEBUG] [org.gradle.internal.remote.internal.inet.TcpIncomingConnector] Listening on [f94c483c-e0d3-45dc-955f-6f72c480ffb0 port:56026, addresses:[/0:0:0:0:0:0:0:1, /127.0.0.1]].
21:40:00.880 [DEBUG] [org.gradle.launcher.daemon.server.Daemon] Daemon starting at: Wed Apr 19 21:40:00 EET 2017, with address: [f94c483c-e0d3-45dc-955f-6f72c480ffb0 port:56026, addresses:[/0:0:0:0:0:0:0:1, /127.0.0.1]]
21:40:00.880 [INFO] [org.gradle.launcher.daemon.server.DomainRegistryUpdater] Advertising the daemon address to the clients: [f94c483c-e0d3-45dc-955f-6f72c480ffb0 port:56026, addresses:[/0:0:0:0:0:0:0:1, /127.0.0.1]]
21:40:00.881 [DEBUG] [org.gradle.launcher.daemon.server.DomainRegistryUpdater] Advertised daemon context: DefaultDaemonContext[uid=abb965be-89bf-472d-9e20-2cd8b4639c79,javaHome=/Applications/Android Studio.app/Contents/jre/jdk/Contents/Home,daemonRegistryDir=/Users/apple/Desktop/AwesomeProject/android/gradle/wrapper/daemon,pid=7070,idleTimeout=10800000,daemonOpts=-XX:MaxPermSize=256m,-XX:+HeapDumpOnOutOfMemoryError,-Xmx1024m,-Dfile.encoding=UTF-8,-Duser.country=US,-Duser.language=en,-Duser.variant]
21:40:00.883 [DEBUG] [org.gradle.launcher.daemon.registry.PersistentDaemonRegistry] Storing daemon address: [f94c483c-e0d3-45dc-955f-6f72c480ffb0 port:56026, addresses:[/0:0:0:0:0:0:0:1, /127.0.0.1]], context: DefaultDaemonContext[uid=abb965be-89bf-472d-9e20-2cd8b4639c79,javaHome=/Applications/Android Studio.app/Contents/jre/jdk/Contents/Home,daemonRegistryDir=/Users/apple/Desktop/AwesomeProject/android/gradle/wrapper/daemon,pid=7070,idleTimeout=10800000,daemonOpts=-XX:MaxPermSize=256m,-XX:+HeapDumpOnOutOfMemoryError,-Xmx1024m,-Dfile.encoding=UTF-8,-Duser.country=US,-Duser.language=en,-Duser.variant]
21:40:00.895 [DEBUG] [org.gradle.cache.internal.DefaultFileLockManager] Waiting to acquire exclusive lock on daemon addresses registry.
21:40:00.897 [DEBUG] [org.gradle.cache.internal.DefaultFileLockManager] Lock acquired.
21:40:01.037 [DEBUG] [org.gradle.cache.internal.DefaultFileLockManager] Releasing lock on daemon addresses registry.
21:40:01.038 [LIFECYCLE] [org.gradle.launcher.daemon.server.Daemon] Daemon server started.
21:40:01.043 [DEBUG] [org.gradle.launcher.daemon.bootstrap.DaemonStartupCommunication] Completed writing the daemon greeting. Closing streams...
21:40:01.085 [DEBUG] [org.gradle.internal.remote.internal.inet.TcpIncomingConnector] Accepted connection from /127.0.0.1:56029 to /127.0.0.1:56026.
21:40:01.147 [DEBUG] [org.gradle.launcher.daemon.server.Daemon] stopOnExpiration() called on daemon
21:40:01.158 [DEBUG] [org.gradle.launcher.daemon.server.Daemon] awaitExpiration() called on daemon
21:40:01.159 [DEBUG] [org.gradle.launcher.daemon.server.DaemonStateCoordinator] daemon is running. Sleeping until state changes.
21:40:01.201 [DEBUG] [org.gradle.launcher.daemon.server.SynchronizedDispatchConnection] thread 14: received class org.gradle.launcher.daemon.protocol.Build
21:40:01.202 [DEBUG] [org.gradle.launcher.daemon.server.DefaultDaemonConnection] thread 14: Received non-IO message from client: Build{id=bf9bf377-b969-4f27-9991-8b33512fefa1.1, currentDir=/Users/apple/Desktop/AwesomeProject/android}
21:40:01.203 [INFO] [org.gradle.launcher.daemon.server.DefaultIncomingConnectionHandler] Received command: Build{id=bf9bf377-b969-4f27-9991-8b33512fefa1.1, currentDir=/Users/apple/Desktop/AwesomeProject/android}.
21:40:01.203 [DEBUG] [org.gradle.launcher.daemon.server.DefaultIncomingConnectionHandler] Starting executing command: Build{id=bf9bf377-b969-4f27-9991-8b33512fefa1.1, currentDir=/Users/apple/Desktop/AwesomeProject/android} with connection: socket connection from /127.0.0.1:56026 to /127.0.0.1:56029.
21:40:01.212 [DEBUG] [org.gradle.launcher.daemon.server.DaemonStateCoordinator] Command execution: started DaemonCommandExecution[command = Build{id=bf9bf377-b969-4f27-9991-8b33512fefa1.1, currentDir=/Users/apple/Desktop/AwesomeProject/android}, connection = org.gradle.launcher.daemon.server.DefaultDaemonConnection@bc6754e] after 0.0 minutes of idle
21:40:01.212 [INFO] [org.gradle.launcher.daemon.server.DomainRegistryUpdater] Marking the daemon as busy, address: [f94c483c-e0d3-45dc-955f-6f72c480ffb0 port:56026, addresses:[/0:0:0:0:0:0:0:1, /127.0.0.1]]
21:40:01.213 [DEBUG] [org.gradle.launcher.daemon.registry.PersistentDaemonRegistry] Marking busy by address: [f94c483c-e0d3-45dc-955f-6f72c480ffb0 port:56026, addresses:[/0:0:0:0:0:0:0:1, /127.0.0.1]]
21:40:01.214 [DEBUG] [org.gradle.cache.internal.DefaultFileLockManager] Waiting to acquire exclusive lock on daemon addresses registry.
21:40:01.215 [DEBUG] [org.gradle.cache.internal.DefaultFileLockManager] Lock acquired.
21:40:01.223 [DEBUG] [org.gradle.cache.internal.DefaultFileLockManager] Releasing lock on daemon addresses registry.
21:40:01.224 [DEBUG] [org.gradle.launcher.daemon.server.DaemonStateCoordinator] updating lastActivityAt to 1492630801224
21:40:01.224 [DEBUG] [org.gradle.launcher.daemon.server.DaemonStateCoordinator] daemon is running. Sleeping until state changes.
21:40:01.225 [INFO] [org.gradle.launcher.daemon.server.exec.StartBuildOrRespondWithBusy] Daemon is about to start building Build{id=bf9bf377-b969-4f27-9991-8b33512fefa1.1, currentDir=/Users/apple/Desktop/AwesomeProject/android}. Dispatching build started information...
21:40:01.227 [DEBUG] [org.gradle.launcher.daemon.server.SynchronizedDispatchConnection] thread 17: dispatching class org.gradle.launcher.daemon.protocol.BuildStarted
21:40:01.233 [DEBUG] [org.gradle.launcher.daemon.server.exec.EstablishBuildEnvironment] Configuring env variables: {PATH=/usr/bin:/bin:/usr/sbin:/sbin, SSH_AUTH_SOCK=/private/tmp/com.apple.launchd.FigoYAzmf2/Listeners, XPC_FLAGS=0x0, SHELL=/bin/bash, __CF_USER_TEXT_ENCODING=0x1F5:0x0:0x0, Apple_PubSub_Socket_Render=/private/tmp/com.apple.launchd.eSy43AOZNT/Render, LOGNAME=apple, USER=apple, XPC_SERVICE_NAME=com.google.android.studio.157152, HOME=/Users/apple, TMPDIR=/var/folders/6b/fbn5s3lx1t39zzl364qb01lr0000gn/T/}
21:40:01.244 [DEBUG] [org.gradle.launcher.daemon.server.SynchronizedDispatchConnection] thread 14: received class org.gradle.launcher.daemon.protocol.CloseInput
21:40:01.244 [DEBUG] [org.gradle.launcher.daemon.server.DefaultDaemonConnection] thread 14: Received IO message from client: org.gradle.launcher.daemon.protocol.CloseInput@7803b87b
21:40:01.246 [DEBUG] [org.gradle.launcher.daemon.server.exec.LogToClient] About to start relaying all logs to the client via the connection.
21:40:01.246 [INFO] [org.gradle.launcher.daemon.server.exec.LogToClient] The client will now receive all logging from the daemon (pid: 7070). The daemon log file: /Users/apple/Desktop/AwesomeProject/android/gradle/wrapper/daemon/2.14.1/daemon-7070.out.log
21:40:01.249 [INFO] [org.gradle.launcher.daemon.server.health.DaemonHealthTracker] Starting build in new daemon [memory: 954.7 MB]
21:40:01.254 [INFO] [org.gradle.launcher.daemon.server.exec.ForwardClientInput] Closing daemon's stdin at end of input.
21:40:01.254 [INFO] [org.gradle.launcher.daemon.server.exec.ForwardClientInput] The daemon will no longer process any standard input.
21:40:01.256 [DEBUG] [org.gradle.launcher.daemon.server.exec.ExecuteBuild] The daemon has started executing the build.
21:40:01.257 [INFO] [org.gradle.launcher.daemon.server.exec.ExecuteBuild] Executing build with daemon context: DefaultDaemonContext[uid=abb965be-89bf-472d-9e20-2cd8b4639c79,javaHome=/Applications/Android Studio.app/Contents/jre/jdk/Contents/Home,daemonRegistryDir=/Users/apple/Desktop/AwesomeProject/android/gradle/wrapper/daemon,pid=7070,idleTimeout=10800000,daemonOpts=-XX:MaxPermSize=256m,-XX:+HeapDumpOnOutOfMemoryError,-Xmx1024m,-Dfile.encoding=UTF-8,-Duser.country=US,-Duser.language=en,-Duser.variant]

FAILURE: Build failed with an exception.

* What went wrong:
A problem occurred configuring root project 'AwesomeProject'.
> Could not resolve all dependencies for configuration ':classpath'.
   > Could not resolve com.android.tools.build:gradle:2.2.3.
     Required by:
         :AwesomeProject:unspecified
      > No cached version of com.android.tools.build:gradle:2.2.3 available for offline mode.

* Try:
Run with --stacktrace option to get the stack trace. Run with --info or --debug option to get more log output.

CONFIGURE FAILED

Total time: 9.099 secs
21:40:07.146 [DEBUG] [org.gradle.api.internal.artifacts.ivyservice.ivyresolve.memcache.InMemoryCachedRepositoryFactory] In-memory dependency metadata cache closed. Repos cached: 2, cache instances: 2, modules served from cache: 0, artifacts: 0
21:40:07.147 [DEBUG] [org.gradle.cache.internal.DefaultCacheAccess] Cache Generated Gradle JARs cache (/Users/apple/Desktop/AwesomeProject/android/gradle/wrapper/caches/2.14.1/generated-gradle-jars) was closed 0 times.
21:40:07.148 [DEBUG] [org.gradle.cache.internal.btree.BTreePersistentIndexedCache] Closing cache module-metadata.bin (/Users/apple/Desktop/AwesomeProject/android/gradle/wrapper/caches/modules-2/metadata-2.16/module-metadata.bin)
21:40:07.149 [DEBUG] [org.gradle.cache.internal.DefaultFileLockManager] Releasing lock on artifact cache (/Users/apple/Desktop/AwesomeProject/android/gradle/wrapper/caches/modules-2).
21:40:07.151 [DEBUG] [org.gradle.api.internal.artifacts.ivyservice.resolveengine.store.CachedStoreFactory] Resolution result cache closed. Cache reads: 0, disk reads: 0 (avg: 0.0 secs, total: 0.0 secs)
21:40:07.152 [DEBUG] [org.gradle.api.internal.artifacts.ivyservice.resolveengine.store.CachedStoreFactory] Resolution result cache closed. Cache reads: 0, disk reads: 0 (avg: 0.0 secs, total: 0.0 secs)
21:40:07.152 [DEBUG] [org.gradle.api.internal.artifacts.ivyservice.resolveengine.store.ResolutionResultsStoreFactory] Deleted 2 resolution results binary files in 0.003 secs
21:40:07.152 [DEBUG] [org.gradle.cache.internal.DefaultCacheAccess] Cache Plugin Resolution Cache (/Users/apple/Desktop/AwesomeProject/android/gradle/wrapper/caches/2.14.1/plugin-resolution) was closed 0 times.
21:40:07.153 [DEBUG] [org.gradle.cache.internal.DefaultFileLockManager] Releasing lock on jars (/Users/apple/Desktop/AwesomeProject/android/gradle/wrapper/caches/jars-1).
21:40:07.154 [DEBUG] [org.gradle.launcher.daemon.server.exec.ExecuteBuild] The daemon has finished executing the build.
21:40:07.333 [DEBUG] [org.gradle.launcher.daemon.server.DaemonStateCoordinator] daemon is running. Sleeping until state changes.
21:40:07.334 [DEBUG] [org.gradle.launcher.daemon.server.DaemonStateCoordinator] Command execution: finished waiting for DaemonCommandExecution[command = Build{id=bf9bf377-b969-4f27-9991-8b33512fefa1.1, currentDir=/Users/apple/Desktop/AwesomeProject/android}, connection = org.gradle.launcher.daemon.server.DefaultDaemonConnection@bc6754e]. Result org.gradle.launcher.daemon.server.DaemonStateCoordinator@4331a81f with state Running
21:40:07.334 [DEBUG] [org.gradle.launcher.daemon.server.DaemonStateCoordinator] Command execution: completed DaemonCommandExecution[command = Build{id=bf9bf377-b969-4f27-9991-8b33512fefa1.1, currentDir=/Users/apple/Desktop/AwesomeProject/android}, connection = org.gradle.launcher.daemon.server.DefaultDaemonConnection@bc6754e]
21:40:07.335 [DEBUG] [org.gradle.launcher.daemon.server.DaemonStateCoordinator] updating lastActivityAt to 1492630807335
21:40:07.335 [INFO] [org.gradle.launcher.daemon.server.DomainRegistryUpdater] Marking the daemon as idle, address: [f94c483c-e0d3-45dc-955f-6f72c480ffb0 port:56026, addresses:[/0:0:0:0:0:0:0:1, /127.0.0.1]]
21:40:07.336 [DEBUG] [org.gradle.launcher.daemon.registry.PersistentDaemonRegistry] Marking idle by address: [f94c483c-e0d3-45dc-955f-6f72c480ffb0 port:56026, addresses:[/0:0:0:0:0:0:0:1, /127.0.0.1]]
21:40:07.342 [DEBUG] [org.gradle.cache.internal.DefaultFileLockManager] Waiting to acquire exclusive lock on daemon addresses registry.
21:40:07.343 [DEBUG] [org.gradle.cache.internal.DefaultFileLockManager] Lock acquired.
21:40:07.348 [DEBUG] [org.gradle.cache.internal.DefaultFileLockManager] Releasing lock on daemon addresses registry.
21:40:07.348 [DEBUG] [org.gradle.launcher.daemon.server.DaemonStateCoordinator] daemon is running. Sleeping until state changes.
21:40:07.348 [DEBUG] [org.gradle.launcher.daemon.server.exec.ReturnResult] Daemon is dispatching the build result: Failure[value=org.gradle.initialization.ReportedException: org.gradle.internal.exceptions.LocationAwareException: A problem occurred configuring root project 'AwesomeProject'.]
21:40:07.349 [DEBUG] [org.gradle.launcher.daemon.server.SynchronizedDispatchConnection] thread 13: dispatching class org.gradle.launcher.daemon.protocol.Failure
21:40:07.451 [DEBUG] [org.gradle.launcher.daemon.server.DefaultIncomingConnectionHandler] Finishing executing command: Build{id=bf9bf377-b969-4f27-9991-8b33512fefa1.1, currentDir=/Users/apple/Desktop/AwesomeProject/android}
21:40:07.505 [DEBUG] [org.gradle.launcher.daemon.server.SynchronizedDispatchConnection] thread 14: received class org.gradle.launcher.daemon.protocol.Finished
21:40:07.505 [DEBUG] [org.gradle.launcher.daemon.server.DefaultDaemonConnection] thread 14: Received non-IO message from client: org.gradle.launcher.daemon.protocol.Finished@59d81b07
21:40:07.506 [DEBUG] [org.gradle.internal.remote.internal.inet.SocketConnection] Discarding EOFException: java.io.EOFException
21:40:07.507 [DEBUG] [org.gradle.launcher.daemon.server.SynchronizedDispatchConnection] thread 14: received null
21:40:07.507 [DEBUG] [org.gradle.launcher.daemon.server.DefaultDaemonConnection] thread 14: Received end-of-input from client.
21:40:07.519 [DEBUG] [org.gradle.launcher.daemon.server.DefaultIncomingConnectionHandler] Received finished message: null
21:40:07.520 [DEBUG] [org.gradle.launcher.daemon.server.SynchronizedDispatchConnection] thread 13: stopping connection
21:40:07.600 [DEBUG] [org.gradle.launcher.daemon.server.SynchronizedDispatchConnection] thread 13: stopping connection
21:41:01.161 [DEBUG] [org.gradle.launcher.daemon.server.Daemon] DaemonExpirationPeriodicCheck running
21:41:01.165 [DEBUG] [org.gradle.cache.internal.DefaultFileLockManager] Waiting to acquire shared lock on daemon addresses registry.
21:41:01.165 [DEBUG] [org.gradle.cache.internal.DefaultFileLockManager] Lock acquired.
21:41:01.167 [DEBUG] [org.gradle.cache.internal.DefaultFileLockManager] Releasing lock on daemon addresses registry.
21:42:01.164 [DEBUG] [org.gradle.launcher.daemon.server.Daemon] DaemonExpirationPeriodicCheck running
21:42:01.165 [DEBUG] [org.gradle.cache.internal.DefaultFileLockManager] Waiting to acquire shared lock on daemon addresses registry.
21:42:01.165 [DEBUG] [org.gradle.cache.internal.DefaultFileLockManager] Lock acquired.
21:42:01.167 [DEBUG] [org.gradle.cache.internal.DefaultFileLockManager] Releasing lock on daemon addresses registry.
21:43:01.167 [DEBUG] [org.gradle.launcher.daemon.server.Daemon] DaemonExpirationPeriodicCheck running
21:43:01.168 [DEBUG] [org.gradle.cache.internal.DefaultFileLockManager] Waiting to acquire shared lock on daemon addresses registry.
21:43:01.168 [DEBUG] [org.gradle.cache.internal.DefaultFileLockManager] Lock acquired.
21:43:01.171 [DEBUG] [org.gradle.cache.internal.DefaultFileLockManager] Releasing lock on daemon addresses registry.
21:44:01.170 [DEBUG] [org.gradle.launcher.daemon.server.Daemon] DaemonExpirationPeriodicCheck running
21:44:01.171 [DEBUG] [org.gradle.cache.internal.DefaultFileLockManager] Waiting to acquire shared lock on daemon addresses registry.
21:44:01.171 [DEBUG] [org.gradle.cache.internal.DefaultFileLockManager] Lock acquired.
21:44:01.174 [DEBUG] [org.gradle.cache.internal.DefaultFileLockManager] Releasing lock on daemon addresses registry.
21:45:01.171 [DEBUG] [org.gradle.launcher.daemon.server.Daemon] DaemonExpirationPeriodicCheck running
21:45:01.172 [DEBUG] [org.gradle.cache.internal.DefaultFileLockManager] Waiting to acquire shared lock on daemon addresses registry.
21:45:01.172 [DEBUG] [org.gradle.cache.internal.DefaultFileLockManager] Lock acquired.
21:45:01.173 [DEBUG] [org.gradle.cache.internal.DefaultFileLockManager] Releasing lock on daemon addresses registry.
21:46:01.174 [DEBUG] [org.gradle.launcher.daemon.server.Daemon] DaemonExpirationPeriodicCheck running
21:46:01.175 [DEBUG] [org.gradle.cache.internal.DefaultFileLockManager] Waiting to acquire shared lock on daemon addresses registry.
21:46:01.175 [DEBUG] [org.gradle.cache.internal.DefaultFileLockManager] Lock acquired.
21:46:01.177 [DEBUG] [org.gradle.cache.internal.DefaultFileLockManager] Releasing lock on daemon addresses registry.
21:47:01.176 [DEBUG] [org.gradle.launcher.daemon.server.Daemon] DaemonExpirationPeriodicCheck running
21:47:01.177 [DEBUG] [org.gradle.cache.internal.DefaultFileLockManager] Waiting to acquire shared lock on daemon addresses registry.
21:47:01.177 [DEBUG] [org.gradle.cache.internal.DefaultFileLockManager] Lock acquired.
21:47:01.179 [DEBUG] [org.gradle.cache.internal.DefaultFileLockManager] Releasing lock on daemon addresses registry.
21:47:33.670 [DEBUG] [org.gradle.internal.remote.internal.inet.TcpIncomingConnector] Accepted connection from /127.0.0.1:56566 to /127.0.0.1:56026.
21:47:33.678 [DEBUG] [org.gradle.launcher.daemon.server.SynchronizedDispatchConnection] thread 23: received class org.gradle.launcher.daemon.protocol.Build
21:47:33.678 [DEBUG] [org.gradle.launcher.daemon.server.DefaultDaemonConnection] thread 23: Received non-IO message from client: Build{id=1396502d-0913-4ec4-8b73-efdc155edbb2.1, currentDir=/Users/apple/Desktop/AwesomeProject/android}
21:47:33.679 [INFO] [org.gradle.launcher.daemon.server.DefaultIncomingConnectionHandler] Received command: Build{id=1396502d-0913-4ec4-8b73-efdc155edbb2.1, currentDir=/Users/apple/Desktop/AwesomeProject/android}.
21:47:33.679 [DEBUG] [org.gradle.launcher.daemon.server.DefaultIncomingConnectionHandler] Starting executing command: Build{id=1396502d-0913-4ec4-8b73-efdc155edbb2.1, currentDir=/Users/apple/Desktop/AwesomeProject/android} with connection: socket connection from /127.0.0.1:56026 to /127.0.0.1:56566.
21:47:33.680 [DEBUG] [org.gradle.launcher.daemon.server.DaemonStateCoordinator] Command execution: started DaemonCommandExecution[command = Build{id=1396502d-0913-4ec4-8b73-efdc155edbb2.1, currentDir=/Users/apple/Desktop/AwesomeProject/android}, connection = org.gradle.launcher.daemon.server.DefaultDaemonConnection@26db16ed] after 7.0 minutes of idle
21:47:33.680 [INFO] [org.gradle.launcher.daemon.server.DomainRegistryUpdater] Marking the daemon as busy, address: [f94c483c-e0d3-45dc-955f-6f72c480ffb0 port:56026, addresses:[/0:0:0:0:0:0:0:1, /127.0.0.1]]
21:47:33.680 [DEBUG] [org.gradle.launcher.daemon.registry.PersistentDaemonRegistry] Marking busy by address: [f94c483c-e0d3-45dc-955f-6f72c480ffb0 port:56026, addresses:[/0:0:0:0:0:0:0:1, /127.0.0.1]]
21:47:33.681 [DEBUG] [org.gradle.cache.internal.DefaultFileLockManager] Waiting to acquire exclusive lock on daemon addresses registry.
21:47:33.681 [DEBUG] [org.gradle.cache.internal.DefaultFileLockManager] Lock acquired.
21:47:33.683 [DEBUG] [org.gradle.cache.internal.DefaultFileLockManager] Releasing lock on daemon addresses registry.
21:47:33.684 [DEBUG] [org.gradle.launcher.daemon.server.DaemonStateCoordinator] updating lastActivityAt to 1492631253684
21:47:33.685 [DEBUG] [org.gradle.launcher.daemon.server.DaemonStateCoordinator] daemon is running. Sleeping until state changes.
21:47:33.685 [INFO] [org.gradle.launcher.daemon.server.exec.StartBuildOrRespondWithBusy] Daemon is about to start building Build{id=1396502d-0913-4ec4-8b73-efdc155edbb2.1, currentDir=/Users/apple/Desktop/AwesomeProject/android}. Dispatching build started information...
21:47:33.685 [DEBUG] [org.gradle.launcher.daemon.server.SynchronizedDispatchConnection] thread 25: dispatching class org.gradle.launcher.daemon.protocol.BuildStarted
21:47:33.686 [DEBUG] [org.gradle.launcher.daemon.server.exec.EstablishBuildEnvironment] Configuring env variables: {PATH=/usr/bin:/bin:/usr/sbin:/sbin, SSH_AUTH_SOCK=/private/tmp/com.apple.launchd.FigoYAzmf2/Listeners, XPC_FLAGS=0x0, SHELL=/bin/bash, __CF_USER_TEXT_ENCODING=0x1F5:0x0:0x0, Apple_PubSub_Socket_Render=/private/tmp/com.apple.launchd.eSy43AOZNT/Render, LOGNAME=apple, USER=apple, XPC_SERVICE_NAME=com.google.android.studio.157152, HOME=/Users/apple, TMPDIR=/var/folders/6b/fbn5s3lx1t39zzl364qb01lr0000gn/T/}
21:47:33.687 [DEBUG] [org.gradle.launcher.daemon.server.exec.LogToClient] About to start relaying all logs to the client via the connection.
21:47:33.687 [INFO] [org.gradle.launcher.daemon.server.exec.LogToClient] The client will now receive all logging from the daemon (pid: 7070). The daemon log file: /Users/apple/Desktop/AwesomeProject/android/gradle/wrapper/daemon/2.14.1/daemon-7070.out.log
21:47:33.689 [INFO] [org.gradle.launcher.daemon.server.health.DaemonHealthTracker] Starting 2nd build in daemon [uptime: 7 mins 32.89 secs, performance: 98%]
21:47:33.690 [DEBUG] [org.gradle.launcher.daemon.server.SynchronizedDispatchConnection] thread 23: received class org.gradle.launcher.daemon.protocol.CloseInput
21:47:33.690 [DEBUG] [org.gradle.launcher.daemon.server.exec.ExecuteBuild] The daemon has started executing the build.
21:47:33.690 [DEBUG] [org.gradle.launcher.daemon.server.DefaultDaemonConnection] thread 23: Received IO message from client: org.gradle.launcher.daemon.protocol.CloseInput@4197eba9
21:47:33.690 [INFO] [org.gradle.launcher.daemon.server.exec.ExecuteBuild] Executing build with daemon context: DefaultDaemonContext[uid=abb965be-89bf-472d-9e20-2cd8b4639c79,javaHome=/Applications/Android Studio.app/Contents/jre/jdk/Contents/Home,daemonRegistryDir=/Users/apple/Desktop/AwesomeProject/android/gradle/wrapper/daemon,pid=7070,idleTimeout=10800000,daemonOpts=-XX:MaxPermSize=256m,-XX:+HeapDumpOnOutOfMemoryError,-Xmx1024m,-Dfile.encoding=UTF-8,-Duser.country=US,-Duser.language=en,-Duser.variant]
21:47:33.691 [INFO] [org.gradle.launcher.daemon.server.exec.ForwardClientInput] Closing daemon's stdin at end of input.
21:47:33.691 [INFO] [org.gradle.launcher.daemon.server.exec.ForwardClientInput] The daemon will no longer process any standard input.
Download https://jcenter.bintray.com/com/android/tools/build/gradle/2.2.3/gradle-2.2.3.pom
Download https://jcenter.bintray.com/com/android/tools/build/gradle-core/2.2.3/gradle-core-2.2.3.pom
Download https://jcenter.bintray.com/com/android/tools/build/builder/2.2.3/builder-2.2.3.pom
Download https://jcenter.bintray.com/com/android/tools/lint/lint/25.2.3/lint-25.2.3.pom
Download https://jcenter.bintray.com/com/android/tools/build/gradle-api/2.2.3/gradle-api-2.2.3.pom
Download https://jcenter.bintray.com/com/android/databinding/compilerCommon/2.2.3/compilerCommon-2.2.3.pom
Download https://jcenter.bintray.com/com/android/tools/build/builder-model/2.2.3/builder-model-2.2.3.pom
Download https://jcenter.bintray.com/com/android/tools/build/builder-test-api/2.2.3/builder-test-api-2.2.3.pom
Download https://jcenter.bintray.com/com/android/tools/sdklib/25.2.3/sdklib-25.2.3.pom
Download https://jcenter.bintray.com/com/android/tools/sdk-common/25.2.3/sdk-common-25.2.3.pom
Download https://jcenter.bintray.com/com/android/tools/common/25.2.3/common-25.2.3.pom
Download https://jcenter.bintray.com/com/android/tools/build/manifest-merger/25.2.3/manifest-merger-25.2.3.pom
Download https://jcenter.bintray.com/com/android/tools/ddms/ddmlib/25.2.3/ddmlib-25.2.3.pom
Download https://jcenter.bintray.com/com/android/tools/analytics-library/protos/25.2.3/protos-25.2.3.pom
Download https://jcenter.bintray.com/com/android/tools/analytics-library/shared/25.2.3/shared-25.2.3.pom
Download https://jcenter.bintray.com/com/android/tools/analytics-library/tracker/25.2.3/tracker-25.2.3.pom
Download https://jcenter.bintray.com/com/android/tools/lint/lint-checks/25.2.3/lint-checks-25.2.3.pom
Download https://jcenter.bintray.com/com/android/databinding/baseLibrary/2.2.3/baseLibrary-2.2.3.pom
Download https://jcenter.bintray.com/com/android/tools/layoutlib/layoutlib-api/25.2.3/layoutlib-api-25.2.3.pom
Download https://jcenter.bintray.com/com/android/tools/dvlib/25.2.3/dvlib-25.2.3.pom
Download https://jcenter.bintray.com/com/android/tools/repository/25.2.3/repository-25.2.3.pom
Download https://jcenter.bintray.com/com/android/tools/lint/lint-api/25.2.3/lint-api-25.2.3.pom
Download https://jcenter.bintray.com/com/android/tools/external/com-intellij/uast/145.597.4/uast-145.597.4.pom
Download https://jcenter.bintray.com/com/android/tools/annotations/25.2.3/annotations-25.2.3.pom
Download https://jcenter.bintray.com/com/android/tools/build/gradle/2.2.3/gradle-2.2.3.jar
Download https://jcenter.bintray.com/com/android/tools/build/gradle-core/2.2.3/gradle-core-2.2.3.jar
Download https://jcenter.bintray.com/com/android/tools/build/builder/2.2.3/builder-2.2.3.jar
Download https://jcenter.bintray.com/com/android/tools/lint/lint/25.2.3/lint-25.2.3.jar
Download https://jcenter.bintray.com/com/android/tools/build/gradle-api/2.2.3/gradle-api-2.2.3.jar
Download https://jcenter.bintray.com/com/android/databinding/compilerCommon/2.2.3/compilerCommon-2.2.3.jar
Download https://jcenter.bintray.com/com/android/tools/build/builder-model/2.2.3/builder-model-2.2.3.jar
Download https://jcenter.bintray.com/com/android/tools/build/builder-test-api/2.2.3/builder-test-api-2.2.3.jar
Download https://jcenter.bintray.com/com/android/tools/sdklib/25.2.3/sdklib-25.2.3.jar
Download https://jcenter.bintray.com/com/android/tools/sdk-common/25.2.3/sdk-common-25.2.3.jar
Download https://jcenter.bintray.com/com/android/tools/common/25.2.3/common-25.2.3.jar
Download https://jcenter.bintray.com/com/android/tools/build/manifest-merger/25.2.3/manifest-merger-25.2.3.jar
Download https://jcenter.bintray.com/com/android/tools/ddms/ddmlib/25.2.3/ddmlib-25.2.3.jar
Download https://jcenter.bintray.com/com/android/tools/analytics-library/protos/25.2.3/protos-25.2.3.jar
Download https://jcenter.bintray.com/com/android/tools/analytics-library/shared/25.2.3/shared-25.2.3.jar
Download https://jcenter.bintray.com/com/android/tools/analytics-library/tracker/25.2.3/tracker-25.2.3.jar
Download https://jcenter.bintray.com/com/android/tools/lint/lint-checks/25.2.3/lint-checks-25.2.3.jar
Download https://jcenter.bintray.com/com/android/databinding/baseLibrary/2.2.3/baseLibrary-2.2.3.jar
Download https://jcenter.bintray.com/com/android/tools/layoutlib/layoutlib-api/25.2.3/layoutlib-api-25.2.3.jar
Download https://jcenter.bintray.com/com/android/tools/dvlib/25.2.3/dvlib-25.2.3.jar
Download https://jcenter.bintray.com/com/android/tools/repository/25.2.3/repository-25.2.3.jar
Download https://jcenter.bintray.com/com/android/tools/lint/lint-api/25.2.3/lint-api-25.2.3.jar
Download https://jcenter.bintray.com/com/android/tools/external/com-intellij/uast/145.597.4/uast-145.597.4.jar
Download https://jcenter.bintray.com/com/android/tools/annotations/25.2.3/annotations-25.2.3.jar
Download https://jcenter.bintray.com/com/facebook/react/react-native/0.20.1/react-native-0.20.1.pom
Download https://jcenter.bintray.com/javax/inject/javax.inject/1/javax.inject-1.pom
Download https://jcenter.bintray.com/com/facebook/fbui/textlayoutbuilder/textlayoutbuilder/1.0.0/textlayoutbuilder-1.0.0.pom
Download https://jcenter.bintray.com/com/facebook/fresco/fresco/1.0.1/fresco-1.0.1.pom
Download https://jcenter.bintray.com/com/facebook/fresco/imagepipeline-okhttp3/1.0.1/imagepipeline-okhttp3-1.0.1.pom
Download https://jcenter.bintray.com/com/facebook/soloader/soloader/0.1.0/soloader-0.1.0.pom
Download https://jcenter.bintray.com/com/google/code/findbugs/jsr305/3.0.0/jsr305-3.0.0.pom
Download https://jcenter.bintray.com/com/squareup/okhttp3/okhttp/3.4.1/okhttp-3.4.1.pom
Download https://jcenter.bintray.com/com/squareup/okhttp3/parent/3.4.1/parent-3.4.1.pom
Download https://jcenter.bintray.com/com/squareup/okhttp3/okhttp-urlconnection/3.4.1/okhttp-urlconnection-3.4.1.pom
Download https://jcenter.bintray.com/com/squareup/okhttp3/okhttp-ws/3.4.1/okhttp-ws-3.4.1.pom
Download https://jcenter.bintray.com/com/squareup/okio/okio/1.9.0/okio-1.9.0.pom
Download https://jcenter.bintray.com/com/squareup/okio/okio-parent/1.9.0/okio-parent-1.9.0.pom
Download https://jcenter.bintray.com/org/webkit/android-jsc/r174650/android-jsc-r174650.pom
Download https://jcenter.bintray.com/com/facebook/fbui/textlayoutbuilder/staticlayout-proxy/1.0/staticlayout-proxy-1.0.pom
Download https://jcenter.bintray.com/com/facebook/fresco/drawee/1.0.1/drawee-1.0.1.pom
Download https://jcenter.bintray.com/com/facebook/fresco/fbcore/1.0.1/fbcore-1.0.1.pom
Download https://jcenter.bintray.com/com/facebook/fresco/imagepipeline/1.0.1/imagepipeline-1.0.1.pom
Download https://jcenter.bintray.com/com/parse/bolts/bolts-tasks/1.4.0/bolts-tasks-1.4.0.pom
Download https://jcenter.bintray.com/com/facebook/fresco/imagepipeline-base/1.0.1/imagepipeline-base-1.0.1.pom
Download https://jcenter.bintray.com/javax/inject/javax.inject/1/javax.inject-1.jar
Download https://jcenter.bintray.com/com/facebook/fbui/textlayoutbuilder/staticlayout-proxy/1.0/staticlayout-proxy-1.0.jar
Download https://jcenter.bintray.com/com/facebook/fbui/textlayoutbuilder/textlayoutbuilder/1.0.0/textlayoutbuilder-1.0.0.aar
Download https://jcenter.bintray.com/com/facebook/fresco/fbcore/1.0.1/fbcore-1.0.1.aar
Download https://jcenter.bintray.com/com/facebook/fresco/drawee/1.0.1/drawee-1.0.1.aar
Download https://jcenter.bintray.com/com/parse/bolts/bolts-tasks/1.4.0/bolts-tasks-1.4.0.jar
Download https://jcenter.bintray.com/com/facebook/fresco/imagepipeline-base/1.0.1/imagepipeline-base-1.0.1.aar
Download https://jcenter.bintray.com/com/facebook/fresco/imagepipeline/1.0.1/imagepipeline-1.0.1.aar
Download https://jcenter.bintray.com/com/facebook/fresco/fresco/1.0.1/fresco-1.0.1.aar
Download https://jcenter.bintray.com/com/squareup/okio/okio/1.9.0/okio-1.9.0.jar
Download https://jcenter.bintray.com/com/squareup/okhttp3/okhttp/3.4.1/okhttp-3.4.1.jar
Download https://jcenter.bintray.com/com/facebook/fresco/imagepipeline-okhttp3/1.0.1/imagepipeline-okhttp3-1.0.1.aar
Download https://jcenter.bintray.com/com/facebook/soloader/soloader/0.1.0/soloader-0.1.0.aar
Download https://jcenter.bintray.com/com/google/code/findbugs/jsr305/3.0.0/jsr305-3.0.0.jar
Download https://jcenter.bintray.com/com/squareup/okhttp3/okhttp-urlconnection/3.4.1/okhttp-urlconnection-3.4.1.jar
Download https://jcenter.bintray.com/com/squareup/okhttp3/okhttp-ws/3.4.1/okhttp-ws-3.4.1.jar
Download https://jcenter.bintray.com/org/webkit/android-jsc/r174650/android-jsc-r174650.aar
Incremental java compilation is an incubating feature.

CONFIGURE SUCCESSFUL

Total time: 1 mins 3.647 secs
21:48:38.392 [DEBUG] [org.gradle.api.internal.artifacts.ivyservice.ivyresolve.memcache.InMemoryCachedRepositoryFactory] In-memory dependency metadata cache closed. Repos cached: 23, cache instances: 7, modules served from cache: 293, artifacts: 47
21:48:38.393 [DEBUG] [org.gradle.cache.internal.DefaultCacheAccess] Cache Generated Gradle JARs cache (/Users/apple/Desktop/AwesomeProject/android/gradle/wrapper/caches/2.14.1/generated-gradle-jars) was closed 0 times.
21:48:38.393 [DEBUG] [org.gradle.cache.internal.btree.BTreePersistentIndexedCache] Closing cache module-artifacts.bin (/Users/apple/Desktop/AwesomeProject/android/gradle/wrapper/caches/modules-2/metadata-2.16/module-artifacts.bin)
21:48:38.394 [DEBUG] [org.gradle.cache.internal.btree.BTreePersistentIndexedCache] Closing cache artifact-at-url.bin (/Users/apple/Desktop/AwesomeProject/android/gradle/wrapper/caches/modules-2/metadata-2.16/artifact-at-url.bin)
21:48:38.394 [DEBUG] [org.gradle.cache.internal.btree.BTreePersistentIndexedCache] Closing cache artifact-at-repository.bin (/Users/apple/Desktop/AwesomeProject/android/gradle/wrapper/caches/modules-2/metadata-2.16/artifact-at-repository.bin)
21:48:38.394 [DEBUG] [org.gradle.cache.internal.btree.BTreePersistentIndexedCache] Closing cache module-versions.bin (/Users/apple/Desktop/AwesomeProject/android/gradle/wrapper/caches/modules-2/metadata-2.16/module-versions.bin)
21:48:38.394 [DEBUG] [org.gradle.cache.internal.btree.BTreePersistentIndexedCache] Closing cache module-metadata.bin (/Users/apple/Desktop/AwesomeProject/android/gradle/wrapper/caches/modules-2/metadata-2.16/module-metadata.bin)
21:48:38.395 [DEBUG] [org.gradle.cache.internal.DefaultFileLockManager] Releasing lock on artifact cache (/Users/apple/Desktop/AwesomeProject/android/gradle/wrapper/caches/modules-2).
21:48:38.398 [DEBUG] [org.gradle.api.internal.artifacts.ivyservice.resolveengine.store.CachedStoreFactory] Resolution result cache closed. Cache reads: 0, disk reads: 0 (avg: 0.0 secs, total: 0.0 secs)
21:48:38.399 [DEBUG] [org.gradle.api.internal.artifacts.ivyservice.resolveengine.store.CachedStoreFactory] Resolution result cache closed. Cache reads: 0, disk reads: 3 (avg: 0.002 secs, total: 0.007 secs)
21:48:38.399 [DEBUG] [org.gradle.api.internal.artifacts.ivyservice.resolveengine.store.ResolutionResultsStoreFactory] Deleted 2 resolution results binary files in 0.004 secs
21:48:38.399 [DEBUG] [org.gradle.cache.internal.DefaultCacheAccess] Cache Plugin Resolution Cache (/Users/apple/Desktop/AwesomeProject/android/gradle/wrapper/caches/2.14.1/plugin-resolution) was closed 0 times.
21:48:38.400 [DEBUG] [org.gradle.api.internal.tasks.compile.daemon.CompilerDaemonManager] Stopping 0 compiler daemon(s).
21:48:38.400 [INFO] [org.gradle.api.internal.tasks.compile.daemon.CompilerDaemonManager] Stopped 0 compiler daemon(s).
21:48:38.400 [DEBUG] [org.gradle.cache.internal.DefaultCacheAccess] Cache jars (/Users/apple/Desktop/AwesomeProject/android/gradle/wrapper/caches/jars-1) was closed 0 times.
21:48:38.400 [DEBUG] [org.gradle.launcher.daemon.server.exec.ExecuteBuild] The daemon has finished executing the build.
21:48:38.849 [DEBUG] [org.gradle.launcher.daemon.server.DaemonStateCoordinator] daemon is running. Sleeping until state changes.
21:48:38.850 [DEBUG] [org.gradle.launcher.daemon.server.DaemonStateCoordinator] Command execution: finished waiting for DaemonCommandExecution[command = Build{id=1396502d-0913-4ec4-8b73-efdc155edbb2.1, currentDir=/Users/apple/Desktop/AwesomeProject/android}, connection = org.gradle.launcher.daemon.server.DefaultDaemonConnection@26db16ed]. Result org.gradle.launcher.daemon.server.DaemonStateCoordinator@4331a81f with state Running
21:48:38.850 [DEBUG] [org.gradle.launcher.daemon.server.DaemonStateCoordinator] Command execution: completed DaemonCommandExecution[command = Build{id=1396502d-0913-4ec4-8b73-efdc155edbb2.1, currentDir=/Users/apple/Desktop/AwesomeProject/android}, connection = org.gradle.launcher.daemon.server.DefaultDaemonConnection@26db16ed]
21:48:38.851 [DEBUG] [org.gradle.launcher.daemon.server.DaemonStateCoordinator] updating lastActivityAt to 1492631318851
21:48:38.852 [INFO] [org.gradle.launcher.daemon.server.DomainRegistryUpdater] Marking the daemon as idle, address: [f94c483c-e0d3-45dc-955f-6f72c480ffb0 port:56026, addresses:[/0:0:0:0:0:0:0:1, /127.0.0.1]]
21:48:38.852 [DEBUG] [org.gradle.launcher.daemon.registry.PersistentDaemonRegistry] Marking idle by address: [f94c483c-e0d3-45dc-955f-6f72c480ffb0 port:56026, addresses:[/0:0:0:0:0:0:0:1, /127.0.0.1]]
21:48:38.852 [DEBUG] [org.gradle.cache.internal.DefaultFileLockManager] Waiting to acquire exclusive lock on daemon addresses registry.
21:48:38.853 [DEBUG] [org.gradle.cache.internal.DefaultFileLockManager] Lock acquired.
21:48:38.855 [DEBUG] [org.gradle.cache.internal.DefaultFileLockManager] Releasing lock on daemon addresses registry.
21:48:38.855 [DEBUG] [org.gradle.launcher.daemon.server.DaemonStateCoordinator] daemon is running. Sleeping until state changes.
21:48:38.856 [DEBUG] [org.gradle.launcher.daemon.server.exec.ReturnResult] Daemon is dispatching the build result: Success[value=org.gradle.tooling.internal.provider.BuildActionResult@65df01f5]
21:48:38.856 [DEBUG] [org.gradle.launcher.daemon.server.SynchronizedDispatchConnection] thread 22: dispatching class org.gradle.launcher.daemon.protocol.Success
21:48:38.868 [DEBUG] [org.gradle.launcher.daemon.server.DefaultIncomingConnectionHandler] Finishing executing command: Build{id=1396502d-0913-4ec4-8b73-efdc155edbb2.1, currentDir=/Users/apple/Desktop/AwesomeProject/android}
21:48:38.889 [DEBUG] [org.gradle.launcher.daemon.server.SynchronizedDispatchConnection] thread 23: received class org.gradle.launcher.daemon.protocol.Finished
21:48:38.889 [DEBUG] [org.gradle.launcher.daemon.server.DefaultDaemonConnection] thread 23: Received non-IO message from client: org.gradle.launcher.daemon.protocol.Finished@45a86743
21:48:38.890 [DEBUG] [org.gradle.launcher.daemon.server.DefaultIncomingConnectionHandler] Received finished message: org.gradle.launcher.daemon.protocol.Finished@45a86743
21:48:38.890 [DEBUG] [org.gradle.launcher.daemon.server.SynchronizedDispatchConnection] thread 22: stopping connection
21:48:38.890 [DEBUG] [org.gradle.internal.remote.internal.inet.SocketConnection] Discarding EOFException: java.io.EOFException
21:48:38.891 [DEBUG] [org.gradle.launcher.daemon.server.SynchronizedDispatchConnection] thread 23: received null
21:48:38.891 [DEBUG] [org.gradle.launcher.daemon.server.DefaultDaemonConnection] thread 23: Received end-of-input from client.
21:48:38.891 [DEBUG] [org.gradle.launcher.daemon.server.SynchronizedDispatchConnection] thread 22: stopping connection
21:48:43.770 [DEBUG] [org.gradle.internal.remote.internal.inet.TcpIncomingConnector] Accepted connection from /127.0.0.1:56641 to /127.0.0.1:56026.
21:48:43.778 [DEBUG] [org.gradle.launcher.daemon.server.SynchronizedDispatchConnection] thread 28: received class org.gradle.launcher.daemon.protocol.Build
21:48:43.779 [DEBUG] [org.gradle.launcher.daemon.server.DefaultDaemonConnection] thread 28: Received non-IO message from client: Build{id=d3caa980-f441-44b6-b6d8-8aef9b24d12b.1, currentDir=/Users/apple/Desktop/AwesomeProject/android}
21:48:43.779 [INFO] [org.gradle.launcher.daemon.server.DefaultIncomingConnectionHandler] Received command: Build{id=d3caa980-f441-44b6-b6d8-8aef9b24d12b.1, currentDir=/Users/apple/Desktop/AwesomeProject/android}.
21:48:43.780 [DEBUG] [org.gradle.launcher.daemon.server.DefaultIncomingConnectionHandler] Starting executing command: Build{id=d3caa980-f441-44b6-b6d8-8aef9b24d12b.1, currentDir=/Users/apple/Desktop/AwesomeProject/android} with connection: socket connection from /127.0.0.1:56026 to /127.0.0.1:56641.
21:48:43.781 [DEBUG] [org.gradle.launcher.daemon.server.DaemonStateCoordinator] Command execution: started DaemonCommandExecution[command = Build{id=d3caa980-f441-44b6-b6d8-8aef9b24d12b.1, currentDir=/Users/apple/Desktop/AwesomeProject/android}, connection = org.gradle.launcher.daemon.server.DefaultDaemonConnection@63e6dc87] after 0.0 minutes of idle
21:48:43.781 [INFO] [org.gradle.launcher.daemon.server.DomainRegistryUpdater] Marking the daemon as busy, address: [f94c483c-e0d3-45dc-955f-6f72c480ffb0 port:56026, addresses:[/0:0:0:0:0:0:0:1, /127.0.0.1]]
21:48:43.781 [DEBUG] [org.gradle.launcher.daemon.registry.PersistentDaemonRegistry] Marking busy by address: [f94c483c-e0d3-45dc-955f-6f72c480ffb0 port:56026, addresses:[/0:0:0:0:0:0:0:1, /127.0.0.1]]
21:48:43.781 [DEBUG] [org.gradle.cache.internal.DefaultFileLockManager] Waiting to acquire exclusive lock on daemon addresses registry.
21:48:43.782 [DEBUG] [org.gradle.cache.internal.DefaultFileLockManager] Lock acquired.
21:48:43.784 [DEBUG] [org.gradle.cache.internal.DefaultFileLockManager] Releasing lock on daemon addresses registry.
21:48:43.785 [DEBUG] [org.gradle.launcher.daemon.server.DaemonStateCoordinator] updating lastActivityAt to 1492631323784
21:48:43.785 [DEBUG] [org.gradle.launcher.daemon.server.DaemonStateCoordinator] daemon is running. Sleeping until state changes.
21:48:43.785 [INFO] [org.gradle.launcher.daemon.server.exec.StartBuildOrRespondWithBusy] Daemon is about to start building Build{id=d3caa980-f441-44b6-b6d8-8aef9b24d12b.1, currentDir=/Users/apple/Desktop/AwesomeProject/android}. Dispatching build started information...
21:48:43.785 [DEBUG] [org.gradle.launcher.daemon.server.SynchronizedDispatchConnection] thread 25: dispatching class org.gradle.launcher.daemon.protocol.BuildStarted
21:48:43.786 [DEBUG] [org.gradle.launcher.daemon.server.exec.EstablishBuildEnvironment] Configuring env variables: {PATH=/usr/bin:/bin:/usr/sbin:/sbin, SSH_AUTH_SOCK=/private/tmp/com.apple.launchd.FigoYAzmf2/Listeners, XPC_FLAGS=0x0, SHELL=/bin/bash, __CF_USER_TEXT_ENCODING=0x1F5:0x0:0x0, Apple_PubSub_Socket_Render=/private/tmp/com.apple.launchd.eSy43AOZNT/Render, LOGNAME=apple, USER=apple, XPC_SERVICE_NAME=com.google.android.studio.157152, HOME=/Users/apple, TMPDIR=/var/folders/6b/fbn5s3lx1t39zzl364qb01lr0000gn/T/}
21:48:43.787 [DEBUG] [org.gradle.launcher.daemon.server.exec.LogToClient] About to start relaying all logs to the client via the connection.
21:48:43.788 [INFO] [org.gradle.launcher.daemon.server.exec.LogToClient] The client will now receive all logging from the daemon (pid: 7070). The daemon log file: /Users/apple/Desktop/AwesomeProject/android/gradle/wrapper/daemon/2.14.1/daemon-7070.out.log
21:48:43.789 [INFO] [org.gradle.launcher.daemon.server.health.DaemonHealthTracker] Starting 3rd build in daemon [uptime: 8 mins 42.989 secs, performance: 100%]
21:48:43.789 [DEBUG] [org.gradle.launcher.daemon.server.SynchronizedDispatchConnection] thread 28: received class org.gradle.launcher.daemon.protocol.CloseInput
21:48:43.790 [DEBUG] [org.gradle.launcher.daemon.server.DefaultDaemonConnection] thread 28: Received IO message from client: org.gradle.launcher.daemon.protocol.CloseInput@710d3077
21:48:43.790 [DEBUG] [org.gradle.launcher.daemon.server.exec.ExecuteBuild] The daemon has started executing the build.
21:48:43.790 [INFO] [org.gradle.launcher.daemon.server.exec.ForwardClientInput] Closing daemon's stdin at end of input.
21:48:43.790 [INFO] [org.gradle.launcher.daemon.server.exec.ExecuteBuild] Executing build with daemon context: DefaultDaemonContext[uid=abb965be-89bf-472d-9e20-2cd8b4639c79,javaHome=/Applications/Android Studio.app/Contents/jre/jdk/Contents/Home,daemonRegistryDir=/Users/apple/Desktop/AwesomeProject/android/gradle/wrapper/daemon,pid=7070,idleTimeout=10800000,daemonOpts=-XX:MaxPermSize=256m,-XX:+HeapDumpOnOutOfMemoryError,-Xmx1024m,-Dfile.encoding=UTF-8,-Duser.country=US,-Duser.language=en,-Duser.variant]
21:48:43.792 [INFO] [org.gradle.launcher.daemon.server.exec.ForwardClientInput] The daemon will no longer process any standard input.
Incremental java compilation is an incubating feature.

CONFIGURE SUCCESSFUL

Total time: 2.07 secs
Download https://jcenter.bintray.com/javax/inject/javax.inject/1/javax.inject-1-sources.jar
Download https://jcenter.bintray.com/com/facebook/fbui/textlayoutbuilder/textlayoutbuilder/1.0.0/textlayoutbuilder-1.0.0-sources.jar
Download https://jcenter.bintray.com/com/facebook/fresco/fresco/1.0.1/fresco-1.0.1-sources.jar
Download https://jcenter.bintray.com/com/facebook/fresco/imagepipeline-okhttp3/1.0.1/imagepipeline-okhttp3-1.0.1-sources.jar
Download https://jcenter.bintray.com/com/facebook/soloader/soloader/0.1.0/soloader-0.1.0-sources.jar
Download https://jcenter.bintray.com/com/google/code/findbugs/jsr305/3.0.0/jsr305-3.0.0-sources.jar
Download https://jcenter.bintray.com/com/squareup/okhttp3/okhttp/3.4.1/okhttp-3.4.1-sources.jar
Download https://jcenter.bintray.com/com/squareup/okhttp3/okhttp-urlconnection/3.4.1/okhttp-urlconnection-3.4.1-sources.jar
Download https://jcenter.bintray.com/com/squareup/okhttp3/okhttp-ws/3.4.1/okhttp-ws-3.4.1-sources.jar
Download https://jcenter.bintray.com/com/squareup/okio/okio/1.9.0/okio-1.9.0-sources.jar
Download https://jcenter.bintray.com/com/facebook/fbui/textlayoutbuilder/staticlayout-proxy/1.0/staticlayout-proxy-1.0-sources.jar
Download https://jcenter.bintray.com/com/facebook/fresco/drawee/1.0.1/drawee-1.0.1-sources.jar
Download https://jcenter.bintray.com/com/facebook/fresco/fbcore/1.0.1/fbcore-1.0.1-sources.jar
Download https://jcenter.bintray.com/com/facebook/fresco/imagepipeline/1.0.1/imagepipeline-1.0.1-sources.jar
Download https://jcenter.bintray.com/com/parse/bolts/bolts-tasks/1.4.0/bolts-tasks-1.4.0-sources.jar
Download https://jcenter.bintray.com/com/facebook/fresco/imagepipeline-base/1.0.1/imagepipeline-base-1.0.1-sources.jar
Download https://jcenter.bintray.com/com/android/tools/build/gradle/2.2.3/gradle-2.2.3-sources.jar
Download https://jcenter.bintray.com/com/android/tools/build/gradle-core/2.2.3/gradle-core-2.2.3-sources.jar
Download https://jcenter.bintray.com/com/android/tools/build/builder/2.2.3/builder-2.2.3-sources.jar
Download https://jcenter.bintray.com/com/android/tools/lint/lint/25.2.3/lint-25.2.3-sources.jar
Download https://jcenter.bintray.com/com/android/tools/build/gradle-api/2.2.3/gradle-api-2.2.3-sources.jar
Download https://jcenter.bintray.com/com/android/databinding/compilerCommon/2.2.3/compilerCommon-2.2.3-sources.jar
Download https://jcenter.bintray.com/com/android/tools/build/builder-model/2.2.3/builder-model-2.2.3-sources.jar
Download https://jcenter.bintray.com/com/android/tools/build/builder-test-api/2.2.3/builder-test-api-2.2.3-sources.jar
Download https://jcenter.bintray.com/com/android/tools/sdklib/25.2.3/sdklib-25.2.3-sources.jar
Download https://jcenter.bintray.com/com/android/tools/sdk-common/25.2.3/sdk-common-25.2.3-sources.jar
Download https://jcenter.bintray.com/com/android/tools/common/25.2.3/common-25.2.3-sources.jar
Download https://jcenter.bintray.com/com/android/tools/build/manifest-merger/25.2.3/manifest-merger-25.2.3-sources.jar
Download https://jcenter.bintray.com/com/android/tools/ddms/ddmlib/25.2.3/ddmlib-25.2.3-sources.jar
Download https://jcenter.bintray.com/com/android/tools/analytics-library/protos/25.2.3/protos-25.2.3-sources.jar
Download https://jcenter.bintray.com/com/android/tools/analytics-library/shared/25.2.3/shared-25.2.3-sources.jar
Download https://jcenter.bintray.com/com/android/tools/analytics-library/tracker/25.2.3/tracker-25.2.3-sources.jar
Download https://jcenter.bintray.com/com/android/tools/lint/lint-checks/25.2.3/lint-checks-25.2.3-sources.jar
Download https://jcenter.bintray.com/com/android/databinding/baseLibrary/2.2.3/baseLibrary-2.2.3-sources.jar
Download https://jcenter.bintray.com/com/android/tools/layoutlib/layoutlib-api/25.2.3/layoutlib-api-25.2.3-sources.jar
Download https://jcenter.bintray.com/com/android/tools/dvlib/25.2.3/dvlib-25.2.3-sources.jar
Download https://jcenter.bintray.com/com/android/tools/repository/25.2.3/repository-25.2.3-sources.jar
Download https://jcenter.bintray.com/com/android/tools/lint/lint-api/25.2.3/lint-api-25.2.3-sources.jar
Download https://jcenter.bintray.com/com/android/tools/external/com-intellij/uast/145.597.4/uast-145.597.4-sources.jar
Download https://jcenter.bintray.com/com/android/tools/annotations/25.2.3/annotations-25.2.3-sources.jar
The Test.testSrcDirs property has been deprecated and is scheduled to be removed in Gradle 3.0. Support for TestNG Javadoc annotations will be removed in Gradle 3.0.
21:49:24.161 [DEBUG] [org.gradle.api.internal.artifacts.ivyservice.ivyresolve.memcache.InMemoryCachedRepositoryFactory] In-memory dependency metadata cache closed. Repos cached: 41, cache instances: 7, modules served from cache: 478, artifacts: 79
21:49:24.161 [DEBUG] [org.gradle.cache.internal.DefaultCacheAccess] Cache Generated Gradle JARs cache (/Users/apple/Desktop/AwesomeProject/android/gradle/wrapper/caches/2.14.1/generated-gradle-jars) was closed 0 times.
21:49:24.162 [DEBUG] [org.gradle.cache.internal.btree.BTreePersistentIndexedCache] Closing cache artifact-at-url.bin (/Users/apple/Desktop/AwesomeProject/android/gradle/wrapper/caches/modules-2/metadata-2.16/artifact-at-url.bin)
21:49:24.162 [DEBUG] [org.gradle.cache.internal.btree.BTreePersistentIndexedCache] Closing cache module-versions.bin (/Users/apple/Desktop/AwesomeProject/android/gradle/wrapper/caches/modules-2/metadata-2.16/module-versions.bin)
21:49:24.162 [DEBUG] [org.gradle.cache.internal.btree.BTreePersistentIndexedCache] Closing cache artifact-at-repository.bin (/Users/apple/Desktop/AwesomeProject/android/gradle/wrapper/caches/modules-2/metadata-2.16/artifact-at-repository.bin)
21:49:24.162 [DEBUG] [org.gradle.cache.internal.btree.BTreePersistentIndexedCache] Closing cache module-artifacts.bin (/Users/apple/Desktop/AwesomeProject/android/gradle/wrapper/caches/modules-2/metadata-2.16/module-artifacts.bin)
21:49:24.163 [DEBUG] [org.gradle.cache.internal.btree.BTreePersistentIndexedCache] Closing cache module-metadata.bin (/Users/apple/Desktop/AwesomeProject/android/gradle/wrapper/caches/modules-2/metadata-2.16/module-metadata.bin)
21:49:24.163 [DEBUG] [org.gradle.cache.internal.DefaultFileLockManager] Releasing lock on artifact cache (/Users/apple/Desktop/AwesomeProject/android/gradle/wrapper/caches/modules-2).
21:49:24.164 [DEBUG] [org.gradle.api.internal.artifacts.ivyservice.resolveengine.store.CachedStoreFactory] Resolution result cache closed. Cache reads: 0, disk reads: 0 (avg: 0.0 secs, total: 0.0 secs)
21:49:24.164 [DEBUG] [org.gradle.api.internal.artifacts.ivyservice.resolveengine.store.CachedStoreFactory] Resolution result cache closed. Cache reads: 1, disk reads: 5 (avg: 0.001 secs, total: 0.008 secs)
21:49:24.164 [DEBUG] [org.gradle.api.internal.artifacts.ivyservice.resolveengine.store.ResolutionResultsStoreFactory] Deleted 2 resolution results binary files in 0.001 secs
21:49:24.164 [DEBUG] [org.gradle.cache.internal.DefaultCacheAccess] Cache Plugin Resolution Cache (/Users/apple/Desktop/AwesomeProject/android/gradle/wrapper/caches/2.14.1/plugin-resolution) was closed 0 times.
21:49:24.165 [DEBUG] [org.gradle.api.internal.tasks.compile.daemon.CompilerDaemonManager] Stopping 0 compiler daemon(s).
21:49:24.165 [INFO] [org.gradle.api.internal.tasks.compile.daemon.CompilerDaemonManager] Stopped 0 compiler daemon(s).
21:49:24.165 [DEBUG] [org.gradle.cache.internal.DefaultFileLockManager] Releasing lock on jars (/Users/apple/Desktop/AwesomeProject/android/gradle/wrapper/caches/jars-1).
21:49:24.165 [DEBUG] [org.gradle.launcher.daemon.server.exec.ExecuteBuild] The daemon has finished executing the build.
21:49:24.168 [DEBUG] [org.gradle.launcher.daemon.server.DaemonStateCoordinator] Command execution: finished waiting for DaemonCommandExecution[command = Build{id=d3caa980-f441-44b6-b6d8-8aef9b24d12b.1, currentDir=/Users/apple/Desktop/AwesomeProject/android}, connection = org.gradle.launcher.daemon.server.DefaultDaemonConnection@63e6dc87]. Result org.gradle.launcher.daemon.server.DaemonStateCoordinator@4331a81f with state Running
21:49:24.168 [DEBUG] [org.gradle.launcher.daemon.server.DaemonStateCoordinator] Command execution: completed DaemonCommandExecution[command = Build{id=d3caa980-f441-44b6-b6d8-8aef9b24d12b.1, currentDir=/Users/apple/Desktop/AwesomeProject/android}, connection = org.gradle.launcher.daemon.server.DefaultDaemonConnection@63e6dc87]
21:49:24.169 [DEBUG] [org.gradle.launcher.daemon.server.DaemonStateCoordinator] updating lastActivityAt to 1492631364169
21:49:24.169 [INFO] [org.gradle.launcher.daemon.server.DomainRegistryUpdater] Marking the daemon as idle, address: [f94c483c-e0d3-45dc-955f-6f72c480ffb0 port:56026, addresses:[/0:0:0:0:0:0:0:1, /127.0.0.1]]
21:49:24.169 [DEBUG] [org.gradle.launcher.daemon.registry.PersistentDaemonRegistry] Marking idle by address: [f94c483c-e0d3-45dc-955f-6f72c480ffb0 port:56026, addresses:[/0:0:0:0:0:0:0:1, /127.0.0.1]]
21:49:24.170 [DEBUG] [org.gradle.cache.internal.DefaultFileLockManager] Waiting to acquire exclusive lock on daemon addresses registry.
21:49:24.170 [DEBUG] [org.gradle.cache.internal.DefaultFileLockManager] Lock acquired.
21:49:24.173 [DEBUG] [org.gradle.cache.internal.DefaultFileLockManager] Releasing lock on daemon addresses registry.
21:49:24.173 [DEBUG] [org.gradle.launcher.daemon.server.exec.ReturnResult] Daemon is dispatching the build result: Success[value=org.gradle.tooling.internal.provider.BuildActionResult@71084b3a]
21:49:24.174 [DEBUG] [org.gradle.launcher.daemon.server.SynchronizedDispatchConnection] thread 22: dispatching class org.gradle.launcher.daemon.protocol.Success
21:49:24.174 [DEBUG] [org.gradle.launcher.daemon.server.DaemonStateCoordinator] daemon is running. Sleeping until state changes.
21:49:24.181 [DEBUG] [org.gradle.launcher.daemon.server.DefaultIncomingConnectionHandler] Finishing executing command: Build{id=d3caa980-f441-44b6-b6d8-8aef9b24d12b.1, currentDir=/Users/apple/Desktop/AwesomeProject/android}
21:49:24.199 [DEBUG] [org.gradle.launcher.daemon.server.SynchronizedDispatchConnection] thread 28: received class org.gradle.launcher.daemon.protocol.Finished
21:49:24.199 [DEBUG] [org.gradle.launcher.daemon.server.DefaultDaemonConnection] thread 28: Received non-IO message from client: org.gradle.launcher.daemon.protocol.Finished@340fb032
21:49:24.200 [DEBUG] [org.gradle.internal.remote.internal.inet.SocketConnection] Discarding EOFException: java.io.EOFException
21:49:24.200 [DEBUG] [org.gradle.launcher.daemon.server.SynchronizedDispatchConnection] thread 28: received null
21:49:24.200 [DEBUG] [org.gradle.launcher.daemon.server.DefaultDaemonConnection] thread 28: Received end-of-input from client.
21:49:24.206 [DEBUG] [org.gradle.launcher.daemon.server.DefaultIncomingConnectionHandler] Received finished message: null
21:49:24.206 [DEBUG] [org.gradle.launcher.daemon.server.SynchronizedDispatchConnection] thread 22: stopping connection
21:49:24.211 [DEBUG] [org.gradle.launcher.daemon.server.SynchronizedDispatchConnection] thread 22: stopping connection
21:49:50.812 [DEBUG] [org.gradle.internal.remote.internal.inet.TcpIncomingConnector] Accepted connection from /127.0.0.1:56720 to /127.0.0.1:56026.
21:49:50.836 [DEBUG] [org.gradle.launcher.daemon.server.SynchronizedDispatchConnection] thread 32: received class org.gradle.launcher.daemon.protocol.Build
21:49:50.836 [DEBUG] [org.gradle.launcher.daemon.server.DefaultDaemonConnection] thread 32: Received non-IO message from client: Build{id=e3f3883e-c6ea-4eb2-a366-d5e20943a176.1, currentDir=/Users/apple/Desktop/AwesomeProject/android}
21:49:50.836 [INFO] [org.gradle.launcher.daemon.server.DefaultIncomingConnectionHandler] Received command: Build{id=e3f3883e-c6ea-4eb2-a366-d5e20943a176.1, currentDir=/Users/apple/Desktop/AwesomeProject/android}.
21:49:50.837 [DEBUG] [org.gradle.launcher.daemon.server.DefaultIncomingConnectionHandler] Starting executing command: Build{id=e3f3883e-c6ea-4eb2-a366-d5e20943a176.1, currentDir=/Users/apple/Desktop/AwesomeProject/android} with connection: socket connection from /127.0.0.1:56026 to /127.0.0.1:56720.
21:49:50.838 [DEBUG] [org.gradle.launcher.daemon.server.DaemonStateCoordinator] Command execution: started DaemonCommandExecution[command = Build{id=e3f3883e-c6ea-4eb2-a366-d5e20943a176.1, currentDir=/Users/apple/Desktop/AwesomeProject/android}, connection = org.gradle.launcher.daemon.server.DefaultDaemonConnection@3a03ca86] after 0.0 minutes of idle
21:49:50.839 [INFO] [org.gradle.launcher.daemon.server.DomainRegistryUpdater] Marking the daemon as busy, address: [f94c483c-e0d3-45dc-955f-6f72c480ffb0 port:56026, addresses:[/0:0:0:0:0:0:0:1, /127.0.0.1]]
21:49:50.839 [DEBUG] [org.gradle.launcher.daemon.registry.PersistentDaemonRegistry] Marking busy by address: [f94c483c-e0d3-45dc-955f-6f72c480ffb0 port:56026, addresses:[/0:0:0:0:0:0:0:1, /127.0.0.1]]
21:49:50.840 [DEBUG] [org.gradle.cache.internal.DefaultFileLockManager] Waiting to acquire exclusive lock on daemon addresses registry.
21:49:50.842 [DEBUG] [org.gradle.cache.internal.DefaultFileLockManager] Lock acquired.
21:49:50.859 [DEBUG] [org.gradle.cache.internal.DefaultFileLockManager] Releasing lock on daemon addresses registry.
21:49:50.866 [DEBUG] [org.gradle.launcher.daemon.server.DaemonStateCoordinator] updating lastActivityAt to 1492631390866
21:49:50.866 [DEBUG] [org.gradle.launcher.daemon.server.DaemonStateCoordinator] daemon is running. Sleeping until state changes.
21:49:50.867 [INFO] [org.gradle.launcher.daemon.server.exec.StartBuildOrRespondWithBusy] Daemon is about to start building Build{id=e3f3883e-c6ea-4eb2-a366-d5e20943a176.1, currentDir=/Users/apple/Desktop/AwesomeProject/android}. Dispatching build started information...
21:49:50.867 [DEBUG] [org.gradle.launcher.daemon.server.SynchronizedDispatchConnection] thread 25: dispatching class org.gradle.launcher.daemon.protocol.BuildStarted
21:49:50.868 [DEBUG] [org.gradle.launcher.daemon.server.exec.EstablishBuildEnvironment] Configuring env variables: {PATH=/usr/bin:/bin:/usr/sbin:/sbin, SSH_AUTH_SOCK=/private/tmp/com.apple.launchd.FigoYAzmf2/Listeners, XPC_FLAGS=0x0, SHELL=/bin/bash, __CF_USER_TEXT_ENCODING=0x1F5:0x0:0x0, Apple_PubSub_Socket_Render=/private/tmp/com.apple.launchd.eSy43AOZNT/Render, LOGNAME=apple, USER=apple, XPC_SERVICE_NAME=com.google.android.studio.157152, HOME=/Users/apple, TMPDIR=/var/folders/6b/fbn5s3lx1t39zzl364qb01lr0000gn/T/}
21:49:50.869 [DEBUG] [org.gradle.launcher.daemon.server.exec.LogToClient] About to start relaying all logs to the client via the connection.
21:49:50.869 [INFO] [org.gradle.launcher.daemon.server.exec.LogToClient] The client will now receive all logging from the daemon (pid: 7070). The daemon log file: /Users/apple/Desktop/AwesomeProject/android/gradle/wrapper/daemon/2.14.1/daemon-7070.out.log
21:49:50.870 [INFO] [org.gradle.launcher.daemon.server.health.DaemonHealthTracker] Starting 4th build in daemon [uptime: 9 mins 50.071 secs, performance: 100%]
21:49:50.871 [DEBUG] [org.gradle.launcher.daemon.server.exec.ExecuteBuild] The daemon has started executing the build.
21:49:50.871 [INFO] [org.gradle.launcher.daemon.server.exec.ExecuteBuild] Executing build with daemon context: DefaultDaemonContext[uid=abb965be-89bf-472d-9e20-2cd8b4639c79,javaHome=/Applications/Android Studio.app/Contents/jre/jdk/Contents/Home,daemonRegistryDir=/Users/apple/Desktop/AwesomeProject/android/gradle/wrapper/daemon,pid=7070,idleTimeout=10800000,daemonOpts=-XX:MaxPermSize=256m,-XX:+HeapDumpOnOutOfMemoryError,-Xmx1024m,-Dfile.encoding=UTF-8,-Duser.country=US,-Duser.language=en,-Duser.variant]
21:49:50.873 [DEBUG] [org.gradle.launcher.daemon.server.SynchronizedDispatchConnection] thread 32: received class org.gradle.launcher.daemon.protocol.CloseInput
21:49:50.874 [DEBUG] [org.gradle.launcher.daemon.server.DefaultDaemonConnection] thread 32: Received IO message from client: org.gradle.launcher.daemon.protocol.CloseInput@605b311
21:49:50.874 [INFO] [org.gradle.launcher.daemon.server.exec.ForwardClientInput] Closing daemon's stdin at end of input.
21:49:50.875 [INFO] [org.gradle.launcher.daemon.server.exec.ForwardClientInput] The daemon will no longer process any standard input.
Configuration on demand is an incubating feature.
Incremental java compilation is an incubating feature.
:app:preBuild UP-TO-DATE
:app:preDebugBuild UP-TO-DATE
:app:checkDebugManifest
:app:preReleaseBuild UP-TO-DATE
:app:prepareComAndroidSupportAppcompatV72301Library UP-TO-DATE
:app:prepareComAndroidSupportRecyclerviewV72340Library UP-TO-DATE
:app:prepareComAndroidSupportSupportV42340Library UP-TO-DATE
:app:prepareComFacebookFbuiTextlayoutbuilderTextlayoutbuilder100Library
:app:prepareComFacebookFrescoDrawee101Library
:app:prepareComFacebookFrescoFbcore101Library
:app:prepareComFacebookFrescoFresco101Library
:app:prepareComFacebookFrescoImagepipeline101Library
:app:prepareComFacebookFrescoImagepipelineBase101Library
:app:prepareComFacebookFrescoImagepipelineOkhttp3101Library
:app:prepareComFacebookReactReactNative0433Library UP-TO-DATE
:app:prepareComFacebookSoloaderSoloader010Library
:app:prepareOrgWebkitAndroidJscR174650Library
:app:prepareDebugDependencies
:app:compileDebugAidl UP-TO-DATE
:app:compileDebugRenderscript UP-TO-DATE
:app:generateDebugBuildConfig UP-TO-DATE
:app:generateDebugResValues UP-TO-DATE
:app:generateDebugResources UP-TO-DATE
:app:mergeDebugResources UP-TO-DATE
:app:processDebugManifest UP-TO-DATE
:app:processDebugResources UP-TO-DATE
:app:generateDebugSources UP-TO-DATE
:app:preDebugAndroidTestBuild UP-TO-DATE
:app:prepareDebugAndroidTestDependencies
:app:compileDebugAndroidTestAidl
:app:processDebugAndroidTestManifest
:app:compileDebugAndroidTestRenderscript
:app:generateDebugAndroidTestBuildConfig
:app:generateDebugAndroidTestResValues
:app:generateDebugAndroidTestResources
:app:mergeDebugAndroidTestResources
:app:processDebugAndroidTestResources
:app:generateDebugAndroidTestSources
:app:mockableAndroidJar
:app:preDebugUnitTestBuild UP-TO-DATE
:app:prepareDebugUnitTestDependencies

BUILD SUCCESSFUL

Total time: 7.063 secs
21:49:57.843 [DEBUG] [org.gradle.cache.internal.btree.BTreePersistentIndexedCache] Closing cache taskArtifacts.bin (/Users/apple/Desktop/AwesomeProject/android/.gradle/2.14.1/taskArtifacts/taskArtifacts.bin)
21:49:57.844 [DEBUG] [org.gradle.cache.internal.btree.BTreePersistentIndexedCache] Closing cache fileHashes.bin (/Users/apple/Desktop/AwesomeProject/android/.gradle/2.14.1/taskArtifacts/fileHashes.bin)
21:49:57.844 [DEBUG] [org.gradle.cache.internal.btree.BTreePersistentIndexedCache] Closing cache fileSnapshotsToTreeSnapshotsIndex.bin (/Users/apple/Desktop/AwesomeProject/android/.gradle/2.14.1/taskArtifacts/fileSnapshotsToTreeSnapshotsIndex.bin)
21:49:57.845 [DEBUG] [org.gradle.cache.internal.btree.BTreePersistentIndexedCache] Closing cache fileSnapshots.bin (/Users/apple/Desktop/AwesomeProject/android/.gradle/2.14.1/taskArtifacts/fileSnapshots.bin)
21:49:57.846 [DEBUG] [org.gradle.cache.internal.DefaultFileLockManager] Releasing lock on task history cache (/Users/apple/Desktop/AwesomeProject/android/.gradle/2.14.1/taskArtifacts).
21:49:57.847 [DEBUG] [org.gradle.api.internal.artifacts.ivyservice.ivyresolve.memcache.InMemoryCachedRepositoryFactory] In-memory dependency metadata cache closed. Repos cached: 30, cache instances: 7, modules served from cache: 401, artifacts: 101
21:49:57.847 [DEBUG] [org.gradle.cache.internal.DefaultCacheAccess] Cache Generated Gradle JARs cache (/Users/apple/Desktop/AwesomeProject/android/gradle/wrapper/caches/2.14.1/generated-gradle-jars) was closed 0 times.
21:49:57.847 [DEBUG] [org.gradle.cache.internal.btree.BTreePersistentIndexedCache] Closing cache module-metadata.bin (/Users/apple/Desktop/AwesomeProject/android/gradle/wrapper/caches/modules-2/metadata-2.16/module-metadata.bin)
21:49:57.848 [DEBUG] [org.gradle.cache.internal.btree.BTreePersistentIndexedCache] Closing cache artifact-at-repository.bin (/Users/apple/Desktop/AwesomeProject/android/gradle/wrapper/caches/modules-2/metadata-2.16/artifact-at-repository.bin)
21:49:57.848 [DEBUG] [org.gradle.cache.internal.btree.BTreePersistentIndexedCache] Closing cache module-versions.bin (/Users/apple/Desktop/AwesomeProject/android/gradle/wrapper/caches/modules-2/metadata-2.16/module-versions.bin)
21:49:57.848 [DEBUG] [org.gradle.cache.internal.btree.BTreePersistentIndexedCache] Closing cache module-artifacts.bin (/Users/apple/Desktop/AwesomeProject/android/gradle/wrapper/caches/modules-2/metadata-2.16/module-artifacts.bin)
21:49:57.848 [DEBUG] [org.gradle.cache.internal.DefaultFileLockManager] Releasing lock on artifact cache (/Users/apple/Desktop/AwesomeProject/android/gradle/wrapper/caches/modules-2).
21:49:57.850 [DEBUG] [org.gradle.api.internal.artifacts.ivyservice.resolveengine.store.CachedStoreFactory] Resolution result cache closed. Cache reads: 0, disk reads: 0 (avg: 0.0 secs, total: 0.0 secs)
21:49:57.850 [DEBUG] [org.gradle.api.internal.artifacts.ivyservice.resolveengine.store.CachedStoreFactory] Resolution result cache closed. Cache reads: 0, disk reads: 4 (avg: 0.0 secs, total: 0.003 secs)
21:49:57.851 [DEBUG] [org.gradle.api.internal.artifacts.ivyservice.resolveengine.store.ResolutionResultsStoreFactory] Deleted 2 resolution results binary files in 0.003 secs
21:49:57.851 [DEBUG] [org.gradle.cache.internal.DefaultCacheAccess] Cache Plugin Resolution Cache (/Users/apple/Desktop/AwesomeProject/android/gradle/wrapper/caches/2.14.1/plugin-resolution) was closed 0 times.
21:49:57.851 [DEBUG] [org.gradle.api.internal.tasks.compile.daemon.CompilerDaemonManager] Stopping 0 compiler daemon(s).
21:49:57.851 [INFO] [org.gradle.api.internal.tasks.compile.daemon.CompilerDaemonManager] Stopped 0 compiler daemon(s).
21:49:57.851 [DEBUG] [org.gradle.cache.internal.DefaultCacheAccess] Cache jars (/Users/apple/Desktop/AwesomeProject/android/gradle/wrapper/caches/jars-1) was closed 0 times.
21:49:57.852 [DEBUG] [org.gradle.launcher.daemon.server.exec.ExecuteBuild] The daemon has finished executing the build.
21:49:57.863 [DEBUG] [org.gradle.launcher.daemon.server.DaemonStateCoordinator] daemon is running. Sleeping until state changes.
21:49:57.863 [DEBUG] [org.gradle.launcher.daemon.server.DaemonStateCoordinator] Command execution: finished waiting for DaemonCommandExecution[command = Build{id=e3f3883e-c6ea-4eb2-a366-d5e20943a176.1, currentDir=/Users/apple/Desktop/AwesomeProject/android}, connection = org.gradle.launcher.daemon.server.DefaultDaemonConnection@3a03ca86]. Result org.gradle.launcher.daemon.server.DaemonStateCoordinator@4331a81f with state Running
21:49:57.864 [DEBUG] [org.gradle.launcher.daemon.server.DaemonStateCoordinator] Command execution: completed DaemonCommandExecution[command = Build{id=e3f3883e-c6ea-4eb2-a366-d5e20943a176.1, currentDir=/Users/apple/Desktop/AwesomeProject/android}, connection = org.gradle.launcher.daemon.server.DefaultDaemonConnection@3a03ca86]
21:49:57.864 [DEBUG] [org.gradle.launcher.daemon.server.DaemonStateCoordinator] updating lastActivityAt to 1492631397864
21:49:57.864 [INFO] [org.gradle.launcher.daemon.server.DomainRegistryUpdater] Marking the daemon as idle, address: [f94c483c-e0d3-45dc-955f-6f72c480ffb0 port:56026, addresses:[/0:0:0:0:0:0:0:1, /127.0.0.1]]
21:49:57.864 [DEBUG] [org.gradle.launcher.daemon.registry.PersistentDaemonRegistry] Marking idle by address: [f94c483c-e0d3-45dc-955f-6f72c480ffb0 port:56026, addresses:[/0:0:0:0:0:0:0:1, /127.0.0.1]]
21:49:57.864 [DEBUG] [org.gradle.cache.internal.DefaultFileLockManager] Waiting to acquire exclusive lock on daemon addresses registry.
21:49:57.865 [DEBUG] [org.gradle.cache.internal.DefaultFileLockManager] Lock acquired.
21:49:57.867 [DEBUG] [org.gradle.cache.internal.DefaultFileLockManager] Releasing lock on daemon addresses registry.
21:49:57.868 [DEBUG] [org.gradle.launcher.daemon.server.DaemonStateCoordinator] daemon is running. Sleeping until state changes.
21:49:57.868 [DEBUG] [org.gradle.launcher.daemon.server.exec.ReturnResult] Daemon is dispatching the build result: Success[value=org.gradle.tooling.internal.provider.BuildActionResult@f84ac88]
21:49:57.868 [DEBUG] [org.gradle.launcher.daemon.server.SynchronizedDispatchConnection] thread 22: dispatching class org.gradle.launcher.daemon.protocol.Success
21:49:57.869 [DEBUG] [org.gradle.launcher.daemon.server.DefaultIncomingConnectionHandler] Finishing executing command: Build{id=e3f3883e-c6ea-4eb2-a366-d5e20943a176.1, currentDir=/Users/apple/Desktop/AwesomeProject/android}
21:49:57.871 [DEBUG] [org.gradle.launcher.daemon.server.SynchronizedDispatchConnection] thread 32: received class org.gradle.launcher.daemon.protocol.Finished
21:49:57.872 [DEBUG] [org.gradle.launcher.daemon.server.DefaultDaemonConnection] thread 32: Received non-IO message from client: org.gradle.launcher.daemon.protocol.Finished@304729d6
21:49:57.872 [DEBUG] [org.gradle.internal.remote.internal.inet.SocketConnection] Discarding EOFException: java.io.EOFException
21:49:57.872 [DEBUG] [org.gradle.launcher.daemon.server.DefaultIncomingConnectionHandler] Received finished message: org.gradle.launcher.daemon.protocol.Finished@304729d6
21:49:57.872 [DEBUG] [org.gradle.launcher.daemon.server.SynchronizedDispatchConnection] thread 32: received null
21:49:57.873 [DEBUG] [org.gradle.launcher.daemon.server.SynchronizedDispatchConnection] thread 22: stopping connection
21:49:57.873 [DEBUG] [org.gradle.launcher.daemon.server.DefaultDaemonConnection] thread 32: Received end-of-input from client.
21:49:57.874 [DEBUG] [org.gradle.launcher.daemon.server.SynchronizedDispatchConnection] thread 22: stopping connection
21:50:01.185 [DEBUG] [org.gradle.launcher.daemon.server.Daemon] DaemonExpirationPeriodicCheck running
21:50:01.186 [DEBUG] [org.gradle.cache.internal.DefaultFileLockManager] Waiting to acquire shared lock on daemon addresses registry.
21:50:01.186 [DEBUG] [org.gradle.cache.internal.DefaultFileLockManager] Lock acquired.
21:50:01.187 [DEBUG] [org.gradle.cache.internal.DefaultFileLockManager] Releasing lock on daemon addresses registry.
21:51:01.186 [DEBUG] [org.gradle.launcher.daemon.server.Daemon] DaemonExpirationPeriodicCheck running
21:51:01.187 [DEBUG] [org.gradle.cache.internal.DefaultFileLockManager] Waiting to acquire shared lock on daemon addresses registry.
21:51:01.187 [DEBUG] [org.gradle.cache.internal.DefaultFileLockManager] Lock acquired.
21:51:01.188 [DEBUG] [org.gradle.cache.internal.DefaultFileLockManager] Releasing lock on daemon addresses registry.
21:52:01.189 [DEBUG] [org.gradle.launcher.daemon.server.Daemon] DaemonExpirationPeriodicCheck running
21:52:01.189 [DEBUG] [org.gradle.cache.internal.DefaultFileLockManager] Waiting to acquire shared lock on daemon addresses registry.
21:52:01.189 [DEBUG] [org.gradle.cache.internal.DefaultFileLockManager] Lock acquired.
21:52:01.191 [DEBUG] [org.gradle.cache.internal.DefaultFileLockManager] Releasing lock on daemon addresses registry.
21:53:01.192 [DEBUG] [org.gradle.launcher.daemon.server.Daemon] DaemonExpirationPeriodicCheck running
21:53:01.192 [DEBUG] [org.gradle.cache.internal.DefaultFileLockManager] Waiting to acquire shared lock on daemon addresses registry.
21:53:01.193 [DEBUG] [org.gradle.cache.internal.DefaultFileLockManager] Lock acquired.
21:53:01.193 [DEBUG] [org.gradle.cache.internal.DefaultFileLockManager] Releasing lock on daemon addresses registry.
21:54:01.195 [DEBUG] [org.gradle.launcher.daemon.server.Daemon] DaemonExpirationPeriodicCheck running
21:54:01.195 [DEBUG] [org.gradle.cache.internal.DefaultFileLockManager] Waiting to acquire shared lock on daemon addresses registry.
21:54:01.195 [DEBUG] [org.gradle.cache.internal.DefaultFileLockManager] Lock acquired.
21:54:01.196 [DEBUG] [org.gradle.cache.internal.DefaultFileLockManager] Releasing lock on daemon addresses registry.
21:55:01.197 [DEBUG] [org.gradle.launcher.daemon.server.Daemon] DaemonExpirationPeriodicCheck running
21:55:01.198 [DEBUG] [org.gradle.cache.internal.DefaultFileLockManager] Waiting to acquire shared lock on daemon addresses registry.
21:55:01.198 [DEBUG] [org.gradle.cache.internal.DefaultFileLockManager] Lock acquired.
21:55:01.199 [DEBUG] [org.gradle.cache.internal.DefaultFileLockManager] Releasing lock on daemon addresses registry.
21:56:01.200 [DEBUG] [org.gradle.launcher.daemon.server.Daemon] DaemonExpirationPeriodicCheck running
21:56:01.201 [DEBUG] [org.gradle.cache.internal.DefaultFileLockManager] Waiting to acquire shared lock on daemon addresses registry.
21:56:01.201 [DEBUG] [org.gradle.cache.internal.DefaultFileLockManager] Lock acquired.
21:56:01.202 [DEBUG] [org.gradle.cache.internal.DefaultFileLockManager] Releasing lock on daemon addresses registry.
21:57:01.203 [DEBUG] [org.gradle.launcher.daemon.server.Daemon] DaemonExpirationPeriodicCheck running
21:57:01.204 [DEBUG] [org.gradle.cache.internal.DefaultFileLockManager] Waiting to acquire shared lock on daemon addresses registry.
21:57:01.204 [DEBUG] [org.gradle.cache.internal.DefaultFileLockManager] Lock acquired.
21:57:01.205 [DEBUG] [org.gradle.cache.internal.DefaultFileLockManager] Releasing lock on daemon addresses registry.
21:58:01.207 [DEBUG] [org.gradle.launcher.daemon.server.Daemon] DaemonExpirationPeriodicCheck running
21:58:01.208 [DEBUG] [org.gradle.cache.internal.DefaultFileLockManager] Waiting to acquire shared lock on daemon addresses registry.
21:58:01.208 [DEBUG] [org.gradle.cache.internal.DefaultFileLockManager] Lock acquired.
21:58:01.209 [DEBUG] [org.gradle.cache.internal.DefaultFileLockManager] Releasing lock on daemon addresses registry.
21:59:01.209 [DEBUG] [org.gradle.launcher.daemon.server.Daemon] DaemonExpirationPeriodicCheck running
21:59:01.210 [DEBUG] [org.gradle.cache.internal.DefaultFileLockManager] Waiting to acquire shared lock on daemon addresses registry.
21:59:01.210 [DEBUG] [org.gradle.cache.internal.DefaultFileLockManager] Lock acquired.
21:59:01.211 [DEBUG] [org.gradle.cache.internal.DefaultFileLockManager] Releasing lock on daemon addresses registry.
22:00:01.213 [DEBUG] [org.gradle.launcher.daemon.server.Daemon] DaemonExpirationPeriodicCheck running
22:00:01.213 [DEBUG] [org.gradle.cache.internal.DefaultFileLockManager] Waiting to acquire shared lock on daemon addresses registry.
22:00:01.214 [DEBUG] [org.gradle.cache.internal.DefaultFileLockManager] Lock acquired.
22:00:01.214 [DEBUG] [org.gradle.cache.internal.DefaultFileLockManager] Releasing lock on daemon addresses registry.
22:01:01.216 [DEBUG] [org.gradle.launcher.daemon.server.Daemon] DaemonExpirationPeriodicCheck running
22:01:01.216 [DEBUG] [org.gradle.cache.internal.DefaultFileLockManager] Waiting to acquire shared lock on daemon addresses registry.
22:01:01.217 [DEBUG] [org.gradle.cache.internal.DefaultFileLockManager] Lock acquired.
22:01:01.218 [DEBUG] [org.gradle.cache.internal.DefaultFileLockManager] Releasing lock on daemon addresses registry.
22:02:01.219 [DEBUG] [org.gradle.launcher.daemon.server.Daemon] DaemonExpirationPeriodicCheck running
22:02:01.220 [DEBUG] [org.gradle.cache.internal.DefaultFileLockManager] Waiting to acquire shared lock on daemon addresses registry.
22:02:01.220 [DEBUG] [org.gradle.cache.internal.DefaultFileLockManager] Lock acquired.
22:02:01.221 [DEBUG] [org.gradle.cache.internal.DefaultFileLockManager] Releasing lock on daemon addresses registry.
22:03:01.222 [DEBUG] [org.gradle.launcher.daemon.server.Daemon] DaemonExpirationPeriodicCheck running
22:03:01.223 [DEBUG] [org.gradle.cache.internal.DefaultFileLockManager] Waiting to acquire shared lock on daemon addresses registry.
22:03:01.223 [DEBUG] [org.gradle.cache.internal.DefaultFileLockManager] Lock acquired.
22:03:01.224 [DEBUG] [org.gradle.cache.internal.DefaultFileLockManager] Releasing lock on daemon addresses registry.
22:04:01.223 [DEBUG] [org.gradle.launcher.daemon.server.Daemon] DaemonExpirationPeriodicCheck running
22:04:01.223 [DEBUG] [org.gradle.cache.internal.DefaultFileLockManager] Waiting to acquire shared lock on daemon addresses registry.
22:04:01.224 [DEBUG] [org.gradle.cache.internal.DefaultFileLockManager] Lock acquired.
22:04:01.224 [DEBUG] [org.gradle.cache.internal.DefaultFileLockManager] Releasing lock on daemon addresses registry.
22:05:01.224 [DEBUG] [org.gradle.launcher.daemon.server.Daemon] DaemonExpirationPeriodicCheck running
22:05:01.224 [DEBUG] [org.gradle.cache.internal.DefaultFileLockManager] Waiting to acquire shared lock on daemon addresses registry.
22:05:01.224 [DEBUG] [org.gradle.cache.internal.DefaultFileLockManager] Lock acquired.
22:05:01.225 [DEBUG] [org.gradle.cache.internal.DefaultFileLockManager] Releasing lock on daemon addresses registry.
22:06:01.229 [DEBUG] [org.gradle.launcher.daemon.server.Daemon] DaemonExpirationPeriodicCheck running
22:06:01.229 [DEBUG] [org.gradle.cache.internal.DefaultFileLockManager] Waiting to acquire shared lock on daemon addresses registry.
22:06:01.230 [DEBUG] [org.gradle.cache.internal.DefaultFileLockManager] Lock acquired.
22:06:01.231 [DEBUG] [org.gradle.cache.internal.DefaultFileLockManager] Releasing lock on daemon addresses registry.
22:07:01.229 [DEBUG] [org.gradle.launcher.daemon.server.Daemon] DaemonExpirationPeriodicCheck running
22:07:01.230 [DEBUG] [org.gradle.cache.internal.DefaultFileLockManager] Waiting to acquire shared lock on daemon addresses registry.
22:07:01.230 [DEBUG] [org.gradle.cache.internal.DefaultFileLockManager] Lock acquired.
22:07:01.231 [DEBUG] [org.gradle.cache.internal.DefaultFileLockManager] Releasing lock on daemon addresses registry.
22:08:01.231 [DEBUG] [org.gradle.launcher.daemon.server.Daemon] DaemonExpirationPeriodicCheck running
22:08:01.232 [DEBUG] [org.gradle.cache.internal.DefaultFileLockManager] Waiting to acquire shared lock on daemon addresses registry.
22:08:01.232 [DEBUG] [org.gradle.cache.internal.DefaultFileLockManager] Lock acquired.
22:08:01.233 [DEBUG] [org.gradle.cache.internal.DefaultFileLockManager] Releasing lock on daemon addresses registry.
22:09:01.234 [DEBUG] [org.gradle.launcher.daemon.server.Daemon] DaemonExpirationPeriodicCheck running
22:09:01.235 [DEBUG] [org.gradle.cache.internal.DefaultFileLockManager] Waiting to acquire shared lock on daemon addresses registry.
22:09:01.235 [DEBUG] [org.gradle.cache.internal.DefaultFileLockManager] Lock acquired.
22:09:01.236 [DEBUG] [org.gradle.cache.internal.DefaultFileLockManager] Releasing lock on daemon addresses registry.
22:10:01.237 [DEBUG] [org.gradle.launcher.daemon.server.Daemon] DaemonExpirationPeriodicCheck running
22:10:01.238 [DEBUG] [org.gradle.cache.internal.DefaultFileLockManager] Waiting to acquire shared lock on daemon addresses registry.
22:10:01.238 [DEBUG] [org.gradle.cache.internal.DefaultFileLockManager] Lock acquired.
22:10:01.239 [DEBUG] [org.gradle.cache.internal.DefaultFileLockManager] Releasing lock on daemon addresses registry.
22:11:01.240 [DEBUG] [org.gradle.launcher.daemon.server.Daemon] DaemonExpirationPeriodicCheck running
22:11:01.241 [DEBUG] [org.gradle.cache.internal.DefaultFileLockManager] Waiting to acquire shared lock on daemon addresses registry.
22:11:01.241 [DEBUG] [org.gradle.cache.internal.DefaultFileLockManager] Lock acquired.
22:11:01.242 [DEBUG] [org.gradle.cache.internal.DefaultFileLockManager] Releasing lock on daemon addresses registry.
22:12:01.243 [DEBUG] [org.gradle.launcher.daemon.server.Daemon] DaemonExpirationPeriodicCheck running
22:12:01.244 [DEBUG] [org.gradle.cache.internal.DefaultFileLockManager] Waiting to acquire shared lock on daemon addresses registry.
22:12:01.244 [DEBUG] [org.gradle.cache.internal.DefaultFileLockManager] Lock acquired.
22:12:01.245 [DEBUG] [org.gradle.cache.internal.DefaultFileLockManager] Releasing lock on daemon addresses registry.
22:13:01.246 [DEBUG] [org.gradle.launcher.daemon.server.Daemon] DaemonExpirationPeriodicCheck running
22:13:01.246 [DEBUG] [org.gradle.cache.internal.DefaultFileLockManager] Waiting to acquire shared lock on daemon addresses registry.
22:13:01.247 [DEBUG] [org.gradle.cache.internal.DefaultFileLockManager] Lock acquired.
22:13:01.247 [DEBUG] [org.gradle.cache.internal.DefaultFileLockManager] Releasing lock on daemon addresses registry.
22:14:01.255 [DEBUG] [org.gradle.launcher.daemon.server.Daemon] DaemonExpirationPeriodicCheck running
22:14:01.255 [DEBUG] [org.gradle.cache.internal.DefaultFileLockManager] Waiting to acquire shared lock on daemon addresses registry.
22:14:01.255 [DEBUG] [org.gradle.cache.internal.DefaultFileLockManager] Lock acquired.
22:14:01.256 [DEBUG] [org.gradle.cache.internal.DefaultFileLockManager] Releasing lock on daemon addresses registry.
22:15:01.258 [DEBUG] [org.gradle.launcher.daemon.server.Daemon] DaemonExpirationPeriodicCheck running
22:15:01.258 [DEBUG] [org.gradle.cache.internal.DefaultFileLockManager] Waiting to acquire shared lock on daemon addresses registry.
22:15:01.259 [DEBUG] [org.gradle.cache.internal.DefaultFileLockManager] Lock acquired.
22:15:01.259 [DEBUG] [org.gradle.cache.internal.DefaultFileLockManager] Releasing lock on daemon addresses registry.
22:16:01.260 [DEBUG] [org.gradle.launcher.daemon.server.Daemon] DaemonExpirationPeriodicCheck running
22:16:01.261 [DEBUG] [org.gradle.cache.internal.DefaultFileLockManager] Waiting to acquire shared lock on daemon addresses registry.
22:16:01.261 [DEBUG] [org.gradle.cache.internal.DefaultFileLockManager] Lock acquired.
22:16:01.262 [DEBUG] [org.gradle.cache.internal.DefaultFileLockManager] Releasing lock on daemon addresses registry.
22:17:01.261 [DEBUG] [org.gradle.launcher.daemon.server.Daemon] DaemonExpirationPeriodicCheck running
22:17:01.262 [DEBUG] [org.gradle.cache.internal.DefaultFileLockManager] Waiting to acquire shared lock on daemon addresses registry.
22:17:01.262 [DEBUG] [org.gradle.cache.internal.DefaultFileLockManager] Lock acquired.
22:17:01.263 [DEBUG] [org.gradle.cache.internal.DefaultFileLockManager] Releasing lock on daemon addresses registry.
22:18:01.260 [DEBUG] [org.gradle.launcher.daemon.server.Daemon] DaemonExpirationPeriodicCheck running
22:18:01.261 [DEBUG] [org.gradle.cache.internal.DefaultFileLockManager] Waiting to acquire shared lock on daemon addresses registry.
22:18:01.261 [DEBUG] [org.gradle.cache.internal.DefaultFileLockManager] Lock acquired.
22:18:01.262 [DEBUG] [org.gradle.cache.internal.DefaultFileLockManager] Releasing lock on daemon addresses registry.
22:19:01.263 [DEBUG] [org.gradle.launcher.daemon.server.Daemon] DaemonExpirationPeriodicCheck running
22:19:01.264 [DEBUG] [org.gradle.cache.internal.DefaultFileLockManager] Waiting to acquire shared lock on daemon addresses registry.
22:19:01.264 [DEBUG] [org.gradle.cache.internal.DefaultFileLockManager] Lock acquired.
22:19:01.265 [DEBUG] [org.gradle.cache.internal.DefaultFileLockManager] Releasing lock on daemon addresses registry.
22:20:01.268 [DEBUG] [org.gradle.launcher.daemon.server.Daemon] DaemonExpirationPeriodicCheck running
22:20:01.269 [DEBUG] [org.gradle.cache.internal.DefaultFileLockManager] Waiting to acquire shared lock on daemon addresses registry.
22:20:01.269 [DEBUG] [org.gradle.cache.internal.DefaultFileLockManager] Lock acquired.
22:20:01.270 [DEBUG] [org.gradle.cache.internal.DefaultFileLockManager] Releasing lock on daemon addresses registry.
22:21:01.269 [DEBUG] [org.gradle.launcher.daemon.server.Daemon] DaemonExpirationPeriodicCheck running
22:21:01.269 [DEBUG] [org.gradle.cache.internal.DefaultFileLockManager] Waiting to acquire shared lock on daemon addresses registry.
22:21:01.269 [DEBUG] [org.gradle.cache.internal.DefaultFileLockManager] Lock acquired.
22:21:01.270 [DEBUG] [org.gradle.cache.internal.DefaultFileLockManager] Releasing lock on daemon addresses registry.
22:22:01.273 [DEBUG] [org.gradle.launcher.daemon.server.Daemon] DaemonExpirationPeriodicCheck running
22:22:01.274 [DEBUG] [org.gradle.cache.internal.DefaultFileLockManager] Waiting to acquire shared lock on daemon addresses registry.
22:22:01.274 [DEBUG] [org.gradle.cache.internal.DefaultFileLockManager] Lock acquired.
22:22:01.275 [DEBUG] [org.gradle.cache.internal.DefaultFileLockManager] Releasing lock on daemon addresses registry.
22:23:01.276 [DEBUG] [org.gradle.launcher.daemon.server.Daemon] DaemonExpirationPeriodicCheck running
22:23:01.277 [DEBUG] [org.gradle.cache.internal.DefaultFileLockManager] Waiting to acquire shared lock on daemon addresses registry.
22:23:01.277 [DEBUG] [org.gradle.cache.internal.DefaultFileLockManager] Lock acquired.
22:23:01.278 [DEBUG] [org.gradle.cache.internal.DefaultFileLockManager] Releasing lock on daemon addresses registry.
22:24:01.280 [DEBUG] [org.gradle.launcher.daemon.server.Daemon] DaemonExpirationPeriodicCheck running
22:24:01.280 [DEBUG] [org.gradle.cache.internal.DefaultFileLockManager] Waiting to acquire shared lock on daemon addresses registry.
22:24:01.280 [DEBUG] [org.gradle.cache.internal.DefaultFileLockManager] Lock acquired.
22:24:01.281 [DEBUG] [org.gradle.cache.internal.DefaultFileLockManager] Releasing lock on daemon addresses registry.
22:25:01.280 [DEBUG] [org.gradle.launcher.daemon.server.Daemon] DaemonExpirationPeriodicCheck running
22:25:01.280 [DEBUG] [org.gradle.cache.internal.DefaultFileLockManager] Waiting to acquire shared lock on daemon addresses registry.
22:25:01.281 [DEBUG] [org.gradle.cache.internal.DefaultFileLockManager] Lock acquired.
22:25:01.281 [DEBUG] [org.gradle.cache.internal.DefaultFileLockManager] Releasing lock on daemon addresses registry.
22:26:01.283 [DEBUG] [org.gradle.launcher.daemon.server.Daemon] DaemonExpirationPeriodicCheck running
22:26:01.283 [DEBUG] [org.gradle.cache.internal.DefaultFileLockManager] Waiting to acquire shared lock on daemon addresses registry.
22:26:01.284 [DEBUG] [org.gradle.cache.internal.DefaultFileLockManager] Lock acquired.
22:26:01.284 [DEBUG] [org.gradle.cache.internal.DefaultFileLockManager] Releasing lock on daemon addresses registry.
22:27:01.285 [DEBUG] [org.gradle.launcher.daemon.server.Daemon] DaemonExpirationPeriodicCheck running
22:27:01.286 [DEBUG] [org.gradle.cache.internal.DefaultFileLockManager] Waiting to acquire shared lock on daemon addresses registry.
22:27:01.286 [DEBUG] [org.gradle.cache.internal.DefaultFileLockManager] Lock acquired.
22:27:01.287 [DEBUG] [org.gradle.cache.internal.DefaultFileLockManager] Releasing lock on daemon addresses registry.
22:28:01.288 [DEBUG] [org.gradle.launcher.daemon.server.Daemon] DaemonExpirationPeriodicCheck running
22:28:01.289 [DEBUG] [org.gradle.cache.internal.DefaultFileLockManager] Waiting to acquire shared lock on daemon addresses registry.
22:28:01.289 [DEBUG] [org.gradle.cache.internal.DefaultFileLockManager] Lock acquired.
22:28:01.290 [DEBUG] [org.gradle.cache.internal.DefaultFileLockManager] Releasing lock on daemon addresses registry.
22:29:01.291 [DEBUG] [org.gradle.launcher.daemon.server.Daemon] DaemonExpirationPeriodicCheck running
22:29:01.292 [DEBUG] [org.gradle.cache.internal.DefaultFileLockManager] Waiting to acquire shared lock on daemon addresses registry.
22:29:01.292 [DEBUG] [org.gradle.cache.internal.DefaultFileLockManager] Lock acquired.
22:29:01.293 [DEBUG] [org.gradle.cache.internal.DefaultFileLockManager] Releasing lock on daemon addresses registry.
22:30:01.294 [DEBUG] [org.gradle.launcher.daemon.server.Daemon] DaemonExpirationPeriodicCheck running
22:30:01.295 [DEBUG] [org.gradle.cache.internal.DefaultFileLockManager] Waiting to acquire shared lock on daemon addresses registry.
22:30:01.295 [DEBUG] [org.gradle.cache.internal.DefaultFileLockManager] Lock acquired.
22:30:01.296 [DEBUG] [org.gradle.cache.internal.DefaultFileLockManager] Releasing lock on daemon addresses registry.
22:31:01.297 [DEBUG] [org.gradle.launcher.daemon.server.Daemon] DaemonExpirationPeriodicCheck running
22:31:01.298 [DEBUG] [org.gradle.cache.internal.DefaultFileLockManager] Waiting to acquire shared lock on daemon addresses registry.
22:31:01.298 [DEBUG] [org.gradle.cache.internal.DefaultFileLockManager] Lock acquired.
22:31:01.299 [DEBUG] [org.gradle.cache.internal.DefaultFileLockManager] Releasing lock on daemon addresses registry.
22:32:01.300 [DEBUG] [org.gradle.launcher.daemon.server.Daemon] DaemonExpirationPeriodicCheck running
22:32:01.301 [DEBUG] [org.gradle.cache.internal.DefaultFileLockManager] Waiting to acquire shared lock on daemon addresses registry.
22:32:01.301 [DEBUG] [org.gradle.cache.internal.DefaultFileLockManager] Lock acquired.
22:32:01.302 [DEBUG] [org.gradle.cache.internal.DefaultFileLockManager] Releasing lock on daemon addresses registry.
22:33:01.297 [DEBUG] [org.gradle.launcher.daemon.server.Daemon] DaemonExpirationPeriodicCheck running
22:33:01.298 [DEBUG] [org.gradle.cache.internal.DefaultFileLockManager] Waiting to acquire shared lock on daemon addresses registry.
22:33:01.298 [DEBUG] [org.gradle.cache.internal.DefaultFileLockManager] Lock acquired.
22:33:01.299 [DEBUG] [org.gradle.cache.internal.DefaultFileLockManager] Releasing lock on daemon addresses registry.
22:34:01.303 [DEBUG] [org.gradle.launcher.daemon.server.Daemon] DaemonExpirationPeriodicCheck running
22:34:01.304 [DEBUG] [org.gradle.cache.internal.DefaultFileLockManager] Waiting to acquire shared lock on daemon addresses registry.
22:34:01.304 [DEBUG] [org.gradle.cache.internal.DefaultFileLockManager] Lock acquired.
22:34:01.305 [DEBUG] [org.gradle.cache.internal.DefaultFileLockManager] Releasing lock on daemon addresses registry.
22:35:01.304 [DEBUG] [org.gradle.launcher.daemon.server.Daemon] DaemonExpirationPeriodicCheck running
22:35:01.304 [INFO] [org.gradle.launcher.daemon.server.DaemonIdleTimeoutExpirationStrategy] Idle timeout: daemon has been idle for 2703440 milliseconds. Expiring.
22:35:01.306 [INFO] [org.gradle.launcher.daemon.server.Daemon] Daemon expiration criteria met, requesting stop
22:35:01.306 [LIFECYCLE] [org.gradle.launcher.daemon.server.Daemon] Daemon stopping because daemon has been idle for 2703440 milliseconds and Free system memory (2631847936 bytes) is below threshold of 3435973836 bytes
22:35:01.306 [DEBUG] [org.gradle.launcher.daemon.server.DaemonStateCoordinator] Stop as soon as idle requested. The daemon is busy: false
22:35:01.306 [DEBUG] [org.gradle.launcher.daemon.server.DaemonStateCoordinator] Marking daemon stopped due to stop requested and daemon idle. The daemon is running a build: false
22:35:01.306 [DEBUG] [org.gradle.launcher.daemon.server.DaemonStateCoordinator] daemon has stopped.
22:35:01.306 [DEBUG] [org.gradle.launcher.daemon.server.Daemon] stop() called on daemon
22:35:01.307 [INFO] [org.gradle.launcher.daemon.server.Daemon] Stop requested. Daemon is removing its presence from the registry...
22:35:01.307 [DEBUG] [org.gradle.launcher.daemon.server.DomainRegistryUpdater] Removing our presence to clients, eg. removing this address from the registry: [f94c483c-e0d3-45dc-955f-6f72c480ffb0 port:56026, addresses:[/0:0:0:0:0:0:0:1, /127.0.0.1]]
22:35:01.307 [DEBUG] [org.gradle.launcher.daemon.registry.PersistentDaemonRegistry] Removing daemon address: [f94c483c-e0d3-45dc-955f-6f72c480ffb0 port:56026, addresses:[/0:0:0:0:0:0:0:1, /127.0.0.1]]
22:35:01.308 [DEBUG] [org.gradle.cache.internal.DefaultFileLockManager] Waiting to acquire exclusive lock on daemon addresses registry.
22:35:01.308 [DEBUG] [org.gradle.cache.internal.DefaultFileLockManager] Lock acquired.
22:35:01.309 [DEBUG] [org.gradle.cache.internal.DefaultFileLockManager] Releasing lock on daemon addresses registry.
22:35:01.310 [DEBUG] [org.gradle.launcher.daemon.server.DomainRegistryUpdater] Address removed from registry.
Daemon vm is shutting down... The daemon has exited normally or was terminated in response to a user interrupt.
22:35:01.313 [DEBUG] [org.gradle.launcher.daemon.registry.PersistentDaemonRegistry] Removing daemon address: [f94c483c-e0d3-45dc-955f-6f72c480ffb0 port:56026, addresses:[/0:0:0:0:0:0:0:1, /127.0.0.1]]
22:35:01.313 [DEBUG] [org.gradle.cache.internal.DefaultFileLockManager] Waiting to acquire exclusive lock on daemon addresses registry.
22:35:01.313 [DEBUG] [org.gradle.cache.internal.DefaultFileLockManager] Lock acquired.
22:35:01.314 [DEBUG] [org.gradle.cache.internal.DefaultFileLockManager] Releasing lock on daemon addresses registry.
